ARM GAS  C:\Users\Su\AppData\Local\Temp\cccjvEK5.s 			page 1


   1              		.cpu cortex-m7
   2              		.arch armv7e-m
   3              		.fpu fpv5-d16
   4              		.eabi_attribute 28, 1
   5              		.eabi_attribute 20, 1
   6              		.eabi_attribute 21, 1
   7              		.eabi_attribute 23, 3
   8              		.eabi_attribute 24, 1
   9              		.eabi_attribute 25, 1
  10              		.eabi_attribute 26, 1
  11              		.eabi_attribute 30, 6
  12              		.eabi_attribute 34, 1
  13              		.eabi_attribute 18, 4
  14              		.file	"fdcan.c"
  15              		.text
  16              	.Ltext0:
  17              		.cfi_sections	.debug_frame
  18              		.global	txHeader
  19              		.section	.bss.txHeader,"aw",%nobits
  20              		.align	2
  23              	txHeader:
  24 0000 00000000 		.space	36
  24      00000000 
  24      00000000 
  24      00000000 
  24      00000000 
  25              		.global	txData
  26              		.section	.bss.txData,"aw",%nobits
  27              		.align	2
  30              	txData:
  31 0000 00000000 		.space	8
  31      00000000 
  32              		.global	rxHeader
  33              		.section	.bss.rxHeader,"aw",%nobits
  34              		.align	2
  37              	rxHeader:
  38 0000 00000000 		.space	40
  38      00000000 
  38      00000000 
  38      00000000 
  38      00000000 
  39              		.global	rxData
  40              		.section	.bss.rxData,"aw",%nobits
  41              		.align	2
  44              	rxData:
  45 0000 00000000 		.space	8
  45      00000000 
  46              		.global	hfdcan1
  47              		.section	.bss.hfdcan1,"aw",%nobits
  48              		.align	2
  51              	hfdcan1:
  52 0000 00000000 		.space	160
  52      00000000 
  52      00000000 
  52      00000000 
  52      00000000 
  53              		.section	.text.MX_FDCAN1_Init,"ax",%progbits
ARM GAS  C:\Users\Su\AppData\Local\Temp\cccjvEK5.s 			page 2


  54              		.align	1
  55              		.global	MX_FDCAN1_Init
  56              		.syntax unified
  57              		.thumb
  58              		.thumb_func
  60              	MX_FDCAN1_Init:
  61              	.LFB144:
  62              		.file 1 "Core/Src/fdcan.c"
   1:Core/Src/fdcan.c **** /* USER CODE BEGIN Header */
   2:Core/Src/fdcan.c **** /**
   3:Core/Src/fdcan.c ****   ******************************************************************************
   4:Core/Src/fdcan.c ****   * @file    fdcan.c
   5:Core/Src/fdcan.c ****   * @brief   This file provides code for the configuration
   6:Core/Src/fdcan.c ****   *          of the FDCAN instances.
   7:Core/Src/fdcan.c ****   ******************************************************************************
   8:Core/Src/fdcan.c ****   * @attention
   9:Core/Src/fdcan.c ****   *
  10:Core/Src/fdcan.c ****   * Copyright (c) 2025 STMicroelectronics.
  11:Core/Src/fdcan.c ****   * All rights reserved.
  12:Core/Src/fdcan.c ****   *
  13:Core/Src/fdcan.c ****   * This software is licensed under terms that can be found in the LICENSE file
  14:Core/Src/fdcan.c ****   * in the root directory of this software component.
  15:Core/Src/fdcan.c ****   * If no LICENSE file comes with this software, it is provided AS-IS.
  16:Core/Src/fdcan.c ****   *
  17:Core/Src/fdcan.c ****   ******************************************************************************
  18:Core/Src/fdcan.c ****   */
  19:Core/Src/fdcan.c **** /* USER CODE END Header */
  20:Core/Src/fdcan.c **** /* Includes ------------------------------------------------------------------*/
  21:Core/Src/fdcan.c **** #include "fdcan.h"
  22:Core/Src/fdcan.c **** 
  23:Core/Src/fdcan.c **** /* USER CODE BEGIN 0 */
  24:Core/Src/fdcan.c **** FDCAN_TxHeaderTypeDef txHeader;
  25:Core/Src/fdcan.c **** uint8_t txData[8] = {0};
  26:Core/Src/fdcan.c **** FDCAN_RxHeaderTypeDef rxHeader;
  27:Core/Src/fdcan.c **** uint8_t rxData[8] = {0};
  28:Core/Src/fdcan.c **** 
  29:Core/Src/fdcan.c **** /* USER CODE END 0 */
  30:Core/Src/fdcan.c **** 
  31:Core/Src/fdcan.c **** FDCAN_HandleTypeDef hfdcan1;
  32:Core/Src/fdcan.c **** 
  33:Core/Src/fdcan.c **** /* FDCAN1 init function */
  34:Core/Src/fdcan.c **** void MX_FDCAN1_Init(void)
  35:Core/Src/fdcan.c **** {
  63              		.loc 1 35 1
  64              		.cfi_startproc
  65              		@ args = 0, pretend = 0, frame = 0
  66              		@ frame_needed = 1, uses_anonymous_args = 0
  67 0000 80B5     		push	{r7, lr}
  68              	.LCFI0:
  69              		.cfi_def_cfa_offset 8
  70              		.cfi_offset 7, -8
  71              		.cfi_offset 14, -4
  72 0002 00AF     		add	r7, sp, #0
  73              	.LCFI1:
  74              		.cfi_def_cfa_register 7
  36:Core/Src/fdcan.c **** 
  37:Core/Src/fdcan.c ****   /* USER CODE BEGIN FDCAN1_Init 0 */
ARM GAS  C:\Users\Su\AppData\Local\Temp\cccjvEK5.s 			page 3


  38:Core/Src/fdcan.c **** 
  39:Core/Src/fdcan.c ****   /* USER CODE END FDCAN1_Init 0 */
  40:Core/Src/fdcan.c **** 
  41:Core/Src/fdcan.c ****   /* USER CODE BEGIN FDCAN1_Init 1 */
  42:Core/Src/fdcan.c **** 
  43:Core/Src/fdcan.c ****   /* USER CODE END FDCAN1_Init 1 */
  44:Core/Src/fdcan.c ****   hfdcan1.Instance = FDCAN1;
  75              		.loc 1 44 20
  76 0004 2E4B     		ldr	r3, .L4
  77 0006 2F4A     		ldr	r2, .L4+4
  78 0008 1A60     		str	r2, [r3]
  45:Core/Src/fdcan.c ****   hfdcan1.Init.FrameFormat = FDCAN_FRAME_CLASSIC;
  79              		.loc 1 45 28
  80 000a 2D4B     		ldr	r3, .L4
  81 000c 0022     		movs	r2, #0
  82 000e 9A60     		str	r2, [r3, #8]
  46:Core/Src/fdcan.c ****   hfdcan1.Init.Mode = FDCAN_MODE_NORMAL;
  83              		.loc 1 46 21
  84 0010 2B4B     		ldr	r3, .L4
  85 0012 0022     		movs	r2, #0
  86 0014 DA60     		str	r2, [r3, #12]
  47:Core/Src/fdcan.c ****   hfdcan1.Init.AutoRetransmission = ENABLE;
  87              		.loc 1 47 35
  88 0016 2A4B     		ldr	r3, .L4
  89 0018 0122     		movs	r2, #1
  90 001a 1A74     		strb	r2, [r3, #16]
  48:Core/Src/fdcan.c ****   hfdcan1.Init.TransmitPause = DISABLE;
  91              		.loc 1 48 30
  92 001c 284B     		ldr	r3, .L4
  93 001e 0022     		movs	r2, #0
  94 0020 5A74     		strb	r2, [r3, #17]
  49:Core/Src/fdcan.c ****   hfdcan1.Init.ProtocolException = DISABLE;
  95              		.loc 1 49 34
  96 0022 274B     		ldr	r3, .L4
  97 0024 0022     		movs	r2, #0
  98 0026 9A74     		strb	r2, [r3, #18]
  50:Core/Src/fdcan.c ****   hfdcan1.Init.NominalPrescaler = 10;
  99              		.loc 1 50 33
 100 0028 254B     		ldr	r3, .L4
 101 002a 0A22     		movs	r2, #10
 102 002c 5A61     		str	r2, [r3, #20]
  51:Core/Src/fdcan.c ****   hfdcan1.Init.NominalSyncJumpWidth = 1;
 103              		.loc 1 51 37
 104 002e 244B     		ldr	r3, .L4
 105 0030 0122     		movs	r2, #1
 106 0032 9A61     		str	r2, [r3, #24]
  52:Core/Src/fdcan.c ****   hfdcan1.Init.NominalTimeSeg1 = 4;
 107              		.loc 1 52 32
 108 0034 224B     		ldr	r3, .L4
 109 0036 0422     		movs	r2, #4
 110 0038 DA61     		str	r2, [r3, #28]
  53:Core/Src/fdcan.c ****   hfdcan1.Init.NominalTimeSeg2 = 7;
 111              		.loc 1 53 32
 112 003a 214B     		ldr	r3, .L4
 113 003c 0722     		movs	r2, #7
 114 003e 1A62     		str	r2, [r3, #32]
  54:Core/Src/fdcan.c ****   hfdcan1.Init.DataPrescaler = 1;
ARM GAS  C:\Users\Su\AppData\Local\Temp\cccjvEK5.s 			page 4


 115              		.loc 1 54 30
 116 0040 1F4B     		ldr	r3, .L4
 117 0042 0122     		movs	r2, #1
 118 0044 5A62     		str	r2, [r3, #36]
  55:Core/Src/fdcan.c ****   hfdcan1.Init.DataSyncJumpWidth = 1;
 119              		.loc 1 55 34
 120 0046 1E4B     		ldr	r3, .L4
 121 0048 0122     		movs	r2, #1
 122 004a 9A62     		str	r2, [r3, #40]
  56:Core/Src/fdcan.c ****   hfdcan1.Init.DataTimeSeg1 = 1;
 123              		.loc 1 56 29
 124 004c 1C4B     		ldr	r3, .L4
 125 004e 0122     		movs	r2, #1
 126 0050 DA62     		str	r2, [r3, #44]
  57:Core/Src/fdcan.c ****   hfdcan1.Init.DataTimeSeg2 = 1;
 127              		.loc 1 57 29
 128 0052 1B4B     		ldr	r3, .L4
 129 0054 0122     		movs	r2, #1
 130 0056 1A63     		str	r2, [r3, #48]
  58:Core/Src/fdcan.c ****   hfdcan1.Init.MessageRAMOffset = 0;
 131              		.loc 1 58 33
 132 0058 194B     		ldr	r3, .L4
 133 005a 0022     		movs	r2, #0
 134 005c 5A63     		str	r2, [r3, #52]
  59:Core/Src/fdcan.c ****   hfdcan1.Init.StdFiltersNbr = 1;
 135              		.loc 1 59 30
 136 005e 184B     		ldr	r3, .L4
 137 0060 0122     		movs	r2, #1
 138 0062 9A63     		str	r2, [r3, #56]
  60:Core/Src/fdcan.c ****   hfdcan1.Init.ExtFiltersNbr = 1;
 139              		.loc 1 60 30
 140 0064 164B     		ldr	r3, .L4
 141 0066 0122     		movs	r2, #1
 142 0068 DA63     		str	r2, [r3, #60]
  61:Core/Src/fdcan.c ****   hfdcan1.Init.RxFifo0ElmtsNbr = 32;
 143              		.loc 1 61 32
 144 006a 154B     		ldr	r3, .L4
 145 006c 2022     		movs	r2, #32
 146 006e 1A64     		str	r2, [r3, #64]
  62:Core/Src/fdcan.c ****   hfdcan1.Init.RxFifo0ElmtSize = FDCAN_DATA_BYTES_8;
 147              		.loc 1 62 32
 148 0070 134B     		ldr	r3, .L4
 149 0072 0422     		movs	r2, #4
 150 0074 5A64     		str	r2, [r3, #68]
  63:Core/Src/fdcan.c ****   hfdcan1.Init.RxFifo1ElmtsNbr = 32;
 151              		.loc 1 63 32
 152 0076 124B     		ldr	r3, .L4
 153 0078 2022     		movs	r2, #32
 154 007a 9A64     		str	r2, [r3, #72]
  64:Core/Src/fdcan.c ****   hfdcan1.Init.RxFifo1ElmtSize = FDCAN_DATA_BYTES_8;
 155              		.loc 1 64 32
 156 007c 104B     		ldr	r3, .L4
 157 007e 0422     		movs	r2, #4
 158 0080 DA64     		str	r2, [r3, #76]
  65:Core/Src/fdcan.c ****   hfdcan1.Init.RxBuffersNbr = 0;
 159              		.loc 1 65 29
 160 0082 0F4B     		ldr	r3, .L4
ARM GAS  C:\Users\Su\AppData\Local\Temp\cccjvEK5.s 			page 5


 161 0084 0022     		movs	r2, #0
 162 0086 1A65     		str	r2, [r3, #80]
  66:Core/Src/fdcan.c ****   hfdcan1.Init.RxBufferSize = FDCAN_DATA_BYTES_8;
 163              		.loc 1 66 29
 164 0088 0D4B     		ldr	r3, .L4
 165 008a 0422     		movs	r2, #4
 166 008c 5A65     		str	r2, [r3, #84]
  67:Core/Src/fdcan.c ****   hfdcan1.Init.TxEventsNbr = 0;
 167              		.loc 1 67 28
 168 008e 0C4B     		ldr	r3, .L4
 169 0090 0022     		movs	r2, #0
 170 0092 9A65     		str	r2, [r3, #88]
  68:Core/Src/fdcan.c ****   hfdcan1.Init.TxBuffersNbr = 0;
 171              		.loc 1 68 29
 172 0094 0A4B     		ldr	r3, .L4
 173 0096 0022     		movs	r2, #0
 174 0098 DA65     		str	r2, [r3, #92]
  69:Core/Src/fdcan.c ****   hfdcan1.Init.TxFifoQueueElmtsNbr = 32;
 175              		.loc 1 69 36
 176 009a 094B     		ldr	r3, .L4
 177 009c 2022     		movs	r2, #32
 178 009e 1A66     		str	r2, [r3, #96]
  70:Core/Src/fdcan.c ****   hfdcan1.Init.TxFifoQueueMode = FDCAN_TX_FIFO_OPERATION;
 179              		.loc 1 70 32
 180 00a0 074B     		ldr	r3, .L4
 181 00a2 0022     		movs	r2, #0
 182 00a4 5A66     		str	r2, [r3, #100]
  71:Core/Src/fdcan.c ****   hfdcan1.Init.TxElmtSize = FDCAN_DATA_BYTES_8;
 183              		.loc 1 71 27
 184 00a6 064B     		ldr	r3, .L4
 185 00a8 0422     		movs	r2, #4
 186 00aa 9A66     		str	r2, [r3, #104]
  72:Core/Src/fdcan.c ****   if (HAL_FDCAN_Init(&hfdcan1) != HAL_OK)
 187              		.loc 1 72 7
 188 00ac 0448     		ldr	r0, .L4
 189 00ae FFF7FEFF 		bl	HAL_FDCAN_Init
 190 00b2 0346     		mov	r3, r0
 191              		.loc 1 72 6
 192 00b4 002B     		cmp	r3, #0
 193 00b6 01D0     		beq	.L3
  73:Core/Src/fdcan.c ****   {
  74:Core/Src/fdcan.c ****     Error_Handler();
 194              		.loc 1 74 5
 195 00b8 FFF7FEFF 		bl	Error_Handler
 196              	.L3:
  75:Core/Src/fdcan.c ****   }
  76:Core/Src/fdcan.c ****   /* USER CODE BEGIN FDCAN1_Init 2 */
  77:Core/Src/fdcan.c **** 
  78:Core/Src/fdcan.c ****   /* USER CODE END FDCAN1_Init 2 */
  79:Core/Src/fdcan.c **** 
  80:Core/Src/fdcan.c **** }
 197              		.loc 1 80 1
 198 00bc 00BF     		nop
 199 00be 80BD     		pop	{r7, pc}
 200              	.L5:
 201              		.align	2
 202              	.L4:
ARM GAS  C:\Users\Su\AppData\Local\Temp\cccjvEK5.s 			page 6


 203 00c0 00000000 		.word	hfdcan1
 204 00c4 00A00040 		.word	1073782784
 205              		.cfi_endproc
 206              	.LFE144:
 208              		.section	.text.HAL_FDCAN_MspInit,"ax",%progbits
 209              		.align	1
 210              		.global	HAL_FDCAN_MspInit
 211              		.syntax unified
 212              		.thumb
 213              		.thumb_func
 215              	HAL_FDCAN_MspInit:
 216              	.LFB145:
  81:Core/Src/fdcan.c **** 
  82:Core/Src/fdcan.c **** void HAL_FDCAN_MspInit(FDCAN_HandleTypeDef* fdcanHandle)
  83:Core/Src/fdcan.c **** {
 217              		.loc 1 83 1
 218              		.cfi_startproc
 219              		@ args = 0, pretend = 0, frame = 216
 220              		@ frame_needed = 1, uses_anonymous_args = 0
 221 0000 80B5     		push	{r7, lr}
 222              	.LCFI2:
 223              		.cfi_def_cfa_offset 8
 224              		.cfi_offset 7, -8
 225              		.cfi_offset 14, -4
 226 0002 B6B0     		sub	sp, sp, #216
 227              	.LCFI3:
 228              		.cfi_def_cfa_offset 224
 229 0004 00AF     		add	r7, sp, #0
 230              	.LCFI4:
 231              		.cfi_def_cfa_register 7
 232 0006 7860     		str	r0, [r7, #4]
  84:Core/Src/fdcan.c **** 
  85:Core/Src/fdcan.c ****   GPIO_InitTypeDef GPIO_InitStruct = {0};
 233              		.loc 1 85 20
 234 0008 07F1C403 		add	r3, r7, #196
 235 000c 0022     		movs	r2, #0
 236 000e 1A60     		str	r2, [r3]
 237 0010 5A60     		str	r2, [r3, #4]
 238 0012 9A60     		str	r2, [r3, #8]
 239 0014 DA60     		str	r2, [r3, #12]
 240 0016 1A61     		str	r2, [r3, #16]
  86:Core/Src/fdcan.c ****   RCC_PeriphCLKInitTypeDef PeriphClkInitStruct = {0};
 241              		.loc 1 86 28
 242 0018 07F11003 		add	r3, r7, #16
 243 001c B422     		movs	r2, #180
 244 001e 0021     		movs	r1, #0
 245 0020 1846     		mov	r0, r3
 246 0022 FFF7FEFF 		bl	memset
  87:Core/Src/fdcan.c ****   if(fdcanHandle->Instance==FDCAN1)
 247              		.loc 1 87 17
 248 0026 7B68     		ldr	r3, [r7, #4]
 249 0028 1B68     		ldr	r3, [r3]
 250              		.loc 1 87 5
 251 002a 2D4A     		ldr	r2, .L10
 252 002c 9342     		cmp	r3, r2
 253 002e 52D1     		bne	.L9
  88:Core/Src/fdcan.c ****   {
ARM GAS  C:\Users\Su\AppData\Local\Temp\cccjvEK5.s 			page 7


  89:Core/Src/fdcan.c ****   /* USER CODE BEGIN FDCAN1_MspInit 0 */
  90:Core/Src/fdcan.c **** 
  91:Core/Src/fdcan.c ****   /* USER CODE END FDCAN1_MspInit 0 */
  92:Core/Src/fdcan.c **** 
  93:Core/Src/fdcan.c ****   /** Initializes the peripherals clock
  94:Core/Src/fdcan.c ****   */
  95:Core/Src/fdcan.c ****     PeriphClkInitStruct.PeriphClockSelection = RCC_PERIPHCLK_FDCAN;
 254              		.loc 1 95 46
 255 0030 4FF40043 		mov	r3, #32768
 256 0034 3B61     		str	r3, [r7, #16]
  96:Core/Src/fdcan.c ****     PeriphClkInitStruct.FdcanClockSelection = RCC_FDCANCLKSOURCE_PLL;
 257              		.loc 1 96 45
 258 0036 4FF08053 		mov	r3, #268435456
 259 003a BB67     		str	r3, [r7, #120]
  97:Core/Src/fdcan.c ****     if (HAL_RCCEx_PeriphCLKConfig(&PeriphClkInitStruct) != HAL_OK)
 260              		.loc 1 97 9
 261 003c 07F11003 		add	r3, r7, #16
 262 0040 1846     		mov	r0, r3
 263 0042 FFF7FEFF 		bl	HAL_RCCEx_PeriphCLKConfig
 264 0046 0346     		mov	r3, r0
 265              		.loc 1 97 8
 266 0048 002B     		cmp	r3, #0
 267 004a 01D0     		beq	.L8
  98:Core/Src/fdcan.c ****     {
  99:Core/Src/fdcan.c ****       Error_Handler();
 268              		.loc 1 99 7
 269 004c FFF7FEFF 		bl	Error_Handler
 270              	.L8:
 271              	.LBB2:
 100:Core/Src/fdcan.c ****     }
 101:Core/Src/fdcan.c **** 
 102:Core/Src/fdcan.c ****     /* FDCAN1 clock enable */
 103:Core/Src/fdcan.c ****     __HAL_RCC_FDCAN_CLK_ENABLE();
 272              		.loc 1 103 5
 273 0050 244B     		ldr	r3, .L10+4
 274 0052 D3F8EC30 		ldr	r3, [r3, #236]
 275 0056 234A     		ldr	r2, .L10+4
 276 0058 43F48073 		orr	r3, r3, #256
 277 005c C2F8EC30 		str	r3, [r2, #236]
 278 0060 204B     		ldr	r3, .L10+4
 279 0062 D3F8EC30 		ldr	r3, [r3, #236]
 280 0066 03F48073 		and	r3, r3, #256
 281 006a FB60     		str	r3, [r7, #12]
 282 006c FB68     		ldr	r3, [r7, #12]
 283              	.LBE2:
 284              	.LBB3:
 104:Core/Src/fdcan.c **** 
 105:Core/Src/fdcan.c ****     __HAL_RCC_GPIOD_CLK_ENABLE();
 285              		.loc 1 105 5
 286 006e 1D4B     		ldr	r3, .L10+4
 287 0070 D3F8E030 		ldr	r3, [r3, #224]
 288 0074 1B4A     		ldr	r2, .L10+4
 289 0076 43F00803 		orr	r3, r3, #8
 290 007a C2F8E030 		str	r3, [r2, #224]
 291 007e 194B     		ldr	r3, .L10+4
 292 0080 D3F8E030 		ldr	r3, [r3, #224]
 293 0084 03F00803 		and	r3, r3, #8
ARM GAS  C:\Users\Su\AppData\Local\Temp\cccjvEK5.s 			page 8


 294 0088 BB60     		str	r3, [r7, #8]
 295 008a BB68     		ldr	r3, [r7, #8]
 296              	.LBE3:
 106:Core/Src/fdcan.c ****     /**FDCAN1 GPIO Configuration
 107:Core/Src/fdcan.c ****     PD0     ------> FDCAN1_RX
 108:Core/Src/fdcan.c ****     PD1     ------> FDCAN1_TX
 109:Core/Src/fdcan.c ****     */
 110:Core/Src/fdcan.c ****     GPIO_InitStruct.Pin = GPIO_PIN_0|GPIO_PIN_1;
 297              		.loc 1 110 25
 298 008c 0323     		movs	r3, #3
 299 008e C7F8C430 		str	r3, [r7, #196]
 111:Core/Src/fdcan.c ****     GPIO_InitStruct.Mode = GPIO_MODE_AF_PP;
 300              		.loc 1 111 26
 301 0092 0223     		movs	r3, #2
 302 0094 C7F8C830 		str	r3, [r7, #200]
 112:Core/Src/fdcan.c ****     GPIO_InitStruct.Pull = GPIO_NOPULL;
 303              		.loc 1 112 26
 304 0098 0023     		movs	r3, #0
 305 009a C7F8CC30 		str	r3, [r7, #204]
 113:Core/Src/fdcan.c ****     GPIO_InitStruct.Speed = GPIO_SPEED_FREQ_LOW;
 306              		.loc 1 113 27
 307 009e 0023     		movs	r3, #0
 308 00a0 C7F8D030 		str	r3, [r7, #208]
 114:Core/Src/fdcan.c ****     GPIO_InitStruct.Alternate = GPIO_AF9_FDCAN1;
 309              		.loc 1 114 31
 310 00a4 0923     		movs	r3, #9
 311 00a6 C7F8D430 		str	r3, [r7, #212]
 115:Core/Src/fdcan.c ****     HAL_GPIO_Init(GPIOD, &GPIO_InitStruct);
 312              		.loc 1 115 5
 313 00aa 07F1C403 		add	r3, r7, #196
 314 00ae 1946     		mov	r1, r3
 315 00b0 0D48     		ldr	r0, .L10+8
 316 00b2 FFF7FEFF 		bl	HAL_GPIO_Init
 116:Core/Src/fdcan.c **** 
 117:Core/Src/fdcan.c ****     /* FDCAN1 interrupt Init */
 118:Core/Src/fdcan.c ****     HAL_NVIC_SetPriority(FDCAN1_IT0_IRQn, 0, 0);
 317              		.loc 1 118 5
 318 00b6 0022     		movs	r2, #0
 319 00b8 0021     		movs	r1, #0
 320 00ba 1320     		movs	r0, #19
 321 00bc FFF7FEFF 		bl	HAL_NVIC_SetPriority
 119:Core/Src/fdcan.c ****     HAL_NVIC_EnableIRQ(FDCAN1_IT0_IRQn);
 322              		.loc 1 119 5
 323 00c0 1320     		movs	r0, #19
 324 00c2 FFF7FEFF 		bl	HAL_NVIC_EnableIRQ
 120:Core/Src/fdcan.c ****     HAL_NVIC_SetPriority(FDCAN1_IT1_IRQn, 0, 0);
 325              		.loc 1 120 5
 326 00c6 0022     		movs	r2, #0
 327 00c8 0021     		movs	r1, #0
 328 00ca 1520     		movs	r0, #21
 329 00cc FFF7FEFF 		bl	HAL_NVIC_SetPriority
 121:Core/Src/fdcan.c ****     HAL_NVIC_EnableIRQ(FDCAN1_IT1_IRQn);
 330              		.loc 1 121 5
 331 00d0 1520     		movs	r0, #21
 332 00d2 FFF7FEFF 		bl	HAL_NVIC_EnableIRQ
 333              	.L9:
 122:Core/Src/fdcan.c ****   /* USER CODE BEGIN FDCAN1_MspInit 1 */
ARM GAS  C:\Users\Su\AppData\Local\Temp\cccjvEK5.s 			page 9


 123:Core/Src/fdcan.c **** 
 124:Core/Src/fdcan.c ****   /* USER CODE END FDCAN1_MspInit 1 */
 125:Core/Src/fdcan.c ****   }
 126:Core/Src/fdcan.c **** }
 334              		.loc 1 126 1
 335 00d6 00BF     		nop
 336 00d8 D837     		adds	r7, r7, #216
 337              	.LCFI5:
 338              		.cfi_def_cfa_offset 8
 339 00da BD46     		mov	sp, r7
 340              	.LCFI6:
 341              		.cfi_def_cfa_register 13
 342              		@ sp needed
 343 00dc 80BD     		pop	{r7, pc}
 344              	.L11:
 345 00de 00BF     		.align	2
 346              	.L10:
 347 00e0 00A00040 		.word	1073782784
 348 00e4 00440258 		.word	1476543488
 349 00e8 000C0258 		.word	1476529152
 350              		.cfi_endproc
 351              	.LFE145:
 353              		.section	.text.HAL_FDCAN_MspDeInit,"ax",%progbits
 354              		.align	1
 355              		.global	HAL_FDCAN_MspDeInit
 356              		.syntax unified
 357              		.thumb
 358              		.thumb_func
 360              	HAL_FDCAN_MspDeInit:
 361              	.LFB146:
 127:Core/Src/fdcan.c **** 
 128:Core/Src/fdcan.c **** void HAL_FDCAN_MspDeInit(FDCAN_HandleTypeDef* fdcanHandle)
 129:Core/Src/fdcan.c **** {
 362              		.loc 1 129 1
 363              		.cfi_startproc
 364              		@ args = 0, pretend = 0, frame = 8
 365              		@ frame_needed = 1, uses_anonymous_args = 0
 366 0000 80B5     		push	{r7, lr}
 367              	.LCFI7:
 368              		.cfi_def_cfa_offset 8
 369              		.cfi_offset 7, -8
 370              		.cfi_offset 14, -4
 371 0002 82B0     		sub	sp, sp, #8
 372              	.LCFI8:
 373              		.cfi_def_cfa_offset 16
 374 0004 00AF     		add	r7, sp, #0
 375              	.LCFI9:
 376              		.cfi_def_cfa_register 7
 377 0006 7860     		str	r0, [r7, #4]
 130:Core/Src/fdcan.c **** 
 131:Core/Src/fdcan.c ****   if(fdcanHandle->Instance==FDCAN1)
 378              		.loc 1 131 17
 379 0008 7B68     		ldr	r3, [r7, #4]
 380 000a 1B68     		ldr	r3, [r3]
 381              		.loc 1 131 5
 382 000c 0C4A     		ldr	r2, .L15
 383 000e 9342     		cmp	r3, r2
ARM GAS  C:\Users\Su\AppData\Local\Temp\cccjvEK5.s 			page 10


 384 0010 11D1     		bne	.L14
 132:Core/Src/fdcan.c ****   {
 133:Core/Src/fdcan.c ****   /* USER CODE BEGIN FDCAN1_MspDeInit 0 */
 134:Core/Src/fdcan.c **** 
 135:Core/Src/fdcan.c ****   /* USER CODE END FDCAN1_MspDeInit 0 */
 136:Core/Src/fdcan.c ****     /* Peripheral clock disable */
 137:Core/Src/fdcan.c ****     __HAL_RCC_FDCAN_CLK_DISABLE();
 385              		.loc 1 137 5
 386 0012 0C4B     		ldr	r3, .L15+4
 387 0014 D3F8EC30 		ldr	r3, [r3, #236]
 388 0018 0A4A     		ldr	r2, .L15+4
 389 001a 23F48073 		bic	r3, r3, #256
 390 001e C2F8EC30 		str	r3, [r2, #236]
 138:Core/Src/fdcan.c **** 
 139:Core/Src/fdcan.c ****     /**FDCAN1 GPIO Configuration
 140:Core/Src/fdcan.c ****     PD0     ------> FDCAN1_RX
 141:Core/Src/fdcan.c ****     PD1     ------> FDCAN1_TX
 142:Core/Src/fdcan.c ****     */
 143:Core/Src/fdcan.c ****     HAL_GPIO_DeInit(GPIOD, GPIO_PIN_0|GPIO_PIN_1);
 391              		.loc 1 143 5
 392 0022 0321     		movs	r1, #3
 393 0024 0848     		ldr	r0, .L15+8
 394 0026 FFF7FEFF 		bl	HAL_GPIO_DeInit
 144:Core/Src/fdcan.c **** 
 145:Core/Src/fdcan.c ****     /* FDCAN1 interrupt Deinit */
 146:Core/Src/fdcan.c ****     HAL_NVIC_DisableIRQ(FDCAN1_IT0_IRQn);
 395              		.loc 1 146 5
 396 002a 1320     		movs	r0, #19
 397 002c FFF7FEFF 		bl	HAL_NVIC_DisableIRQ
 147:Core/Src/fdcan.c ****     HAL_NVIC_DisableIRQ(FDCAN1_IT1_IRQn);
 398              		.loc 1 147 5
 399 0030 1520     		movs	r0, #21
 400 0032 FFF7FEFF 		bl	HAL_NVIC_DisableIRQ
 401              	.L14:
 148:Core/Src/fdcan.c ****   /* USER CODE BEGIN FDCAN1_MspDeInit 1 */
 149:Core/Src/fdcan.c **** 
 150:Core/Src/fdcan.c ****   /* USER CODE END FDCAN1_MspDeInit 1 */
 151:Core/Src/fdcan.c ****   }
 152:Core/Src/fdcan.c **** }
 402              		.loc 1 152 1
 403 0036 00BF     		nop
 404 0038 0837     		adds	r7, r7, #8
 405              	.LCFI10:
 406              		.cfi_def_cfa_offset 8
 407 003a BD46     		mov	sp, r7
 408              	.LCFI11:
 409              		.cfi_def_cfa_register 13
 410              		@ sp needed
 411 003c 80BD     		pop	{r7, pc}
 412              	.L16:
 413 003e 00BF     		.align	2
 414              	.L15:
 415 0040 00A00040 		.word	1073782784
 416 0044 00440258 		.word	1476543488
 417 0048 000C0258 		.word	1476529152
 418              		.cfi_endproc
 419              	.LFE146:
ARM GAS  C:\Users\Su\AppData\Local\Temp\cccjvEK5.s 			page 11


 421              		.text
 422              	.Letext0:
 423              		.file 2 "e:\\user\\bigai\\gcc_arm_none_eabi\\arm-none-eabi\\include\\machine\\_default_types.h"
 424              		.file 3 "e:\\user\\bigai\\gcc_arm_none_eabi\\arm-none-eabi\\include\\sys\\_stdint.h"
 425              		.file 4 "Drivers/CMSIS/Device/ST/STM32H7xx/Include/stm32h723xx.h"
 426              		.file 5 "Drivers/CMSIS/Device/ST/STM32H7xx/Include/stm32h7xx.h"
 427              		.file 6 "Drivers/STM32H7xx_HAL_Driver/Inc/stm32h7xx_hal_def.h"
 428              		.file 7 "Drivers/STM32H7xx_HAL_Driver/Inc/stm32h7xx_hal_rcc_ex.h"
 429              		.file 8 "Drivers/STM32H7xx_HAL_Driver/Inc/stm32h7xx_hal_gpio.h"
 430              		.file 9 "Drivers/STM32H7xx_HAL_Driver/Inc/stm32h7xx_hal_fdcan.h"
 431              		.file 10 "Core/Inc/fdcan.h"
ARM GAS  C:\Users\Su\AppData\Local\Temp\cccjvEK5.s 			page 12


DEFINED SYMBOLS
                            *ABS*:00000000 fdcan.c
C:\Users\Su\AppData\Local\Temp\cccjvEK5.s:23     .bss.txHeader:00000000 txHeader
C:\Users\Su\AppData\Local\Temp\cccjvEK5.s:20     .bss.txHeader:00000000 $d
C:\Users\Su\AppData\Local\Temp\cccjvEK5.s:30     .bss.txData:00000000 txData
C:\Users\Su\AppData\Local\Temp\cccjvEK5.s:27     .bss.txData:00000000 $d
C:\Users\Su\AppData\Local\Temp\cccjvEK5.s:37     .bss.rxHeader:00000000 rxHeader
C:\Users\Su\AppData\Local\Temp\cccjvEK5.s:34     .bss.rxHeader:00000000 $d
C:\Users\Su\AppData\Local\Temp\cccjvEK5.s:44     .bss.rxData:00000000 rxData
C:\Users\Su\AppData\Local\Temp\cccjvEK5.s:41     .bss.rxData:00000000 $d
C:\Users\Su\AppData\Local\Temp\cccjvEK5.s:51     .bss.hfdcan1:00000000 hfdcan1
C:\Users\Su\AppData\Local\Temp\cccjvEK5.s:48     .bss.hfdcan1:00000000 $d
C:\Users\Su\AppData\Local\Temp\cccjvEK5.s:54     .text.MX_FDCAN1_Init:00000000 $t
C:\Users\Su\AppData\Local\Temp\cccjvEK5.s:60     .text.MX_FDCAN1_Init:00000000 MX_FDCAN1_Init
C:\Users\Su\AppData\Local\Temp\cccjvEK5.s:203    .text.MX_FDCAN1_Init:000000c0 $d
C:\Users\Su\AppData\Local\Temp\cccjvEK5.s:209    .text.HAL_FDCAN_MspInit:00000000 $t
C:\Users\Su\AppData\Local\Temp\cccjvEK5.s:215    .text.HAL_FDCAN_MspInit:00000000 HAL_FDCAN_MspInit
C:\Users\Su\AppData\Local\Temp\cccjvEK5.s:347    .text.HAL_FDCAN_MspInit:000000e0 $d
C:\Users\Su\AppData\Local\Temp\cccjvEK5.s:354    .text.HAL_FDCAN_MspDeInit:00000000 $t
C:\Users\Su\AppData\Local\Temp\cccjvEK5.s:360    .text.HAL_FDCAN_MspDeInit:00000000 HAL_FDCAN_MspDeInit
C:\Users\Su\AppData\Local\Temp\cccjvEK5.s:415    .text.HAL_FDCAN_MspDeInit:00000040 $d

UNDEFINED SYMBOLS
HAL_FDCAN_Init
Error_Handler
memset
HAL_RCCEx_PeriphCLKConfig
HAL_GPIO_Init
HAL_NVIC_SetPriority
HAL_NVIC_EnableIRQ
HAL_GPIO_DeInit
HAL_NVIC_DisableIRQ
