ARM GAS  C:\Users\Su\AppData\Local\Temp\ccyhSQpx.s 			page 1


   1              		.cpu cortex-m7
   2              		.arch armv7e-m
   3              		.fpu fpv5-d16
   4              		.eabi_attribute 28, 1
   5              		.eabi_attribute 20, 1
   6              		.eabi_attribute 21, 1
   7              		.eabi_attribute 23, 3
   8              		.eabi_attribute 24, 1
   9              		.eabi_attribute 25, 1
  10              		.eabi_attribute 26, 1
  11              		.eabi_attribute 30, 6
  12              		.eabi_attribute 34, 1
  13              		.eabi_attribute 18, 4
  14              		.file	"gpio.c"
  15              		.text
  16              	.Ltext0:
  17              		.cfi_sections	.debug_frame
  18              		.section	.text.MX_GPIO_Init,"ax",%progbits
  19              		.align	1
  20              		.global	MX_GPIO_Init
  21              		.syntax unified
  22              		.thumb
  23              		.thumb_func
  25              	MX_GPIO_Init:
  26              	.LFB144:
  27              		.file 1 "Core/Src/gpio.c"
   1:Core/Src/gpio.c **** /* USER CODE BEGIN Header */
   2:Core/Src/gpio.c **** /**
   3:Core/Src/gpio.c ****   ******************************************************************************
   4:Core/Src/gpio.c ****   * @file    gpio.c
   5:Core/Src/gpio.c ****   * @brief   This file provides code for the configuration
   6:Core/Src/gpio.c ****   *          of all used GPIO pins.
   7:Core/Src/gpio.c ****   ******************************************************************************
   8:Core/Src/gpio.c ****   * @attention
   9:Core/Src/gpio.c ****   *
  10:Core/Src/gpio.c ****   * Copyright (c) 2025 STMicroelectronics.
  11:Core/Src/gpio.c ****   * All rights reserved.
  12:Core/Src/gpio.c ****   *
  13:Core/Src/gpio.c ****   * This software is licensed under terms that can be found in the LICENSE file
  14:Core/Src/gpio.c ****   * in the root directory of this software component.
  15:Core/Src/gpio.c ****   * If no LICENSE file comes with this software, it is provided AS-IS.
  16:Core/Src/gpio.c ****   *
  17:Core/Src/gpio.c ****   ******************************************************************************
  18:Core/Src/gpio.c ****   */
  19:Core/Src/gpio.c **** /* USER CODE END Header */
  20:Core/Src/gpio.c **** 
  21:Core/Src/gpio.c **** /* Includes ------------------------------------------------------------------*/
  22:Core/Src/gpio.c **** #include "gpio.h"
  23:Core/Src/gpio.c **** 
  24:Core/Src/gpio.c **** /* USER CODE BEGIN 0 */
  25:Core/Src/gpio.c **** 
  26:Core/Src/gpio.c **** /* USER CODE END 0 */
  27:Core/Src/gpio.c **** 
  28:Core/Src/gpio.c **** /*----------------------------------------------------------------------------*/
  29:Core/Src/gpio.c **** /* Configure GPIO                                                             */
  30:Core/Src/gpio.c **** /*----------------------------------------------------------------------------*/
  31:Core/Src/gpio.c **** /* USER CODE BEGIN 1 */
ARM GAS  C:\Users\Su\AppData\Local\Temp\ccyhSQpx.s 			page 2


  32:Core/Src/gpio.c **** 
  33:Core/Src/gpio.c **** /* USER CODE END 1 */
  34:Core/Src/gpio.c **** 
  35:Core/Src/gpio.c **** /** Configure pins as
  36:Core/Src/gpio.c ****         * Analog
  37:Core/Src/gpio.c ****         * Input
  38:Core/Src/gpio.c ****         * Output
  39:Core/Src/gpio.c ****         * EVENT_OUT
  40:Core/Src/gpio.c ****         * EXTI
  41:Core/Src/gpio.c **** */
  42:Core/Src/gpio.c **** void MX_GPIO_Init(void)
  43:Core/Src/gpio.c **** {
  28              		.loc 1 43 1
  29              		.cfi_startproc
  30              		@ args = 0, pretend = 0, frame = 16
  31              		@ frame_needed = 1, uses_anonymous_args = 0
  32              		@ link register save eliminated.
  33 0000 80B4     		push	{r7}
  34              	.LCFI0:
  35              		.cfi_def_cfa_offset 4
  36              		.cfi_offset 7, -4
  37 0002 85B0     		sub	sp, sp, #20
  38              	.LCFI1:
  39              		.cfi_def_cfa_offset 24
  40 0004 00AF     		add	r7, sp, #0
  41              	.LCFI2:
  42              		.cfi_def_cfa_register 7
  43              	.LBB2:
  44:Core/Src/gpio.c **** 
  45:Core/Src/gpio.c ****   /* GPIO Ports Clock Enable */
  46:Core/Src/gpio.c ****   __HAL_RCC_GPIOH_CLK_ENABLE();
  44              		.loc 1 46 3
  45 0006 194B     		ldr	r3, .L2
  46 0008 D3F8E030 		ldr	r3, [r3, #224]
  47 000c 174A     		ldr	r2, .L2
  48 000e 43F08003 		orr	r3, r3, #128
  49 0012 C2F8E030 		str	r3, [r2, #224]
  50 0016 154B     		ldr	r3, .L2
  51 0018 D3F8E030 		ldr	r3, [r3, #224]
  52 001c 03F08003 		and	r3, r3, #128
  53 0020 FB60     		str	r3, [r7, #12]
  54 0022 FB68     		ldr	r3, [r7, #12]
  55              	.LBE2:
  56              	.LBB3:
  47:Core/Src/gpio.c ****   __HAL_RCC_GPIOA_CLK_ENABLE();
  57              		.loc 1 47 3
  58 0024 114B     		ldr	r3, .L2
  59 0026 D3F8E030 		ldr	r3, [r3, #224]
  60 002a 104A     		ldr	r2, .L2
  61 002c 43F00103 		orr	r3, r3, #1
  62 0030 C2F8E030 		str	r3, [r2, #224]
  63 0034 0D4B     		ldr	r3, .L2
  64 0036 D3F8E030 		ldr	r3, [r3, #224]
  65 003a 03F00103 		and	r3, r3, #1
  66 003e BB60     		str	r3, [r7, #8]
  67 0040 BB68     		ldr	r3, [r7, #8]
  68              	.LBE3:
ARM GAS  C:\Users\Su\AppData\Local\Temp\ccyhSQpx.s 			page 3


  69              	.LBB4:
  48:Core/Src/gpio.c ****   __HAL_RCC_GPIOD_CLK_ENABLE();
  70              		.loc 1 48 3
  71 0042 0A4B     		ldr	r3, .L2
  72 0044 D3F8E030 		ldr	r3, [r3, #224]
  73 0048 084A     		ldr	r2, .L2
  74 004a 43F00803 		orr	r3, r3, #8
  75 004e C2F8E030 		str	r3, [r2, #224]
  76 0052 064B     		ldr	r3, .L2
  77 0054 D3F8E030 		ldr	r3, [r3, #224]
  78 0058 03F00803 		and	r3, r3, #8
  79 005c 7B60     		str	r3, [r7, #4]
  80 005e 7B68     		ldr	r3, [r7, #4]
  81              	.LBE4:
  49:Core/Src/gpio.c **** 
  50:Core/Src/gpio.c **** }
  82              		.loc 1 50 1
  83 0060 00BF     		nop
  84 0062 1437     		adds	r7, r7, #20
  85              	.LCFI3:
  86              		.cfi_def_cfa_offset 4
  87 0064 BD46     		mov	sp, r7
  88              	.LCFI4:
  89              		.cfi_def_cfa_register 13
  90              		@ sp needed
  91 0066 5DF8047B 		ldr	r7, [sp], #4
  92              	.LCFI5:
  93              		.cfi_restore 7
  94              		.cfi_def_cfa_offset 0
  95 006a 7047     		bx	lr
  96              	.L3:
  97              		.align	2
  98              	.L2:
  99 006c 00440258 		.word	1476543488
 100              		.cfi_endproc
 101              	.LFE144:
 103              		.text
 104              	.Letext0:
 105              		.file 2 "e:\\user\\bigai\\gcc_arm_none_eabi\\arm-none-eabi\\include\\machine\\_default_types.h"
 106              		.file 3 "e:\\user\\bigai\\gcc_arm_none_eabi\\arm-none-eabi\\include\\sys\\_stdint.h"
 107              		.file 4 "Drivers/CMSIS/Device/ST/STM32H7xx/Include/stm32h723xx.h"
ARM GAS  C:\Users\Su\AppData\Local\Temp\ccyhSQpx.s 			page 4


DEFINED SYMBOLS
                            *ABS*:00000000 gpio.c
C:\Users\Su\AppData\Local\Temp\ccyhSQpx.s:19     .text.MX_GPIO_Init:00000000 $t
C:\Users\Su\AppData\Local\Temp\ccyhSQpx.s:25     .text.MX_GPIO_Init:00000000 MX_GPIO_Init
C:\Users\Su\AppData\Local\Temp\ccyhSQpx.s:99     .text.MX_GPIO_Init:0000006c $d

NO UNDEFINED SYMBOLS
