ARM GAS  C:\Users\Su\AppData\Local\Temp\ccXNEmG5.s 			page 1


   1              		.cpu cortex-m7
   2              		.arch armv7e-m
   3              		.fpu fpv5-d16
   4              		.eabi_attribute 28, 1
   5              		.eabi_attribute 20, 1
   6              		.eabi_attribute 21, 1
   7              		.eabi_attribute 23, 3
   8              		.eabi_attribute 24, 1
   9              		.eabi_attribute 25, 1
  10              		.eabi_attribute 26, 1
  11              		.eabi_attribute 30, 6
  12              		.eabi_attribute 34, 1
  13              		.eabi_attribute 18, 4
  14              		.file	"stm32h7xx_it.c"
  15              		.text
  16              	.Ltext0:
  17              		.cfi_sections	.debug_frame
  18              		.section	.text.NMI_Handler,"ax",%progbits
  19              		.align	1
  20              		.global	NMI_Handler
  21              		.syntax unified
  22              		.thumb
  23              		.thumb_func
  25              	NMI_Handler:
  26              	.LFB148:
  27              		.file 1 "Core/Src/stm32h7xx_it.c"
   1:Core/Src/stm32h7xx_it.c **** /* USER CODE BEGIN Header */
   2:Core/Src/stm32h7xx_it.c **** /**
   3:Core/Src/stm32h7xx_it.c ****   ******************************************************************************
   4:Core/Src/stm32h7xx_it.c ****   * @file    stm32h7xx_it.c
   5:Core/Src/stm32h7xx_it.c ****   * @brief   Interrupt Service Routines.
   6:Core/Src/stm32h7xx_it.c ****   ******************************************************************************
   7:Core/Src/stm32h7xx_it.c ****   * @attention
   8:Core/Src/stm32h7xx_it.c ****   *
   9:Core/Src/stm32h7xx_it.c ****   * Copyright (c) 2025 STMicroelectronics.
  10:Core/Src/stm32h7xx_it.c ****   * All rights reserved.
  11:Core/Src/stm32h7xx_it.c ****   *
  12:Core/Src/stm32h7xx_it.c ****   * This software is licensed under terms that can be found in the LICENSE file
  13:Core/Src/stm32h7xx_it.c ****   * in the root directory of this software component.
  14:Core/Src/stm32h7xx_it.c ****   * If no LICENSE file comes with this software, it is provided AS-IS.
  15:Core/Src/stm32h7xx_it.c ****   *
  16:Core/Src/stm32h7xx_it.c ****   ******************************************************************************
  17:Core/Src/stm32h7xx_it.c ****   */
  18:Core/Src/stm32h7xx_it.c **** /* USER CODE END Header */
  19:Core/Src/stm32h7xx_it.c **** 
  20:Core/Src/stm32h7xx_it.c **** /* Includes ------------------------------------------------------------------*/
  21:Core/Src/stm32h7xx_it.c **** #include "main.h"
  22:Core/Src/stm32h7xx_it.c **** #include "stm32h7xx_it.h"
  23:Core/Src/stm32h7xx_it.c **** /* Private includes ----------------------------------------------------------*/
  24:Core/Src/stm32h7xx_it.c **** /* USER CODE BEGIN Includes */
  25:Core/Src/stm32h7xx_it.c **** #include "fdcan.h"
  26:Core/Src/stm32h7xx_it.c **** #include "usb_device.h"
  27:Core/Src/stm32h7xx_it.c **** #include "hollysys.h"
  28:Core/Src/stm32h7xx_it.c **** #include "motorevo.h"
  29:Core/Src/stm32h7xx_it.c **** #include "chassis.h"
  30:Core/Src/stm32h7xx_it.c **** /* USER CODE END Includes */
  31:Core/Src/stm32h7xx_it.c **** 
ARM GAS  C:\Users\Su\AppData\Local\Temp\ccXNEmG5.s 			page 2


  32:Core/Src/stm32h7xx_it.c **** /* Private typedef -----------------------------------------------------------*/
  33:Core/Src/stm32h7xx_it.c **** /* USER CODE BEGIN TD */
  34:Core/Src/stm32h7xx_it.c **** 
  35:Core/Src/stm32h7xx_it.c **** /* USER CODE END TD */
  36:Core/Src/stm32h7xx_it.c **** 
  37:Core/Src/stm32h7xx_it.c **** /* Private define ------------------------------------------------------------*/
  38:Core/Src/stm32h7xx_it.c **** /* USER CODE BEGIN PD */
  39:Core/Src/stm32h7xx_it.c **** 
  40:Core/Src/stm32h7xx_it.c **** /* USER CODE END PD */
  41:Core/Src/stm32h7xx_it.c **** 
  42:Core/Src/stm32h7xx_it.c **** /* Private macro -------------------------------------------------------------*/
  43:Core/Src/stm32h7xx_it.c **** /* USER CODE BEGIN PM */
  44:Core/Src/stm32h7xx_it.c **** 
  45:Core/Src/stm32h7xx_it.c **** /* USER CODE END PM */
  46:Core/Src/stm32h7xx_it.c **** 
  47:Core/Src/stm32h7xx_it.c **** /* Private variables ---------------------------------------------------------*/
  48:Core/Src/stm32h7xx_it.c **** /* USER CODE BEGIN PV */
  49:Core/Src/stm32h7xx_it.c **** 
  50:Core/Src/stm32h7xx_it.c **** /* USER CODE END PV */
  51:Core/Src/stm32h7xx_it.c **** 
  52:Core/Src/stm32h7xx_it.c **** /* Private function prototypes -----------------------------------------------*/
  53:Core/Src/stm32h7xx_it.c **** /* USER CODE BEGIN PFP */
  54:Core/Src/stm32h7xx_it.c **** 
  55:Core/Src/stm32h7xx_it.c **** /* USER CODE END PFP */
  56:Core/Src/stm32h7xx_it.c **** 
  57:Core/Src/stm32h7xx_it.c **** /* Private user code ---------------------------------------------------------*/
  58:Core/Src/stm32h7xx_it.c **** /* USER CODE BEGIN 0 */
  59:Core/Src/stm32h7xx_it.c **** 
  60:Core/Src/stm32h7xx_it.c **** /* USER CODE END 0 */
  61:Core/Src/stm32h7xx_it.c **** 
  62:Core/Src/stm32h7xx_it.c **** /* External variables --------------------------------------------------------*/
  63:Core/Src/stm32h7xx_it.c **** extern PCD_HandleTypeDef hpcd_USB_OTG_HS;
  64:Core/Src/stm32h7xx_it.c **** extern FDCAN_HandleTypeDef hfdcan1;
  65:Core/Src/stm32h7xx_it.c **** /* USER CODE BEGIN EV */
  66:Core/Src/stm32h7xx_it.c **** 
  67:Core/Src/stm32h7xx_it.c **** /* USER CODE END EV */
  68:Core/Src/stm32h7xx_it.c **** 
  69:Core/Src/stm32h7xx_it.c **** /******************************************************************************/
  70:Core/Src/stm32h7xx_it.c **** /*           Cortex Processor Interruption and Exception Handlers          */
  71:Core/Src/stm32h7xx_it.c **** /******************************************************************************/
  72:Core/Src/stm32h7xx_it.c **** /**
  73:Core/Src/stm32h7xx_it.c ****   * @brief This function handles Non maskable interrupt.
  74:Core/Src/stm32h7xx_it.c ****   */
  75:Core/Src/stm32h7xx_it.c **** void NMI_Handler(void)
  76:Core/Src/stm32h7xx_it.c **** {
  28              		.loc 1 76 1
  29              		.cfi_startproc
  30              		@ args = 0, pretend = 0, frame = 0
  31              		@ frame_needed = 1, uses_anonymous_args = 0
  32              		@ link register save eliminated.
  33 0000 80B4     		push	{r7}
  34              	.LCFI0:
  35              		.cfi_def_cfa_offset 4
  36              		.cfi_offset 7, -4
  37 0002 00AF     		add	r7, sp, #0
  38              	.LCFI1:
  39              		.cfi_def_cfa_register 7
ARM GAS  C:\Users\Su\AppData\Local\Temp\ccXNEmG5.s 			page 3


  40              	.L2:
  77:Core/Src/stm32h7xx_it.c ****   /* USER CODE BEGIN NonMaskableInt_IRQn 0 */
  78:Core/Src/stm32h7xx_it.c **** 
  79:Core/Src/stm32h7xx_it.c ****   /* USER CODE END NonMaskableInt_IRQn 0 */
  80:Core/Src/stm32h7xx_it.c ****   /* USER CODE BEGIN NonMaskableInt_IRQn 1 */
  81:Core/Src/stm32h7xx_it.c ****   while (1)
  41              		.loc 1 81 9 discriminator 1
  42 0004 FEE7     		b	.L2
  43              		.cfi_endproc
  44              	.LFE148:
  46              		.section	.text.HardFault_Handler,"ax",%progbits
  47              		.align	1
  48              		.global	HardFault_Handler
  49              		.syntax unified
  50              		.thumb
  51              		.thumb_func
  53              	HardFault_Handler:
  54              	.LFB149:
  82:Core/Src/stm32h7xx_it.c ****   {
  83:Core/Src/stm32h7xx_it.c ****   }
  84:Core/Src/stm32h7xx_it.c ****   /* USER CODE END NonMaskableInt_IRQn 1 */
  85:Core/Src/stm32h7xx_it.c **** }
  86:Core/Src/stm32h7xx_it.c **** 
  87:Core/Src/stm32h7xx_it.c **** /**
  88:Core/Src/stm32h7xx_it.c ****   * @brief This function handles Hard fault interrupt.
  89:Core/Src/stm32h7xx_it.c ****   */
  90:Core/Src/stm32h7xx_it.c **** void HardFault_Handler(void)
  91:Core/Src/stm32h7xx_it.c **** {
  55              		.loc 1 91 1
  56              		.cfi_startproc
  57              		@ args = 0, pretend = 0, frame = 0
  58              		@ frame_needed = 1, uses_anonymous_args = 0
  59              		@ link register save eliminated.
  60 0000 80B4     		push	{r7}
  61              	.LCFI2:
  62              		.cfi_def_cfa_offset 4
  63              		.cfi_offset 7, -4
  64 0002 00AF     		add	r7, sp, #0
  65              	.LCFI3:
  66              		.cfi_def_cfa_register 7
  67              	.L4:
  92:Core/Src/stm32h7xx_it.c ****   /* USER CODE BEGIN HardFault_IRQn 0 */
  93:Core/Src/stm32h7xx_it.c **** 
  94:Core/Src/stm32h7xx_it.c ****   /* USER CODE END HardFault_IRQn 0 */
  95:Core/Src/stm32h7xx_it.c ****   while (1)
  68              		.loc 1 95 9 discriminator 1
  69 0004 FEE7     		b	.L4
  70              		.cfi_endproc
  71              	.LFE149:
  73              		.section	.text.MemManage_Handler,"ax",%progbits
  74              		.align	1
  75              		.global	MemManage_Handler
  76              		.syntax unified
  77              		.thumb
  78              		.thumb_func
  80              	MemManage_Handler:
  81              	.LFB150:
ARM GAS  C:\Users\Su\AppData\Local\Temp\ccXNEmG5.s 			page 4


  96:Core/Src/stm32h7xx_it.c ****   {
  97:Core/Src/stm32h7xx_it.c ****     /* USER CODE BEGIN W1_HardFault_IRQn 0 */
  98:Core/Src/stm32h7xx_it.c ****     /* USER CODE END W1_HardFault_IRQn 0 */
  99:Core/Src/stm32h7xx_it.c ****   }
 100:Core/Src/stm32h7xx_it.c **** }
 101:Core/Src/stm32h7xx_it.c **** 
 102:Core/Src/stm32h7xx_it.c **** /**
 103:Core/Src/stm32h7xx_it.c ****   * @brief This function handles Memory management fault.
 104:Core/Src/stm32h7xx_it.c ****   */
 105:Core/Src/stm32h7xx_it.c **** void MemManage_Handler(void)
 106:Core/Src/stm32h7xx_it.c **** {
  82              		.loc 1 106 1
  83              		.cfi_startproc
  84              		@ args = 0, pretend = 0, frame = 0
  85              		@ frame_needed = 1, uses_anonymous_args = 0
  86              		@ link register save eliminated.
  87 0000 80B4     		push	{r7}
  88              	.LCFI4:
  89              		.cfi_def_cfa_offset 4
  90              		.cfi_offset 7, -4
  91 0002 00AF     		add	r7, sp, #0
  92              	.LCFI5:
  93              		.cfi_def_cfa_register 7
  94              	.L6:
 107:Core/Src/stm32h7xx_it.c ****   /* USER CODE BEGIN MemoryManagement_IRQn 0 */
 108:Core/Src/stm32h7xx_it.c **** 
 109:Core/Src/stm32h7xx_it.c ****   /* USER CODE END MemoryManagement_IRQn 0 */
 110:Core/Src/stm32h7xx_it.c ****   while (1)
  95              		.loc 1 110 9 discriminator 1
  96 0004 FEE7     		b	.L6
  97              		.cfi_endproc
  98              	.LFE150:
 100              		.section	.text.BusFault_Handler,"ax",%progbits
 101              		.align	1
 102              		.global	BusFault_Handler
 103              		.syntax unified
 104              		.thumb
 105              		.thumb_func
 107              	BusFault_Handler:
 108              	.LFB151:
 111:Core/Src/stm32h7xx_it.c ****   {
 112:Core/Src/stm32h7xx_it.c ****     /* USER CODE BEGIN W1_MemoryManagement_IRQn 0 */
 113:Core/Src/stm32h7xx_it.c ****     /* USER CODE END W1_MemoryManagement_IRQn 0 */
 114:Core/Src/stm32h7xx_it.c ****   }
 115:Core/Src/stm32h7xx_it.c **** }
 116:Core/Src/stm32h7xx_it.c **** 
 117:Core/Src/stm32h7xx_it.c **** /**
 118:Core/Src/stm32h7xx_it.c ****   * @brief This function handles Pre-fetch fault, memory access fault.
 119:Core/Src/stm32h7xx_it.c ****   */
 120:Core/Src/stm32h7xx_it.c **** void BusFault_Handler(void)
 121:Core/Src/stm32h7xx_it.c **** {
 109              		.loc 1 121 1
 110              		.cfi_startproc
 111              		@ args = 0, pretend = 0, frame = 0
 112              		@ frame_needed = 1, uses_anonymous_args = 0
 113              		@ link register save eliminated.
 114 0000 80B4     		push	{r7}
ARM GAS  C:\Users\Su\AppData\Local\Temp\ccXNEmG5.s 			page 5


 115              	.LCFI6:
 116              		.cfi_def_cfa_offset 4
 117              		.cfi_offset 7, -4
 118 0002 00AF     		add	r7, sp, #0
 119              	.LCFI7:
 120              		.cfi_def_cfa_register 7
 121              	.L8:
 122:Core/Src/stm32h7xx_it.c ****   /* USER CODE BEGIN BusFault_IRQn 0 */
 123:Core/Src/stm32h7xx_it.c **** 
 124:Core/Src/stm32h7xx_it.c ****   /* USER CODE END BusFault_IRQn 0 */
 125:Core/Src/stm32h7xx_it.c ****   while (1)
 122              		.loc 1 125 9 discriminator 1
 123 0004 FEE7     		b	.L8
 124              		.cfi_endproc
 125              	.LFE151:
 127              		.section	.text.UsageFault_Handler,"ax",%progbits
 128              		.align	1
 129              		.global	UsageFault_Handler
 130              		.syntax unified
 131              		.thumb
 132              		.thumb_func
 134              	UsageFault_Handler:
 135              	.LFB152:
 126:Core/Src/stm32h7xx_it.c ****   {
 127:Core/Src/stm32h7xx_it.c ****     /* USER CODE BEGIN W1_BusFault_IRQn 0 */
 128:Core/Src/stm32h7xx_it.c ****     /* USER CODE END W1_BusFault_IRQn 0 */
 129:Core/Src/stm32h7xx_it.c ****   }
 130:Core/Src/stm32h7xx_it.c **** }
 131:Core/Src/stm32h7xx_it.c **** 
 132:Core/Src/stm32h7xx_it.c **** /**
 133:Core/Src/stm32h7xx_it.c ****   * @brief This function handles Undefined instruction or illegal state.
 134:Core/Src/stm32h7xx_it.c ****   */
 135:Core/Src/stm32h7xx_it.c **** void UsageFault_Handler(void)
 136:Core/Src/stm32h7xx_it.c **** {
 136              		.loc 1 136 1
 137              		.cfi_startproc
 138              		@ args = 0, pretend = 0, frame = 0
 139              		@ frame_needed = 1, uses_anonymous_args = 0
 140              		@ link register save eliminated.
 141 0000 80B4     		push	{r7}
 142              	.LCFI8:
 143              		.cfi_def_cfa_offset 4
 144              		.cfi_offset 7, -4
 145 0002 00AF     		add	r7, sp, #0
 146              	.LCFI9:
 147              		.cfi_def_cfa_register 7
 148              	.L10:
 137:Core/Src/stm32h7xx_it.c ****   /* USER CODE BEGIN UsageFault_IRQn 0 */
 138:Core/Src/stm32h7xx_it.c **** 
 139:Core/Src/stm32h7xx_it.c ****   /* USER CODE END UsageFault_IRQn 0 */
 140:Core/Src/stm32h7xx_it.c ****   while (1)
 149              		.loc 1 140 9 discriminator 1
 150 0004 FEE7     		b	.L10
 151              		.cfi_endproc
 152              	.LFE152:
 154              		.section	.text.SVC_Handler,"ax",%progbits
 155              		.align	1
ARM GAS  C:\Users\Su\AppData\Local\Temp\ccXNEmG5.s 			page 6


 156              		.global	SVC_Handler
 157              		.syntax unified
 158              		.thumb
 159              		.thumb_func
 161              	SVC_Handler:
 162              	.LFB153:
 141:Core/Src/stm32h7xx_it.c ****   {
 142:Core/Src/stm32h7xx_it.c ****     /* USER CODE BEGIN W1_UsageFault_IRQn 0 */
 143:Core/Src/stm32h7xx_it.c ****     /* USER CODE END W1_UsageFault_IRQn 0 */
 144:Core/Src/stm32h7xx_it.c ****   }
 145:Core/Src/stm32h7xx_it.c **** }
 146:Core/Src/stm32h7xx_it.c **** 
 147:Core/Src/stm32h7xx_it.c **** /**
 148:Core/Src/stm32h7xx_it.c ****   * @brief This function handles System service call via SWI instruction.
 149:Core/Src/stm32h7xx_it.c ****   */
 150:Core/Src/stm32h7xx_it.c **** void SVC_Handler(void)
 151:Core/Src/stm32h7xx_it.c **** {
 163              		.loc 1 151 1
 164              		.cfi_startproc
 165              		@ args = 0, pretend = 0, frame = 0
 166              		@ frame_needed = 1, uses_anonymous_args = 0
 167              		@ link register save eliminated.
 168 0000 80B4     		push	{r7}
 169              	.LCFI10:
 170              		.cfi_def_cfa_offset 4
 171              		.cfi_offset 7, -4
 172 0002 00AF     		add	r7, sp, #0
 173              	.LCFI11:
 174              		.cfi_def_cfa_register 7
 152:Core/Src/stm32h7xx_it.c ****   /* USER CODE BEGIN SVCall_IRQn 0 */
 153:Core/Src/stm32h7xx_it.c **** 
 154:Core/Src/stm32h7xx_it.c ****   /* USER CODE END SVCall_IRQn 0 */
 155:Core/Src/stm32h7xx_it.c ****   /* USER CODE BEGIN SVCall_IRQn 1 */
 156:Core/Src/stm32h7xx_it.c **** 
 157:Core/Src/stm32h7xx_it.c ****   /* USER CODE END SVCall_IRQn 1 */
 158:Core/Src/stm32h7xx_it.c **** }
 175              		.loc 1 158 1
 176 0004 00BF     		nop
 177 0006 BD46     		mov	sp, r7
 178              	.LCFI12:
 179              		.cfi_def_cfa_register 13
 180              		@ sp needed
 181 0008 5DF8047B 		ldr	r7, [sp], #4
 182              	.LCFI13:
 183              		.cfi_restore 7
 184              		.cfi_def_cfa_offset 0
 185 000c 7047     		bx	lr
 186              		.cfi_endproc
 187              	.LFE153:
 189              		.section	.text.DebugMon_Handler,"ax",%progbits
 190              		.align	1
 191              		.global	DebugMon_Handler
 192              		.syntax unified
 193              		.thumb
 194              		.thumb_func
 196              	DebugMon_Handler:
 197              	.LFB154:
ARM GAS  C:\Users\Su\AppData\Local\Temp\ccXNEmG5.s 			page 7


 159:Core/Src/stm32h7xx_it.c **** 
 160:Core/Src/stm32h7xx_it.c **** /**
 161:Core/Src/stm32h7xx_it.c ****   * @brief This function handles Debug monitor.
 162:Core/Src/stm32h7xx_it.c ****   */
 163:Core/Src/stm32h7xx_it.c **** void DebugMon_Handler(void)
 164:Core/Src/stm32h7xx_it.c **** {
 198              		.loc 1 164 1
 199              		.cfi_startproc
 200              		@ args = 0, pretend = 0, frame = 0
 201              		@ frame_needed = 1, uses_anonymous_args = 0
 202              		@ link register save eliminated.
 203 0000 80B4     		push	{r7}
 204              	.LCFI14:
 205              		.cfi_def_cfa_offset 4
 206              		.cfi_offset 7, -4
 207 0002 00AF     		add	r7, sp, #0
 208              	.LCFI15:
 209              		.cfi_def_cfa_register 7
 165:Core/Src/stm32h7xx_it.c ****   /* USER CODE BEGIN DebugMonitor_IRQn 0 */
 166:Core/Src/stm32h7xx_it.c **** 
 167:Core/Src/stm32h7xx_it.c ****   /* USER CODE END DebugMonitor_IRQn 0 */
 168:Core/Src/stm32h7xx_it.c ****   /* USER CODE BEGIN DebugMonitor_IRQn 1 */
 169:Core/Src/stm32h7xx_it.c **** 
 170:Core/Src/stm32h7xx_it.c ****   /* USER CODE END DebugMonitor_IRQn 1 */
 171:Core/Src/stm32h7xx_it.c **** }
 210              		.loc 1 171 1
 211 0004 00BF     		nop
 212 0006 BD46     		mov	sp, r7
 213              	.LCFI16:
 214              		.cfi_def_cfa_register 13
 215              		@ sp needed
 216 0008 5DF8047B 		ldr	r7, [sp], #4
 217              	.LCFI17:
 218              		.cfi_restore 7
 219              		.cfi_def_cfa_offset 0
 220 000c 7047     		bx	lr
 221              		.cfi_endproc
 222              	.LFE154:
 224              		.section	.text.PendSV_Handler,"ax",%progbits
 225              		.align	1
 226              		.global	PendSV_Handler
 227              		.syntax unified
 228              		.thumb
 229              		.thumb_func
 231              	PendSV_Handler:
 232              	.LFB155:
 172:Core/Src/stm32h7xx_it.c **** 
 173:Core/Src/stm32h7xx_it.c **** /**
 174:Core/Src/stm32h7xx_it.c ****   * @brief This function handles Pendable request for system service.
 175:Core/Src/stm32h7xx_it.c ****   */
 176:Core/Src/stm32h7xx_it.c **** void PendSV_Handler(void)
 177:Core/Src/stm32h7xx_it.c **** {
 233              		.loc 1 177 1
 234              		.cfi_startproc
 235              		@ args = 0, pretend = 0, frame = 0
 236              		@ frame_needed = 1, uses_anonymous_args = 0
 237              		@ link register save eliminated.
ARM GAS  C:\Users\Su\AppData\Local\Temp\ccXNEmG5.s 			page 8


 238 0000 80B4     		push	{r7}
 239              	.LCFI18:
 240              		.cfi_def_cfa_offset 4
 241              		.cfi_offset 7, -4
 242 0002 00AF     		add	r7, sp, #0
 243              	.LCFI19:
 244              		.cfi_def_cfa_register 7
 178:Core/Src/stm32h7xx_it.c ****   /* USER CODE BEGIN PendSV_IRQn 0 */
 179:Core/Src/stm32h7xx_it.c **** 
 180:Core/Src/stm32h7xx_it.c ****   /* USER CODE END PendSV_IRQn 0 */
 181:Core/Src/stm32h7xx_it.c ****   /* USER CODE BEGIN PendSV_IRQn 1 */
 182:Core/Src/stm32h7xx_it.c **** 
 183:Core/Src/stm32h7xx_it.c ****   /* USER CODE END PendSV_IRQn 1 */
 184:Core/Src/stm32h7xx_it.c **** }
 245              		.loc 1 184 1
 246 0004 00BF     		nop
 247 0006 BD46     		mov	sp, r7
 248              	.LCFI20:
 249              		.cfi_def_cfa_register 13
 250              		@ sp needed
 251 0008 5DF8047B 		ldr	r7, [sp], #4
 252              	.LCFI21:
 253              		.cfi_restore 7
 254              		.cfi_def_cfa_offset 0
 255 000c 7047     		bx	lr
 256              		.cfi_endproc
 257              	.LFE155:
 259              		.section	.text.SysTick_Handler,"ax",%progbits
 260              		.align	1
 261              		.global	SysTick_Handler
 262              		.syntax unified
 263              		.thumb
 264              		.thumb_func
 266              	SysTick_Handler:
 267              	.LFB156:
 185:Core/Src/stm32h7xx_it.c **** 
 186:Core/Src/stm32h7xx_it.c **** /**
 187:Core/Src/stm32h7xx_it.c ****   * @brief This function handles System tick timer.
 188:Core/Src/stm32h7xx_it.c ****   */
 189:Core/Src/stm32h7xx_it.c **** void SysTick_Handler(void)
 190:Core/Src/stm32h7xx_it.c **** {
 268              		.loc 1 190 1
 269              		.cfi_startproc
 270              		@ args = 0, pretend = 0, frame = 0
 271              		@ frame_needed = 1, uses_anonymous_args = 0
 272 0000 80B5     		push	{r7, lr}
 273              	.LCFI22:
 274              		.cfi_def_cfa_offset 8
 275              		.cfi_offset 7, -8
 276              		.cfi_offset 14, -4
 277 0002 00AF     		add	r7, sp, #0
 278              	.LCFI23:
 279              		.cfi_def_cfa_register 7
 191:Core/Src/stm32h7xx_it.c ****   /* USER CODE BEGIN SysTick_IRQn 0 */
 192:Core/Src/stm32h7xx_it.c **** 
 193:Core/Src/stm32h7xx_it.c ****   /* USER CODE END SysTick_IRQn 0 */
 194:Core/Src/stm32h7xx_it.c ****   HAL_IncTick();
ARM GAS  C:\Users\Su\AppData\Local\Temp\ccXNEmG5.s 			page 9


 280              		.loc 1 194 3
 281 0004 FFF7FEFF 		bl	HAL_IncTick
 195:Core/Src/stm32h7xx_it.c ****   /* USER CODE BEGIN SysTick_IRQn 1 */
 196:Core/Src/stm32h7xx_it.c **** 
 197:Core/Src/stm32h7xx_it.c ****   /* USER CODE END SysTick_IRQn 1 */
 198:Core/Src/stm32h7xx_it.c **** }
 282              		.loc 1 198 1
 283 0008 00BF     		nop
 284 000a 80BD     		pop	{r7, pc}
 285              		.cfi_endproc
 286              	.LFE156:
 288              		.section	.text.FDCAN1_IT0_IRQHandler,"ax",%progbits
 289              		.align	1
 290              		.global	FDCAN1_IT0_IRQHandler
 291              		.syntax unified
 292              		.thumb
 293              		.thumb_func
 295              	FDCAN1_IT0_IRQHandler:
 296              	.LFB157:
 199:Core/Src/stm32h7xx_it.c **** 
 200:Core/Src/stm32h7xx_it.c **** /******************************************************************************/
 201:Core/Src/stm32h7xx_it.c **** /* STM32H7xx Peripheral Interrupt Handlers                                    */
 202:Core/Src/stm32h7xx_it.c **** /* Add here the Interrupt Handlers for the used peripherals.                  */
 203:Core/Src/stm32h7xx_it.c **** /* For the available peripheral interrupt handler names,                      */
 204:Core/Src/stm32h7xx_it.c **** /* please refer to the startup file (startup_stm32h7xx.s).                    */
 205:Core/Src/stm32h7xx_it.c **** /******************************************************************************/
 206:Core/Src/stm32h7xx_it.c **** 
 207:Core/Src/stm32h7xx_it.c **** /**
 208:Core/Src/stm32h7xx_it.c ****   * @brief This function handles FDCAN1 interrupt 0.
 209:Core/Src/stm32h7xx_it.c ****   */
 210:Core/Src/stm32h7xx_it.c **** void FDCAN1_IT0_IRQHandler(void)
 211:Core/Src/stm32h7xx_it.c **** {
 297              		.loc 1 211 1
 298              		.cfi_startproc
 299              		@ args = 0, pretend = 0, frame = 0
 300              		@ frame_needed = 1, uses_anonymous_args = 0
 301 0000 80B5     		push	{r7, lr}
 302              	.LCFI24:
 303              		.cfi_def_cfa_offset 8
 304              		.cfi_offset 7, -8
 305              		.cfi_offset 14, -4
 306 0002 00AF     		add	r7, sp, #0
 307              	.LCFI25:
 308              		.cfi_def_cfa_register 7
 212:Core/Src/stm32h7xx_it.c ****   /* USER CODE BEGIN FDCAN1_IT0_IRQn 0 */
 213:Core/Src/stm32h7xx_it.c **** 
 214:Core/Src/stm32h7xx_it.c ****   /* USER CODE END FDCAN1_IT0_IRQn 0 */
 215:Core/Src/stm32h7xx_it.c ****   HAL_FDCAN_IRQHandler(&hfdcan1);
 309              		.loc 1 215 3
 310 0004 0248     		ldr	r0, .L16
 311 0006 FFF7FEFF 		bl	HAL_FDCAN_IRQHandler
 216:Core/Src/stm32h7xx_it.c ****   /* USER CODE BEGIN FDCAN1_IT0_IRQn 1 */
 217:Core/Src/stm32h7xx_it.c **** 
 218:Core/Src/stm32h7xx_it.c ****   /* USER CODE END FDCAN1_IT0_IRQn 1 */
 219:Core/Src/stm32h7xx_it.c **** }
 312              		.loc 1 219 1
 313 000a 00BF     		nop
ARM GAS  C:\Users\Su\AppData\Local\Temp\ccXNEmG5.s 			page 10


 314 000c 80BD     		pop	{r7, pc}
 315              	.L17:
 316 000e 00BF     		.align	2
 317              	.L16:
 318 0010 00000000 		.word	hfdcan1
 319              		.cfi_endproc
 320              	.LFE157:
 322              		.section	.text.FDCAN1_IT1_IRQHandler,"ax",%progbits
 323              		.align	1
 324              		.global	FDCAN1_IT1_IRQHandler
 325              		.syntax unified
 326              		.thumb
 327              		.thumb_func
 329              	FDCAN1_IT1_IRQHandler:
 330              	.LFB158:
 220:Core/Src/stm32h7xx_it.c **** 
 221:Core/Src/stm32h7xx_it.c **** /**
 222:Core/Src/stm32h7xx_it.c ****   * @brief This function handles FDCAN1 interrupt 1.
 223:Core/Src/stm32h7xx_it.c ****   */
 224:Core/Src/stm32h7xx_it.c **** void FDCAN1_IT1_IRQHandler(void)
 225:Core/Src/stm32h7xx_it.c **** {
 331              		.loc 1 225 1
 332              		.cfi_startproc
 333              		@ args = 0, pretend = 0, frame = 0
 334              		@ frame_needed = 1, uses_anonymous_args = 0
 335 0000 80B5     		push	{r7, lr}
 336              	.LCFI26:
 337              		.cfi_def_cfa_offset 8
 338              		.cfi_offset 7, -8
 339              		.cfi_offset 14, -4
 340 0002 00AF     		add	r7, sp, #0
 341              	.LCFI27:
 342              		.cfi_def_cfa_register 7
 226:Core/Src/stm32h7xx_it.c ****   /* USER CODE BEGIN FDCAN1_IT1_IRQn 0 */
 227:Core/Src/stm32h7xx_it.c **** 
 228:Core/Src/stm32h7xx_it.c ****   /* USER CODE END FDCAN1_IT1_IRQn 0 */
 229:Core/Src/stm32h7xx_it.c ****   HAL_FDCAN_IRQHandler(&hfdcan1);
 343              		.loc 1 229 3
 344 0004 0248     		ldr	r0, .L19
 345 0006 FFF7FEFF 		bl	HAL_FDCAN_IRQHandler
 230:Core/Src/stm32h7xx_it.c ****   /* USER CODE BEGIN FDCAN1_IT1_IRQn 1 */
 231:Core/Src/stm32h7xx_it.c **** 
 232:Core/Src/stm32h7xx_it.c ****   /* USER CODE END FDCAN1_IT1_IRQn 1 */
 233:Core/Src/stm32h7xx_it.c **** }
 346              		.loc 1 233 1
 347 000a 00BF     		nop
 348 000c 80BD     		pop	{r7, pc}
 349              	.L20:
 350 000e 00BF     		.align	2
 351              	.L19:
 352 0010 00000000 		.word	hfdcan1
 353              		.cfi_endproc
 354              	.LFE158:
 356              		.section	.text.OTG_HS_IRQHandler,"ax",%progbits
 357              		.align	1
 358              		.global	OTG_HS_IRQHandler
 359              		.syntax unified
ARM GAS  C:\Users\Su\AppData\Local\Temp\ccXNEmG5.s 			page 11


 360              		.thumb
 361              		.thumb_func
 363              	OTG_HS_IRQHandler:
 364              	.LFB159:
 234:Core/Src/stm32h7xx_it.c **** 
 235:Core/Src/stm32h7xx_it.c **** /**
 236:Core/Src/stm32h7xx_it.c ****   * @brief This function handles USB On The Go HS global interrupt.
 237:Core/Src/stm32h7xx_it.c ****   */
 238:Core/Src/stm32h7xx_it.c **** void OTG_HS_IRQHandler(void)
 239:Core/Src/stm32h7xx_it.c **** {
 365              		.loc 1 239 1
 366              		.cfi_startproc
 367              		@ args = 0, pretend = 0, frame = 0
 368              		@ frame_needed = 1, uses_anonymous_args = 0
 369 0000 80B5     		push	{r7, lr}
 370              	.LCFI28:
 371              		.cfi_def_cfa_offset 8
 372              		.cfi_offset 7, -8
 373              		.cfi_offset 14, -4
 374 0002 00AF     		add	r7, sp, #0
 375              	.LCFI29:
 376              		.cfi_def_cfa_register 7
 240:Core/Src/stm32h7xx_it.c ****   /* USER CODE BEGIN OTG_HS_IRQn 0 */
 241:Core/Src/stm32h7xx_it.c **** 
 242:Core/Src/stm32h7xx_it.c ****   /* USER CODE END OTG_HS_IRQn 0 */
 243:Core/Src/stm32h7xx_it.c ****   HAL_PCD_IRQHandler(&hpcd_USB_OTG_HS);
 377              		.loc 1 243 3
 378 0004 0248     		ldr	r0, .L22
 379 0006 FFF7FEFF 		bl	HAL_PCD_IRQHandler
 244:Core/Src/stm32h7xx_it.c ****   /* USER CODE BEGIN OTG_HS_IRQn 1 */
 245:Core/Src/stm32h7xx_it.c **** 
 246:Core/Src/stm32h7xx_it.c ****   /* USER CODE END OTG_HS_IRQn 1 */
 247:Core/Src/stm32h7xx_it.c **** }
 380              		.loc 1 247 1
 381 000a 00BF     		nop
 382 000c 80BD     		pop	{r7, pc}
 383              	.L23:
 384 000e 00BF     		.align	2
 385              	.L22:
 386 0010 00000000 		.word	hpcd_USB_OTG_HS
 387              		.cfi_endproc
 388              	.LFE159:
 390              		.section	.text.HAL_FDCAN_RxFifo0Callback,"ax",%progbits
 391              		.align	1
 392              		.global	HAL_FDCAN_RxFifo0Callback
 393              		.syntax unified
 394              		.thumb
 395              		.thumb_func
 397              	HAL_FDCAN_RxFifo0Callback:
 398              	.LFB160:
 248:Core/Src/stm32h7xx_it.c **** 
 249:Core/Src/stm32h7xx_it.c **** /* USER CODE BEGIN 1 */
 250:Core/Src/stm32h7xx_it.c **** 
 251:Core/Src/stm32h7xx_it.c **** void HAL_FDCAN_RxFifo0Callback(FDCAN_HandleTypeDef *hfdcan, uint32_t RxFifo0ITs)
 252:Core/Src/stm32h7xx_it.c **** {
 399              		.loc 1 252 1
 400              		.cfi_startproc
ARM GAS  C:\Users\Su\AppData\Local\Temp\ccXNEmG5.s 			page 12


 401              		@ args = 0, pretend = 0, frame = 16
 402              		@ frame_needed = 1, uses_anonymous_args = 0
 403 0000 80B5     		push	{r7, lr}
 404              	.LCFI30:
 405              		.cfi_def_cfa_offset 8
 406              		.cfi_offset 7, -8
 407              		.cfi_offset 14, -4
 408 0002 84B0     		sub	sp, sp, #16
 409              	.LCFI31:
 410              		.cfi_def_cfa_offset 24
 411 0004 00AF     		add	r7, sp, #0
 412              	.LCFI32:
 413              		.cfi_def_cfa_register 7
 414 0006 7860     		str	r0, [r7, #4]
 415 0008 3960     		str	r1, [r7]
 253:Core/Src/stm32h7xx_it.c ****   HAL_FDCAN_GetRxMessage(hfdcan, FDCAN_RX_FIFO0, &rxHeader, rxData);
 416              		.loc 1 253 3
 417 000a 334B     		ldr	r3, .L29
 418 000c 334A     		ldr	r2, .L29+4
 419 000e 4021     		movs	r1, #64
 420 0010 7868     		ldr	r0, [r7, #4]
 421 0012 FFF7FEFF 		bl	HAL_FDCAN_GetRxMessage
 254:Core/Src/stm32h7xx_it.c **** 
 255:Core/Src/stm32h7xx_it.c ****   if(rxHeader.Identifier > 0x580){
 422              		.loc 1 255 14
 423 0016 314B     		ldr	r3, .L29+4
 424 0018 1B68     		ldr	r3, [r3]
 425              		.loc 1 255 5
 426 001a B3F5B06F 		cmp	r3, #1408
 427 001e 41D9     		bls	.L25
 428              	.LBB2:
 256:Core/Src/stm32h7xx_it.c ****     u8 node_id = rxHeader.Identifier - 0x580;
 429              		.loc 1 256 26
 430 0020 2E4B     		ldr	r3, .L29+4
 431 0022 1B68     		ldr	r3, [r3]
 432              		.loc 1 256 38
 433 0024 DBB2     		uxtb	r3, r3
 434              		.loc 1 256 8
 435 0026 803B     		subs	r3, r3, #128
 436 0028 FB73     		strb	r3, [r7, #15]
 257:Core/Src/stm32h7xx_it.c ****     u16 index = (((u16)rxData[2]) << 8) | rxData[1];
 437              		.loc 1 257 30
 438 002a 2B4B     		ldr	r3, .L29
 439 002c 9B78     		ldrb	r3, [r3, #2]	@ zero_extendqisi2
 440              		.loc 1 257 35
 441 002e 1B02     		lsls	r3, r3, #8
 442              		.loc 1 257 41
 443 0030 1AB2     		sxth	r2, r3
 444              		.loc 1 257 49
 445 0032 294B     		ldr	r3, .L29
 446 0034 5B78     		ldrb	r3, [r3, #1]	@ zero_extendqisi2
 447 0036 1BB2     		sxth	r3, r3
 448              		.loc 1 257 41
 449 0038 1343     		orrs	r3, r3, r2
 450 003a 1BB2     		sxth	r3, r3
 451              		.loc 1 257 9
 452 003c BB81     		strh	r3, [r7, #12]	@ movhi
ARM GAS  C:\Users\Su\AppData\Local\Temp\ccXNEmG5.s 			page 13


 258:Core/Src/stm32h7xx_it.c ****     switch (index) {
 453              		.loc 1 258 5
 454 003e BB89     		ldrh	r3, [r7, #12]
 455 0040 46F26302 		movw	r2, #24675
 456 0044 9342     		cmp	r3, r2
 457 0046 18D0     		beq	.L26
 458 0048 46F26902 		movw	r2, #24681
 459 004c 9342     		cmp	r3, r2
 460 004e 3CD1     		bne	.L28
 259:Core/Src/stm32h7xx_it.c ****       case 0x6069:
 260:Core/Src/stm32h7xx_it.c ****         hollysys_spd[node_id - 1] = ((s32)rxData[7] << 24) | ((s32)rxData[6] << 16) | ((s32)rxData[
 461              		.loc 1 260 49
 462 0050 214B     		ldr	r3, .L29
 463 0052 DB79     		ldrb	r3, [r3, #7]	@ zero_extendqisi2
 464              		.loc 1 260 53
 465 0054 1A06     		lsls	r2, r3, #24
 466              		.loc 1 260 74
 467 0056 204B     		ldr	r3, .L29
 468 0058 9B79     		ldrb	r3, [r3, #6]	@ zero_extendqisi2
 469              		.loc 1 260 78
 470 005a 1B04     		lsls	r3, r3, #16
 471              		.loc 1 260 60
 472 005c 1A43     		orrs	r2, r2, r3
 473              		.loc 1 260 99
 474 005e 1E4B     		ldr	r3, .L29
 475 0060 5B79     		ldrb	r3, [r3, #5]	@ zero_extendqisi2
 476              		.loc 1 260 103
 477 0062 1B02     		lsls	r3, r3, #8
 478              		.loc 1 260 85
 479 0064 1A43     		orrs	r2, r2, r3
 480              		.loc 1 260 122
 481 0066 1C4B     		ldr	r3, .L29
 482 0068 1B79     		ldrb	r3, [r3, #4]	@ zero_extendqisi2
 483              		.loc 1 260 111
 484 006a 1946     		mov	r1, r3
 485              		.loc 1 260 30
 486 006c FB7B     		ldrb	r3, [r7, #15]	@ zero_extendqisi2
 487 006e 013B     		subs	r3, r3, #1
 488              		.loc 1 260 109
 489 0070 0A43     		orrs	r2, r2, r1
 490              		.loc 1 260 35
 491 0072 1B49     		ldr	r1, .L29+8
 492 0074 41F82320 		str	r2, [r1, r3, lsl #2]
 261:Core/Src/stm32h7xx_it.c ****         break;
 493              		.loc 1 261 9
 494 0078 27E0     		b	.L28
 495              	.L26:
 262:Core/Src/stm32h7xx_it.c ****       case 0x6063:
 263:Core/Src/stm32h7xx_it.c ****         hollysys_pos[node_id - 1] = ((s32)rxData[7] << 24) | ((s32)rxData[6] << 16) | ((s32)rxData[
 496              		.loc 1 263 49
 497 007a 174B     		ldr	r3, .L29
 498 007c DB79     		ldrb	r3, [r3, #7]	@ zero_extendqisi2
 499              		.loc 1 263 53
 500 007e 1A06     		lsls	r2, r3, #24
 501              		.loc 1 263 74
 502 0080 154B     		ldr	r3, .L29
 503 0082 9B79     		ldrb	r3, [r3, #6]	@ zero_extendqisi2
ARM GAS  C:\Users\Su\AppData\Local\Temp\ccXNEmG5.s 			page 14


 504              		.loc 1 263 78
 505 0084 1B04     		lsls	r3, r3, #16
 506              		.loc 1 263 60
 507 0086 1A43     		orrs	r2, r2, r3
 508              		.loc 1 263 99
 509 0088 134B     		ldr	r3, .L29
 510 008a 5B79     		ldrb	r3, [r3, #5]	@ zero_extendqisi2
 511              		.loc 1 263 103
 512 008c 1B02     		lsls	r3, r3, #8
 513              		.loc 1 263 85
 514 008e 1A43     		orrs	r2, r2, r3
 515              		.loc 1 263 122
 516 0090 114B     		ldr	r3, .L29
 517 0092 1B79     		ldrb	r3, [r3, #4]	@ zero_extendqisi2
 518              		.loc 1 263 111
 519 0094 1946     		mov	r1, r3
 520              		.loc 1 263 30
 521 0096 FB7B     		ldrb	r3, [r7, #15]	@ zero_extendqisi2
 522 0098 013B     		subs	r3, r3, #1
 523              		.loc 1 263 109
 524 009a 0A43     		orrs	r2, r2, r1
 525              		.loc 1 263 35
 526 009c 1149     		ldr	r1, .L29+12
 527 009e 41F82320 		str	r2, [r1, r3, lsl #2]
 264:Core/Src/stm32h7xx_it.c ****         break;
 528              		.loc 1 264 9
 529 00a2 12E0     		b	.L28
 530              	.L25:
 531              	.LBE2:
 265:Core/Src/stm32h7xx_it.c ****     }
 266:Core/Src/stm32h7xx_it.c ****   }
 267:Core/Src/stm32h7xx_it.c ****   else if(rxHeader.Identifier >= 0x05 && rxHeader.Identifier <= 0x08){
 532              		.loc 1 267 19
 533 00a4 0D4B     		ldr	r3, .L29+4
 534 00a6 1B68     		ldr	r3, [r3]
 535              		.loc 1 267 10
 536 00a8 042B     		cmp	r3, #4
 537 00aa 0ED9     		bls	.L28
 538              		.loc 1 267 50 discriminator 1
 539 00ac 0B4B     		ldr	r3, .L29+4
 540 00ae 1B68     		ldr	r3, [r3]
 541              		.loc 1 267 39 discriminator 1
 542 00b0 082B     		cmp	r3, #8
 543 00b2 0AD8     		bhi	.L28
 268:Core/Src/stm32h7xx_it.c ****     memcpy(&motorevo_rec[rxHeader.Identifier - 0x05], rxData, 8);
 544              		.loc 1 268 34
 545 00b4 094B     		ldr	r3, .L29+4
 546 00b6 1B68     		ldr	r3, [r3]
 547              		.loc 1 268 46
 548 00b8 053B     		subs	r3, r3, #5
 549              		.loc 1 268 12
 550 00ba DB00     		lsls	r3, r3, #3
 551 00bc 0A4A     		ldr	r2, .L29+16
 552 00be 1344     		add	r3, r3, r2
 553              		.loc 1 268 5
 554 00c0 0822     		movs	r2, #8
 555 00c2 0549     		ldr	r1, .L29
ARM GAS  C:\Users\Su\AppData\Local\Temp\ccXNEmG5.s 			page 15


 556 00c4 1846     		mov	r0, r3
 557 00c6 FFF7FEFF 		bl	memcpy
 558              	.L28:
 269:Core/Src/stm32h7xx_it.c ****   }
 270:Core/Src/stm32h7xx_it.c ****   int test = 0;
 559              		.loc 1 270 7
 560 00ca 0023     		movs	r3, #0
 561 00cc BB60     		str	r3, [r7, #8]
 271:Core/Src/stm32h7xx_it.c **** }
 562              		.loc 1 271 1
 563 00ce 00BF     		nop
 564 00d0 1037     		adds	r7, r7, #16
 565              	.LCFI33:
 566              		.cfi_def_cfa_offset 8
 567 00d2 BD46     		mov	sp, r7
 568              	.LCFI34:
 569              		.cfi_def_cfa_register 13
 570              		@ sp needed
 571 00d4 80BD     		pop	{r7, pc}
 572              	.L30:
 573 00d6 00BF     		.align	2
 574              	.L29:
 575 00d8 00000000 		.word	rxData
 576 00dc 00000000 		.word	rxHeader
 577 00e0 00000000 		.word	hollysys_spd
 578 00e4 00000000 		.word	hollysys_pos
 579 00e8 00000000 		.word	motorevo_rec
 580              		.cfi_endproc
 581              	.LFE160:
 583              		.text
 584              	.Letext0:
 585              		.file 2 "e:\\user\\bigai\\gcc_arm_none_eabi\\arm-none-eabi\\include\\machine\\_default_types.h"
 586              		.file 3 "e:\\user\\bigai\\gcc_arm_none_eabi\\arm-none-eabi\\include\\sys\\_stdint.h"
 587              		.file 4 "Drivers/CMSIS/Device/ST/STM32H7xx/Include/stm32h723xx.h"
 588              		.file 5 "Drivers/CMSIS/Device/ST/STM32H7xx/Include/stm32h7xx.h"
 589              		.file 6 "Drivers/STM32H7xx_HAL_Driver/Inc/stm32h7xx_hal_def.h"
 590              		.file 7 "Drivers/STM32H7xx_HAL_Driver/Inc/stm32h7xx_hal_fdcan.h"
 591              		.file 8 "Drivers/STM32H7xx_HAL_Driver/Inc/stm32h7xx_ll_usb.h"
 592              		.file 9 "Drivers/STM32H7xx_HAL_Driver/Inc/stm32h7xx_hal_pcd.h"
 593              		.file 10 "Core/Inc/fdcan.h"
 594              		.file 11 "User/Inc/common.h"
 595              		.file 12 "User/Inc/hollysys.h"
 596              		.file 13 "User/Inc/motorevo.h"
ARM GAS  C:\Users\Su\AppData\Local\Temp\ccXNEmG5.s 			page 16


DEFINED SYMBOLS
                            *ABS*:00000000 stm32h7xx_it.c
C:\Users\Su\AppData\Local\Temp\ccXNEmG5.s:19     .text.NMI_Handler:00000000 $t
C:\Users\Su\AppData\Local\Temp\ccXNEmG5.s:25     .text.NMI_Handler:00000000 NMI_Handler
C:\Users\Su\AppData\Local\Temp\ccXNEmG5.s:47     .text.HardFault_Handler:00000000 $t
C:\Users\Su\AppData\Local\Temp\ccXNEmG5.s:53     .text.HardFault_Handler:00000000 HardFault_Handler
C:\Users\Su\AppData\Local\Temp\ccXNEmG5.s:74     .text.MemManage_Handler:00000000 $t
C:\Users\Su\AppData\Local\Temp\ccXNEmG5.s:80     .text.MemManage_Handler:00000000 MemManage_Handler
C:\Users\Su\AppData\Local\Temp\ccXNEmG5.s:101    .text.BusFault_Handler:00000000 $t
C:\Users\Su\AppData\Local\Temp\ccXNEmG5.s:107    .text.BusFault_Handler:00000000 BusFault_Handler
C:\Users\Su\AppData\Local\Temp\ccXNEmG5.s:128    .text.UsageFault_Handler:00000000 $t
C:\Users\Su\AppData\Local\Temp\ccXNEmG5.s:134    .text.UsageFault_Handler:00000000 UsageFault_Handler
C:\Users\Su\AppData\Local\Temp\ccXNEmG5.s:155    .text.SVC_Handler:00000000 $t
C:\Users\Su\AppData\Local\Temp\ccXNEmG5.s:161    .text.SVC_Handler:00000000 SVC_Handler
C:\Users\Su\AppData\Local\Temp\ccXNEmG5.s:190    .text.DebugMon_Handler:00000000 $t
C:\Users\Su\AppData\Local\Temp\ccXNEmG5.s:196    .text.DebugMon_Handler:00000000 DebugMon_Handler
C:\Users\Su\AppData\Local\Temp\ccXNEmG5.s:225    .text.PendSV_Handler:00000000 $t
C:\Users\Su\AppData\Local\Temp\ccXNEmG5.s:231    .text.PendSV_Handler:00000000 PendSV_Handler
C:\Users\Su\AppData\Local\Temp\ccXNEmG5.s:260    .text.SysTick_Handler:00000000 $t
C:\Users\Su\AppData\Local\Temp\ccXNEmG5.s:266    .text.SysTick_Handler:00000000 SysTick_Handler
C:\Users\Su\AppData\Local\Temp\ccXNEmG5.s:289    .text.FDCAN1_IT0_IRQHandler:00000000 $t
C:\Users\Su\AppData\Local\Temp\ccXNEmG5.s:295    .text.FDCAN1_IT0_IRQHandler:00000000 FDCAN1_IT0_IRQHandler
C:\Users\Su\AppData\Local\Temp\ccXNEmG5.s:318    .text.FDCAN1_IT0_IRQHandler:00000010 $d
C:\Users\Su\AppData\Local\Temp\ccXNEmG5.s:323    .text.FDCAN1_IT1_IRQHandler:00000000 $t
C:\Users\Su\AppData\Local\Temp\ccXNEmG5.s:329    .text.FDCAN1_IT1_IRQHandler:00000000 FDCAN1_IT1_IRQHandler
C:\Users\Su\AppData\Local\Temp\ccXNEmG5.s:352    .text.FDCAN1_IT1_IRQHandler:00000010 $d
C:\Users\Su\AppData\Local\Temp\ccXNEmG5.s:357    .text.OTG_HS_IRQHandler:00000000 $t
C:\Users\Su\AppData\Local\Temp\ccXNEmG5.s:363    .text.OTG_HS_IRQHandler:00000000 OTG_HS_IRQHandler
C:\Users\Su\AppData\Local\Temp\ccXNEmG5.s:386    .text.OTG_HS_IRQHandler:00000010 $d
C:\Users\Su\AppData\Local\Temp\ccXNEmG5.s:391    .text.HAL_FDCAN_RxFifo0Callback:00000000 $t
C:\Users\Su\AppData\Local\Temp\ccXNEmG5.s:397    .text.HAL_FDCAN_RxFifo0Callback:00000000 HAL_FDCAN_RxFifo0Callback
C:\Users\Su\AppData\Local\Temp\ccXNEmG5.s:575    .text.HAL_FDCAN_RxFifo0Callback:000000d8 $d

UNDEFINED SYMBOLS
HAL_IncTick
HAL_FDCAN_IRQHandler
hfdcan1
HAL_PCD_IRQHandler
hpcd_USB_OTG_HS
HAL_FDCAN_GetRxMessage
memcpy
rxData
rxHeader
hollysys_spd
hollysys_pos
motorevo_rec
