ARM GAS  C:\Users\Su\AppData\Local\Temp\ccD1x5mk.s 			page 1


   1              		.cpu cortex-m7
   2              		.arch armv7e-m
   3              		.fpu fpv5-d16
   4              		.eabi_attribute 28, 1
   5              		.eabi_attribute 20, 1
   6              		.eabi_attribute 21, 1
   7              		.eabi_attribute 23, 3
   8              		.eabi_attribute 24, 1
   9              		.eabi_attribute 25, 1
  10              		.eabi_attribute 26, 1
  11              		.eabi_attribute 30, 6
  12              		.eabi_attribute 34, 1
  13              		.eabi_attribute 18, 4
  14              		.file	"stm32h7xx_hal_i2c_ex.c"
  15              		.text
  16              	.Ltext0:
  17              		.cfi_sections	.debug_frame
  18              		.section	.text.HAL_I2CEx_ConfigAnalogFilter,"ax",%progbits
  19              		.align	1
  20              		.global	HAL_I2CEx_ConfigAnalogFilter
  21              		.syntax unified
  22              		.thumb
  23              		.thumb_func
  25              	HAL_I2CEx_ConfigAnalogFilter:
  26              	.LFB144:
  27              		.file 1 "Drivers/STM32H7xx_HAL_Driver/Src/stm32h7xx_hal_i2c_ex.c"
   1:Drivers/STM32H7xx_HAL_Driver/Src/stm32h7xx_hal_i2c_ex.c **** /**
   2:Drivers/STM32H7xx_HAL_Driver/Src/stm32h7xx_hal_i2c_ex.c ****   ******************************************************************************
   3:Drivers/STM32H7xx_HAL_Driver/Src/stm32h7xx_hal_i2c_ex.c ****   * @file    stm32h7xx_hal_i2c_ex.c
   4:Drivers/STM32H7xx_HAL_Driver/Src/stm32h7xx_hal_i2c_ex.c ****   * @author  MCD Application Team
   5:Drivers/STM32H7xx_HAL_Driver/Src/stm32h7xx_hal_i2c_ex.c ****   * @brief   I2C Extended HAL module driver.
   6:Drivers/STM32H7xx_HAL_Driver/Src/stm32h7xx_hal_i2c_ex.c ****   *          This file provides firmware functions to manage the following
   7:Drivers/STM32H7xx_HAL_Driver/Src/stm32h7xx_hal_i2c_ex.c ****   *          functionalities of I2C Extended peripheral:
   8:Drivers/STM32H7xx_HAL_Driver/Src/stm32h7xx_hal_i2c_ex.c ****   *           + Filter Mode Functions
   9:Drivers/STM32H7xx_HAL_Driver/Src/stm32h7xx_hal_i2c_ex.c ****   *           + WakeUp Mode Functions
  10:Drivers/STM32H7xx_HAL_Driver/Src/stm32h7xx_hal_i2c_ex.c ****   *           + FastModePlus Functions
  11:Drivers/STM32H7xx_HAL_Driver/Src/stm32h7xx_hal_i2c_ex.c ****   *
  12:Drivers/STM32H7xx_HAL_Driver/Src/stm32h7xx_hal_i2c_ex.c ****   ******************************************************************************
  13:Drivers/STM32H7xx_HAL_Driver/Src/stm32h7xx_hal_i2c_ex.c ****   * @attention
  14:Drivers/STM32H7xx_HAL_Driver/Src/stm32h7xx_hal_i2c_ex.c ****   *
  15:Drivers/STM32H7xx_HAL_Driver/Src/stm32h7xx_hal_i2c_ex.c ****   * Copyright (c) 2017 STMicroelectronics.
  16:Drivers/STM32H7xx_HAL_Driver/Src/stm32h7xx_hal_i2c_ex.c ****   * All rights reserved.
  17:Drivers/STM32H7xx_HAL_Driver/Src/stm32h7xx_hal_i2c_ex.c ****   *
  18:Drivers/STM32H7xx_HAL_Driver/Src/stm32h7xx_hal_i2c_ex.c ****   * This software is licensed under terms that can be found in the LICENSE file
  19:Drivers/STM32H7xx_HAL_Driver/Src/stm32h7xx_hal_i2c_ex.c ****   * in the root directory of this software component.
  20:Drivers/STM32H7xx_HAL_Driver/Src/stm32h7xx_hal_i2c_ex.c ****   * If no LICENSE file comes with this software, it is provided AS-IS.
  21:Drivers/STM32H7xx_HAL_Driver/Src/stm32h7xx_hal_i2c_ex.c ****   *
  22:Drivers/STM32H7xx_HAL_Driver/Src/stm32h7xx_hal_i2c_ex.c ****   ******************************************************************************
  23:Drivers/STM32H7xx_HAL_Driver/Src/stm32h7xx_hal_i2c_ex.c ****   @verbatim
  24:Drivers/STM32H7xx_HAL_Driver/Src/stm32h7xx_hal_i2c_ex.c ****   ==============================================================================
  25:Drivers/STM32H7xx_HAL_Driver/Src/stm32h7xx_hal_i2c_ex.c ****                ##### I2C peripheral Extended features  #####
  26:Drivers/STM32H7xx_HAL_Driver/Src/stm32h7xx_hal_i2c_ex.c ****   ==============================================================================
  27:Drivers/STM32H7xx_HAL_Driver/Src/stm32h7xx_hal_i2c_ex.c **** 
  28:Drivers/STM32H7xx_HAL_Driver/Src/stm32h7xx_hal_i2c_ex.c ****   [..] Comparing to other previous devices, the I2C interface for STM32H7xx
  29:Drivers/STM32H7xx_HAL_Driver/Src/stm32h7xx_hal_i2c_ex.c ****        devices contains the following additional features
  30:Drivers/STM32H7xx_HAL_Driver/Src/stm32h7xx_hal_i2c_ex.c **** 
  31:Drivers/STM32H7xx_HAL_Driver/Src/stm32h7xx_hal_i2c_ex.c ****        (+) Possibility to disable or enable Analog Noise Filter
ARM GAS  C:\Users\Su\AppData\Local\Temp\ccD1x5mk.s 			page 2


  32:Drivers/STM32H7xx_HAL_Driver/Src/stm32h7xx_hal_i2c_ex.c ****        (+) Use of a configured Digital Noise Filter
  33:Drivers/STM32H7xx_HAL_Driver/Src/stm32h7xx_hal_i2c_ex.c ****        (+) Disable or enable wakeup from Stop mode(s)
  34:Drivers/STM32H7xx_HAL_Driver/Src/stm32h7xx_hal_i2c_ex.c ****        (+) Disable or enable Fast Mode Plus
  35:Drivers/STM32H7xx_HAL_Driver/Src/stm32h7xx_hal_i2c_ex.c **** 
  36:Drivers/STM32H7xx_HAL_Driver/Src/stm32h7xx_hal_i2c_ex.c ****                      ##### How to use this driver #####
  37:Drivers/STM32H7xx_HAL_Driver/Src/stm32h7xx_hal_i2c_ex.c ****   ==============================================================================
  38:Drivers/STM32H7xx_HAL_Driver/Src/stm32h7xx_hal_i2c_ex.c ****   [..] This driver provides functions to configure Noise Filter and Wake Up Feature
  39:Drivers/STM32H7xx_HAL_Driver/Src/stm32h7xx_hal_i2c_ex.c ****     (#) Configure I2C Analog noise filter using the function HAL_I2CEx_ConfigAnalogFilter()
  40:Drivers/STM32H7xx_HAL_Driver/Src/stm32h7xx_hal_i2c_ex.c ****     (#) Configure I2C Digital noise filter using the function HAL_I2CEx_ConfigDigitalFilter()
  41:Drivers/STM32H7xx_HAL_Driver/Src/stm32h7xx_hal_i2c_ex.c ****     (#) Configure the enable or disable of I2C Wake Up Mode using the functions :
  42:Drivers/STM32H7xx_HAL_Driver/Src/stm32h7xx_hal_i2c_ex.c ****           (++) HAL_I2CEx_EnableWakeUp()
  43:Drivers/STM32H7xx_HAL_Driver/Src/stm32h7xx_hal_i2c_ex.c ****           (++) HAL_I2CEx_DisableWakeUp()
  44:Drivers/STM32H7xx_HAL_Driver/Src/stm32h7xx_hal_i2c_ex.c ****     (#) Configure the enable or disable of fast mode plus driving capability using the functions :
  45:Drivers/STM32H7xx_HAL_Driver/Src/stm32h7xx_hal_i2c_ex.c ****           (++) HAL_I2CEx_EnableFastModePlus()
  46:Drivers/STM32H7xx_HAL_Driver/Src/stm32h7xx_hal_i2c_ex.c ****           (++) HAL_I2CEx_DisableFastModePlus()
  47:Drivers/STM32H7xx_HAL_Driver/Src/stm32h7xx_hal_i2c_ex.c ****   @endverbatim
  48:Drivers/STM32H7xx_HAL_Driver/Src/stm32h7xx_hal_i2c_ex.c ****   */
  49:Drivers/STM32H7xx_HAL_Driver/Src/stm32h7xx_hal_i2c_ex.c **** 
  50:Drivers/STM32H7xx_HAL_Driver/Src/stm32h7xx_hal_i2c_ex.c **** /* Includes ------------------------------------------------------------------*/
  51:Drivers/STM32H7xx_HAL_Driver/Src/stm32h7xx_hal_i2c_ex.c **** #include "stm32h7xx_hal.h"
  52:Drivers/STM32H7xx_HAL_Driver/Src/stm32h7xx_hal_i2c_ex.c **** 
  53:Drivers/STM32H7xx_HAL_Driver/Src/stm32h7xx_hal_i2c_ex.c **** /** @addtogroup STM32H7xx_HAL_Driver
  54:Drivers/STM32H7xx_HAL_Driver/Src/stm32h7xx_hal_i2c_ex.c ****   * @{
  55:Drivers/STM32H7xx_HAL_Driver/Src/stm32h7xx_hal_i2c_ex.c ****   */
  56:Drivers/STM32H7xx_HAL_Driver/Src/stm32h7xx_hal_i2c_ex.c **** 
  57:Drivers/STM32H7xx_HAL_Driver/Src/stm32h7xx_hal_i2c_ex.c **** /** @defgroup I2CEx I2CEx
  58:Drivers/STM32H7xx_HAL_Driver/Src/stm32h7xx_hal_i2c_ex.c ****   * @brief I2C Extended HAL module driver
  59:Drivers/STM32H7xx_HAL_Driver/Src/stm32h7xx_hal_i2c_ex.c ****   * @{
  60:Drivers/STM32H7xx_HAL_Driver/Src/stm32h7xx_hal_i2c_ex.c ****   */
  61:Drivers/STM32H7xx_HAL_Driver/Src/stm32h7xx_hal_i2c_ex.c **** 
  62:Drivers/STM32H7xx_HAL_Driver/Src/stm32h7xx_hal_i2c_ex.c **** #ifdef HAL_I2C_MODULE_ENABLED
  63:Drivers/STM32H7xx_HAL_Driver/Src/stm32h7xx_hal_i2c_ex.c **** 
  64:Drivers/STM32H7xx_HAL_Driver/Src/stm32h7xx_hal_i2c_ex.c **** /* Private typedef -----------------------------------------------------------*/
  65:Drivers/STM32H7xx_HAL_Driver/Src/stm32h7xx_hal_i2c_ex.c **** /* Private define ------------------------------------------------------------*/
  66:Drivers/STM32H7xx_HAL_Driver/Src/stm32h7xx_hal_i2c_ex.c **** /* Private macro -------------------------------------------------------------*/
  67:Drivers/STM32H7xx_HAL_Driver/Src/stm32h7xx_hal_i2c_ex.c **** /* Private variables ---------------------------------------------------------*/
  68:Drivers/STM32H7xx_HAL_Driver/Src/stm32h7xx_hal_i2c_ex.c **** /* Private function prototypes -----------------------------------------------*/
  69:Drivers/STM32H7xx_HAL_Driver/Src/stm32h7xx_hal_i2c_ex.c **** /* Private functions ---------------------------------------------------------*/
  70:Drivers/STM32H7xx_HAL_Driver/Src/stm32h7xx_hal_i2c_ex.c **** 
  71:Drivers/STM32H7xx_HAL_Driver/Src/stm32h7xx_hal_i2c_ex.c **** /** @defgroup I2CEx_Exported_Functions I2C Extended Exported Functions
  72:Drivers/STM32H7xx_HAL_Driver/Src/stm32h7xx_hal_i2c_ex.c ****   * @{
  73:Drivers/STM32H7xx_HAL_Driver/Src/stm32h7xx_hal_i2c_ex.c ****   */
  74:Drivers/STM32H7xx_HAL_Driver/Src/stm32h7xx_hal_i2c_ex.c **** 
  75:Drivers/STM32H7xx_HAL_Driver/Src/stm32h7xx_hal_i2c_ex.c **** /** @defgroup I2CEx_Exported_Functions_Group1 Filter Mode Functions
  76:Drivers/STM32H7xx_HAL_Driver/Src/stm32h7xx_hal_i2c_ex.c ****   * @brief    Filter Mode Functions
  77:Drivers/STM32H7xx_HAL_Driver/Src/stm32h7xx_hal_i2c_ex.c ****   *
  78:Drivers/STM32H7xx_HAL_Driver/Src/stm32h7xx_hal_i2c_ex.c **** @verbatim
  79:Drivers/STM32H7xx_HAL_Driver/Src/stm32h7xx_hal_i2c_ex.c ****  ===============================================================================
  80:Drivers/STM32H7xx_HAL_Driver/Src/stm32h7xx_hal_i2c_ex.c ****                       ##### Filter Mode Functions #####
  81:Drivers/STM32H7xx_HAL_Driver/Src/stm32h7xx_hal_i2c_ex.c ****  ===============================================================================
  82:Drivers/STM32H7xx_HAL_Driver/Src/stm32h7xx_hal_i2c_ex.c ****     [..] This section provides functions allowing to:
  83:Drivers/STM32H7xx_HAL_Driver/Src/stm32h7xx_hal_i2c_ex.c ****       (+) Configure Noise Filters
  84:Drivers/STM32H7xx_HAL_Driver/Src/stm32h7xx_hal_i2c_ex.c **** 
  85:Drivers/STM32H7xx_HAL_Driver/Src/stm32h7xx_hal_i2c_ex.c **** @endverbatim
  86:Drivers/STM32H7xx_HAL_Driver/Src/stm32h7xx_hal_i2c_ex.c ****   * @{
  87:Drivers/STM32H7xx_HAL_Driver/Src/stm32h7xx_hal_i2c_ex.c ****   */
  88:Drivers/STM32H7xx_HAL_Driver/Src/stm32h7xx_hal_i2c_ex.c **** 
ARM GAS  C:\Users\Su\AppData\Local\Temp\ccD1x5mk.s 			page 3


  89:Drivers/STM32H7xx_HAL_Driver/Src/stm32h7xx_hal_i2c_ex.c **** /**
  90:Drivers/STM32H7xx_HAL_Driver/Src/stm32h7xx_hal_i2c_ex.c ****   * @brief  Configure I2C Analog noise filter.
  91:Drivers/STM32H7xx_HAL_Driver/Src/stm32h7xx_hal_i2c_ex.c ****   * @param  hi2c Pointer to a I2C_HandleTypeDef structure that contains
  92:Drivers/STM32H7xx_HAL_Driver/Src/stm32h7xx_hal_i2c_ex.c ****   *                the configuration information for the specified I2Cx peripheral.
  93:Drivers/STM32H7xx_HAL_Driver/Src/stm32h7xx_hal_i2c_ex.c ****   * @param  AnalogFilter New state of the Analog filter.
  94:Drivers/STM32H7xx_HAL_Driver/Src/stm32h7xx_hal_i2c_ex.c ****   * @retval HAL status
  95:Drivers/STM32H7xx_HAL_Driver/Src/stm32h7xx_hal_i2c_ex.c ****   */
  96:Drivers/STM32H7xx_HAL_Driver/Src/stm32h7xx_hal_i2c_ex.c **** HAL_StatusTypeDef HAL_I2CEx_ConfigAnalogFilter(I2C_HandleTypeDef *hi2c, uint32_t AnalogFilter)
  97:Drivers/STM32H7xx_HAL_Driver/Src/stm32h7xx_hal_i2c_ex.c **** {
  28              		.loc 1 97 1
  29              		.cfi_startproc
  30              		@ args = 0, pretend = 0, frame = 8
  31              		@ frame_needed = 1, uses_anonymous_args = 0
  32              		@ link register save eliminated.
  33 0000 80B4     		push	{r7}
  34              	.LCFI0:
  35              		.cfi_def_cfa_offset 4
  36              		.cfi_offset 7, -4
  37 0002 83B0     		sub	sp, sp, #12
  38              	.LCFI1:
  39              		.cfi_def_cfa_offset 16
  40 0004 00AF     		add	r7, sp, #0
  41              	.LCFI2:
  42              		.cfi_def_cfa_register 7
  43 0006 7860     		str	r0, [r7, #4]
  44 0008 3960     		str	r1, [r7]
  98:Drivers/STM32H7xx_HAL_Driver/Src/stm32h7xx_hal_i2c_ex.c ****   /* Check the parameters */
  99:Drivers/STM32H7xx_HAL_Driver/Src/stm32h7xx_hal_i2c_ex.c ****   assert_param(IS_I2C_ALL_INSTANCE(hi2c->Instance));
 100:Drivers/STM32H7xx_HAL_Driver/Src/stm32h7xx_hal_i2c_ex.c ****   assert_param(IS_I2C_ANALOG_FILTER(AnalogFilter));
 101:Drivers/STM32H7xx_HAL_Driver/Src/stm32h7xx_hal_i2c_ex.c **** 
 102:Drivers/STM32H7xx_HAL_Driver/Src/stm32h7xx_hal_i2c_ex.c ****   if (hi2c->State == HAL_I2C_STATE_READY)
  45              		.loc 1 102 11
  46 000a 7B68     		ldr	r3, [r7, #4]
  47 000c 93F84130 		ldrb	r3, [r3, #65]
  48 0010 DBB2     		uxtb	r3, r3
  49              		.loc 1 102 6
  50 0012 202B     		cmp	r3, #32
  51 0014 38D1     		bne	.L2
 103:Drivers/STM32H7xx_HAL_Driver/Src/stm32h7xx_hal_i2c_ex.c ****   {
 104:Drivers/STM32H7xx_HAL_Driver/Src/stm32h7xx_hal_i2c_ex.c ****     /* Process Locked */
 105:Drivers/STM32H7xx_HAL_Driver/Src/stm32h7xx_hal_i2c_ex.c ****     __HAL_LOCK(hi2c);
  52              		.loc 1 105 5
  53 0016 7B68     		ldr	r3, [r7, #4]
  54 0018 93F84030 		ldrb	r3, [r3, #64]	@ zero_extendqisi2
  55 001c 012B     		cmp	r3, #1
  56 001e 01D1     		bne	.L3
  57              		.loc 1 105 5 is_stmt 0 discriminator 1
  58 0020 0223     		movs	r3, #2
  59 0022 32E0     		b	.L4
  60              	.L3:
  61              		.loc 1 105 5 discriminator 2
  62 0024 7B68     		ldr	r3, [r7, #4]
  63 0026 0122     		movs	r2, #1
  64 0028 83F84020 		strb	r2, [r3, #64]
 106:Drivers/STM32H7xx_HAL_Driver/Src/stm32h7xx_hal_i2c_ex.c **** 
 107:Drivers/STM32H7xx_HAL_Driver/Src/stm32h7xx_hal_i2c_ex.c ****     hi2c->State = HAL_I2C_STATE_BUSY;
  65              		.loc 1 107 17 is_stmt 1 discriminator 2
ARM GAS  C:\Users\Su\AppData\Local\Temp\ccD1x5mk.s 			page 4


  66 002c 7B68     		ldr	r3, [r7, #4]
  67 002e 2422     		movs	r2, #36
  68 0030 83F84120 		strb	r2, [r3, #65]
 108:Drivers/STM32H7xx_HAL_Driver/Src/stm32h7xx_hal_i2c_ex.c **** 
 109:Drivers/STM32H7xx_HAL_Driver/Src/stm32h7xx_hal_i2c_ex.c ****     /* Disable the selected I2C peripheral */
 110:Drivers/STM32H7xx_HAL_Driver/Src/stm32h7xx_hal_i2c_ex.c ****     __HAL_I2C_DISABLE(hi2c);
  69              		.loc 1 110 5 discriminator 2
  70 0034 7B68     		ldr	r3, [r7, #4]
  71 0036 1B68     		ldr	r3, [r3]
  72 0038 1A68     		ldr	r2, [r3]
  73 003a 7B68     		ldr	r3, [r7, #4]
  74 003c 1B68     		ldr	r3, [r3]
  75 003e 22F00102 		bic	r2, r2, #1
  76 0042 1A60     		str	r2, [r3]
 111:Drivers/STM32H7xx_HAL_Driver/Src/stm32h7xx_hal_i2c_ex.c **** 
 112:Drivers/STM32H7xx_HAL_Driver/Src/stm32h7xx_hal_i2c_ex.c ****     /* Reset I2Cx ANOFF bit */
 113:Drivers/STM32H7xx_HAL_Driver/Src/stm32h7xx_hal_i2c_ex.c ****     hi2c->Instance->CR1 &= ~(I2C_CR1_ANFOFF);
  77              		.loc 1 113 9 discriminator 2
  78 0044 7B68     		ldr	r3, [r7, #4]
  79 0046 1B68     		ldr	r3, [r3]
  80              		.loc 1 113 25 discriminator 2
  81 0048 1A68     		ldr	r2, [r3]
  82              		.loc 1 113 9 discriminator 2
  83 004a 7B68     		ldr	r3, [r7, #4]
  84 004c 1B68     		ldr	r3, [r3]
  85              		.loc 1 113 25 discriminator 2
  86 004e 22F48052 		bic	r2, r2, #4096
  87 0052 1A60     		str	r2, [r3]
 114:Drivers/STM32H7xx_HAL_Driver/Src/stm32h7xx_hal_i2c_ex.c **** 
 115:Drivers/STM32H7xx_HAL_Driver/Src/stm32h7xx_hal_i2c_ex.c ****     /* Set analog filter bit*/
 116:Drivers/STM32H7xx_HAL_Driver/Src/stm32h7xx_hal_i2c_ex.c ****     hi2c->Instance->CR1 |= AnalogFilter;
  88              		.loc 1 116 9 discriminator 2
  89 0054 7B68     		ldr	r3, [r7, #4]
  90 0056 1B68     		ldr	r3, [r3]
  91              		.loc 1 116 25 discriminator 2
  92 0058 1968     		ldr	r1, [r3]
  93              		.loc 1 116 9 discriminator 2
  94 005a 7B68     		ldr	r3, [r7, #4]
  95 005c 1B68     		ldr	r3, [r3]
  96              		.loc 1 116 25 discriminator 2
  97 005e 3A68     		ldr	r2, [r7]
  98 0060 0A43     		orrs	r2, r2, r1
  99 0062 1A60     		str	r2, [r3]
 117:Drivers/STM32H7xx_HAL_Driver/Src/stm32h7xx_hal_i2c_ex.c **** 
 118:Drivers/STM32H7xx_HAL_Driver/Src/stm32h7xx_hal_i2c_ex.c ****     __HAL_I2C_ENABLE(hi2c);
 100              		.loc 1 118 5 discriminator 2
 101 0064 7B68     		ldr	r3, [r7, #4]
 102 0066 1B68     		ldr	r3, [r3]
 103 0068 1A68     		ldr	r2, [r3]
 104 006a 7B68     		ldr	r3, [r7, #4]
 105 006c 1B68     		ldr	r3, [r3]
 106 006e 42F00102 		orr	r2, r2, #1
 107 0072 1A60     		str	r2, [r3]
 119:Drivers/STM32H7xx_HAL_Driver/Src/stm32h7xx_hal_i2c_ex.c **** 
 120:Drivers/STM32H7xx_HAL_Driver/Src/stm32h7xx_hal_i2c_ex.c ****     hi2c->State = HAL_I2C_STATE_READY;
 108              		.loc 1 120 17 discriminator 2
 109 0074 7B68     		ldr	r3, [r7, #4]
ARM GAS  C:\Users\Su\AppData\Local\Temp\ccD1x5mk.s 			page 5


 110 0076 2022     		movs	r2, #32
 111 0078 83F84120 		strb	r2, [r3, #65]
 121:Drivers/STM32H7xx_HAL_Driver/Src/stm32h7xx_hal_i2c_ex.c **** 
 122:Drivers/STM32H7xx_HAL_Driver/Src/stm32h7xx_hal_i2c_ex.c ****     /* Process Unlocked */
 123:Drivers/STM32H7xx_HAL_Driver/Src/stm32h7xx_hal_i2c_ex.c ****     __HAL_UNLOCK(hi2c);
 112              		.loc 1 123 5 discriminator 2
 113 007c 7B68     		ldr	r3, [r7, #4]
 114 007e 0022     		movs	r2, #0
 115 0080 83F84020 		strb	r2, [r3, #64]
 124:Drivers/STM32H7xx_HAL_Driver/Src/stm32h7xx_hal_i2c_ex.c **** 
 125:Drivers/STM32H7xx_HAL_Driver/Src/stm32h7xx_hal_i2c_ex.c ****     return HAL_OK;
 116              		.loc 1 125 12 discriminator 2
 117 0084 0023     		movs	r3, #0
 118 0086 00E0     		b	.L4
 119              	.L2:
 126:Drivers/STM32H7xx_HAL_Driver/Src/stm32h7xx_hal_i2c_ex.c ****   }
 127:Drivers/STM32H7xx_HAL_Driver/Src/stm32h7xx_hal_i2c_ex.c ****   else
 128:Drivers/STM32H7xx_HAL_Driver/Src/stm32h7xx_hal_i2c_ex.c ****   {
 129:Drivers/STM32H7xx_HAL_Driver/Src/stm32h7xx_hal_i2c_ex.c ****     return HAL_BUSY;
 120              		.loc 1 129 12
 121 0088 0223     		movs	r3, #2
 122              	.L4:
 130:Drivers/STM32H7xx_HAL_Driver/Src/stm32h7xx_hal_i2c_ex.c ****   }
 131:Drivers/STM32H7xx_HAL_Driver/Src/stm32h7xx_hal_i2c_ex.c **** }
 123              		.loc 1 131 1
 124 008a 1846     		mov	r0, r3
 125 008c 0C37     		adds	r7, r7, #12
 126              	.LCFI3:
 127              		.cfi_def_cfa_offset 4
 128 008e BD46     		mov	sp, r7
 129              	.LCFI4:
 130              		.cfi_def_cfa_register 13
 131              		@ sp needed
 132 0090 5DF8047B 		ldr	r7, [sp], #4
 133              	.LCFI5:
 134              		.cfi_restore 7
 135              		.cfi_def_cfa_offset 0
 136 0094 7047     		bx	lr
 137              		.cfi_endproc
 138              	.LFE144:
 140              		.section	.text.HAL_I2CEx_ConfigDigitalFilter,"ax",%progbits
 141              		.align	1
 142              		.global	HAL_I2CEx_ConfigDigitalFilter
 143              		.syntax unified
 144              		.thumb
 145              		.thumb_func
 147              	HAL_I2CEx_ConfigDigitalFilter:
 148              	.LFB145:
 132:Drivers/STM32H7xx_HAL_Driver/Src/stm32h7xx_hal_i2c_ex.c **** 
 133:Drivers/STM32H7xx_HAL_Driver/Src/stm32h7xx_hal_i2c_ex.c **** /**
 134:Drivers/STM32H7xx_HAL_Driver/Src/stm32h7xx_hal_i2c_ex.c ****   * @brief  Configure I2C Digital noise filter.
 135:Drivers/STM32H7xx_HAL_Driver/Src/stm32h7xx_hal_i2c_ex.c ****   * @param  hi2c Pointer to a I2C_HandleTypeDef structure that contains
 136:Drivers/STM32H7xx_HAL_Driver/Src/stm32h7xx_hal_i2c_ex.c ****   *                the configuration information for the specified I2Cx peripheral.
 137:Drivers/STM32H7xx_HAL_Driver/Src/stm32h7xx_hal_i2c_ex.c ****   * @param  DigitalFilter Coefficient of digital noise filter between Min_Data=0x00 and Max_Data=0x
 138:Drivers/STM32H7xx_HAL_Driver/Src/stm32h7xx_hal_i2c_ex.c ****   * @retval HAL status
 139:Drivers/STM32H7xx_HAL_Driver/Src/stm32h7xx_hal_i2c_ex.c ****   */
 140:Drivers/STM32H7xx_HAL_Driver/Src/stm32h7xx_hal_i2c_ex.c **** HAL_StatusTypeDef HAL_I2CEx_ConfigDigitalFilter(I2C_HandleTypeDef *hi2c, uint32_t DigitalFilter)
ARM GAS  C:\Users\Su\AppData\Local\Temp\ccD1x5mk.s 			page 6


 141:Drivers/STM32H7xx_HAL_Driver/Src/stm32h7xx_hal_i2c_ex.c **** {
 149              		.loc 1 141 1
 150              		.cfi_startproc
 151              		@ args = 0, pretend = 0, frame = 16
 152              		@ frame_needed = 1, uses_anonymous_args = 0
 153              		@ link register save eliminated.
 154 0000 80B4     		push	{r7}
 155              	.LCFI6:
 156              		.cfi_def_cfa_offset 4
 157              		.cfi_offset 7, -4
 158 0002 85B0     		sub	sp, sp, #20
 159              	.LCFI7:
 160              		.cfi_def_cfa_offset 24
 161 0004 00AF     		add	r7, sp, #0
 162              	.LCFI8:
 163              		.cfi_def_cfa_register 7
 164 0006 7860     		str	r0, [r7, #4]
 165 0008 3960     		str	r1, [r7]
 142:Drivers/STM32H7xx_HAL_Driver/Src/stm32h7xx_hal_i2c_ex.c ****   uint32_t tmpreg;
 143:Drivers/STM32H7xx_HAL_Driver/Src/stm32h7xx_hal_i2c_ex.c **** 
 144:Drivers/STM32H7xx_HAL_Driver/Src/stm32h7xx_hal_i2c_ex.c ****   /* Check the parameters */
 145:Drivers/STM32H7xx_HAL_Driver/Src/stm32h7xx_hal_i2c_ex.c ****   assert_param(IS_I2C_ALL_INSTANCE(hi2c->Instance));
 146:Drivers/STM32H7xx_HAL_Driver/Src/stm32h7xx_hal_i2c_ex.c ****   assert_param(IS_I2C_DIGITAL_FILTER(DigitalFilter));
 147:Drivers/STM32H7xx_HAL_Driver/Src/stm32h7xx_hal_i2c_ex.c **** 
 148:Drivers/STM32H7xx_HAL_Driver/Src/stm32h7xx_hal_i2c_ex.c ****   if (hi2c->State == HAL_I2C_STATE_READY)
 166              		.loc 1 148 11
 167 000a 7B68     		ldr	r3, [r7, #4]
 168 000c 93F84130 		ldrb	r3, [r3, #65]
 169 0010 DBB2     		uxtb	r3, r3
 170              		.loc 1 148 6
 171 0012 202B     		cmp	r3, #32
 172 0014 39D1     		bne	.L6
 149:Drivers/STM32H7xx_HAL_Driver/Src/stm32h7xx_hal_i2c_ex.c ****   {
 150:Drivers/STM32H7xx_HAL_Driver/Src/stm32h7xx_hal_i2c_ex.c ****     /* Process Locked */
 151:Drivers/STM32H7xx_HAL_Driver/Src/stm32h7xx_hal_i2c_ex.c ****     __HAL_LOCK(hi2c);
 173              		.loc 1 151 5
 174 0016 7B68     		ldr	r3, [r7, #4]
 175 0018 93F84030 		ldrb	r3, [r3, #64]	@ zero_extendqisi2
 176 001c 012B     		cmp	r3, #1
 177 001e 01D1     		bne	.L7
 178              		.loc 1 151 5 is_stmt 0 discriminator 1
 179 0020 0223     		movs	r3, #2
 180 0022 33E0     		b	.L8
 181              	.L7:
 182              		.loc 1 151 5 discriminator 2
 183 0024 7B68     		ldr	r3, [r7, #4]
 184 0026 0122     		movs	r2, #1
 185 0028 83F84020 		strb	r2, [r3, #64]
 152:Drivers/STM32H7xx_HAL_Driver/Src/stm32h7xx_hal_i2c_ex.c **** 
 153:Drivers/STM32H7xx_HAL_Driver/Src/stm32h7xx_hal_i2c_ex.c ****     hi2c->State = HAL_I2C_STATE_BUSY;
 186              		.loc 1 153 17 is_stmt 1 discriminator 2
 187 002c 7B68     		ldr	r3, [r7, #4]
 188 002e 2422     		movs	r2, #36
 189 0030 83F84120 		strb	r2, [r3, #65]
 154:Drivers/STM32H7xx_HAL_Driver/Src/stm32h7xx_hal_i2c_ex.c **** 
 155:Drivers/STM32H7xx_HAL_Driver/Src/stm32h7xx_hal_i2c_ex.c ****     /* Disable the selected I2C peripheral */
 156:Drivers/STM32H7xx_HAL_Driver/Src/stm32h7xx_hal_i2c_ex.c ****     __HAL_I2C_DISABLE(hi2c);
ARM GAS  C:\Users\Su\AppData\Local\Temp\ccD1x5mk.s 			page 7


 190              		.loc 1 156 5 discriminator 2
 191 0034 7B68     		ldr	r3, [r7, #4]
 192 0036 1B68     		ldr	r3, [r3]
 193 0038 1A68     		ldr	r2, [r3]
 194 003a 7B68     		ldr	r3, [r7, #4]
 195 003c 1B68     		ldr	r3, [r3]
 196 003e 22F00102 		bic	r2, r2, #1
 197 0042 1A60     		str	r2, [r3]
 157:Drivers/STM32H7xx_HAL_Driver/Src/stm32h7xx_hal_i2c_ex.c **** 
 158:Drivers/STM32H7xx_HAL_Driver/Src/stm32h7xx_hal_i2c_ex.c ****     /* Get the old register value */
 159:Drivers/STM32H7xx_HAL_Driver/Src/stm32h7xx_hal_i2c_ex.c ****     tmpreg = hi2c->Instance->CR1;
 198              		.loc 1 159 18 discriminator 2
 199 0044 7B68     		ldr	r3, [r7, #4]
 200 0046 1B68     		ldr	r3, [r3]
 201              		.loc 1 159 12 discriminator 2
 202 0048 1B68     		ldr	r3, [r3]
 203 004a FB60     		str	r3, [r7, #12]
 160:Drivers/STM32H7xx_HAL_Driver/Src/stm32h7xx_hal_i2c_ex.c **** 
 161:Drivers/STM32H7xx_HAL_Driver/Src/stm32h7xx_hal_i2c_ex.c ****     /* Reset I2Cx DNF bits [11:8] */
 162:Drivers/STM32H7xx_HAL_Driver/Src/stm32h7xx_hal_i2c_ex.c ****     tmpreg &= ~(I2C_CR1_DNF);
 204              		.loc 1 162 12 discriminator 2
 205 004c FB68     		ldr	r3, [r7, #12]
 206 004e 23F47063 		bic	r3, r3, #3840
 207 0052 FB60     		str	r3, [r7, #12]
 163:Drivers/STM32H7xx_HAL_Driver/Src/stm32h7xx_hal_i2c_ex.c **** 
 164:Drivers/STM32H7xx_HAL_Driver/Src/stm32h7xx_hal_i2c_ex.c ****     /* Set I2Cx DNF coefficient */
 165:Drivers/STM32H7xx_HAL_Driver/Src/stm32h7xx_hal_i2c_ex.c ****     tmpreg |= DigitalFilter << 8U;
 208              		.loc 1 165 29 discriminator 2
 209 0054 3B68     		ldr	r3, [r7]
 210 0056 1B02     		lsls	r3, r3, #8
 211              		.loc 1 165 12 discriminator 2
 212 0058 FA68     		ldr	r2, [r7, #12]
 213 005a 1343     		orrs	r3, r3, r2
 214 005c FB60     		str	r3, [r7, #12]
 166:Drivers/STM32H7xx_HAL_Driver/Src/stm32h7xx_hal_i2c_ex.c **** 
 167:Drivers/STM32H7xx_HAL_Driver/Src/stm32h7xx_hal_i2c_ex.c ****     /* Store the new register value */
 168:Drivers/STM32H7xx_HAL_Driver/Src/stm32h7xx_hal_i2c_ex.c ****     hi2c->Instance->CR1 = tmpreg;
 215              		.loc 1 168 9 discriminator 2
 216 005e 7B68     		ldr	r3, [r7, #4]
 217 0060 1B68     		ldr	r3, [r3]
 218              		.loc 1 168 25 discriminator 2
 219 0062 FA68     		ldr	r2, [r7, #12]
 220 0064 1A60     		str	r2, [r3]
 169:Drivers/STM32H7xx_HAL_Driver/Src/stm32h7xx_hal_i2c_ex.c **** 
 170:Drivers/STM32H7xx_HAL_Driver/Src/stm32h7xx_hal_i2c_ex.c ****     __HAL_I2C_ENABLE(hi2c);
 221              		.loc 1 170 5 discriminator 2
 222 0066 7B68     		ldr	r3, [r7, #4]
 223 0068 1B68     		ldr	r3, [r3]
 224 006a 1A68     		ldr	r2, [r3]
 225 006c 7B68     		ldr	r3, [r7, #4]
 226 006e 1B68     		ldr	r3, [r3]
 227 0070 42F00102 		orr	r2, r2, #1
 228 0074 1A60     		str	r2, [r3]
 171:Drivers/STM32H7xx_HAL_Driver/Src/stm32h7xx_hal_i2c_ex.c **** 
 172:Drivers/STM32H7xx_HAL_Driver/Src/stm32h7xx_hal_i2c_ex.c ****     hi2c->State = HAL_I2C_STATE_READY;
 229              		.loc 1 172 17 discriminator 2
 230 0076 7B68     		ldr	r3, [r7, #4]
ARM GAS  C:\Users\Su\AppData\Local\Temp\ccD1x5mk.s 			page 8


 231 0078 2022     		movs	r2, #32
 232 007a 83F84120 		strb	r2, [r3, #65]
 173:Drivers/STM32H7xx_HAL_Driver/Src/stm32h7xx_hal_i2c_ex.c **** 
 174:Drivers/STM32H7xx_HAL_Driver/Src/stm32h7xx_hal_i2c_ex.c ****     /* Process Unlocked */
 175:Drivers/STM32H7xx_HAL_Driver/Src/stm32h7xx_hal_i2c_ex.c ****     __HAL_UNLOCK(hi2c);
 233              		.loc 1 175 5 discriminator 2
 234 007e 7B68     		ldr	r3, [r7, #4]
 235 0080 0022     		movs	r2, #0
 236 0082 83F84020 		strb	r2, [r3, #64]
 176:Drivers/STM32H7xx_HAL_Driver/Src/stm32h7xx_hal_i2c_ex.c **** 
 177:Drivers/STM32H7xx_HAL_Driver/Src/stm32h7xx_hal_i2c_ex.c ****     return HAL_OK;
 237              		.loc 1 177 12 discriminator 2
 238 0086 0023     		movs	r3, #0
 239 0088 00E0     		b	.L8
 240              	.L6:
 178:Drivers/STM32H7xx_HAL_Driver/Src/stm32h7xx_hal_i2c_ex.c ****   }
 179:Drivers/STM32H7xx_HAL_Driver/Src/stm32h7xx_hal_i2c_ex.c ****   else
 180:Drivers/STM32H7xx_HAL_Driver/Src/stm32h7xx_hal_i2c_ex.c ****   {
 181:Drivers/STM32H7xx_HAL_Driver/Src/stm32h7xx_hal_i2c_ex.c ****     return HAL_BUSY;
 241              		.loc 1 181 12
 242 008a 0223     		movs	r3, #2
 243              	.L8:
 182:Drivers/STM32H7xx_HAL_Driver/Src/stm32h7xx_hal_i2c_ex.c ****   }
 183:Drivers/STM32H7xx_HAL_Driver/Src/stm32h7xx_hal_i2c_ex.c **** }
 244              		.loc 1 183 1
 245 008c 1846     		mov	r0, r3
 246 008e 1437     		adds	r7, r7, #20
 247              	.LCFI9:
 248              		.cfi_def_cfa_offset 4
 249 0090 BD46     		mov	sp, r7
 250              	.LCFI10:
 251              		.cfi_def_cfa_register 13
 252              		@ sp needed
 253 0092 5DF8047B 		ldr	r7, [sp], #4
 254              	.LCFI11:
 255              		.cfi_restore 7
 256              		.cfi_def_cfa_offset 0
 257 0096 7047     		bx	lr
 258              		.cfi_endproc
 259              	.LFE145:
 261              		.section	.text.HAL_I2CEx_EnableWakeUp,"ax",%progbits
 262              		.align	1
 263              		.global	HAL_I2CEx_EnableWakeUp
 264              		.syntax unified
 265              		.thumb
 266              		.thumb_func
 268              	HAL_I2CEx_EnableWakeUp:
 269              	.LFB146:
 184:Drivers/STM32H7xx_HAL_Driver/Src/stm32h7xx_hal_i2c_ex.c **** /**
 185:Drivers/STM32H7xx_HAL_Driver/Src/stm32h7xx_hal_i2c_ex.c ****   * @}
 186:Drivers/STM32H7xx_HAL_Driver/Src/stm32h7xx_hal_i2c_ex.c ****   */
 187:Drivers/STM32H7xx_HAL_Driver/Src/stm32h7xx_hal_i2c_ex.c **** 
 188:Drivers/STM32H7xx_HAL_Driver/Src/stm32h7xx_hal_i2c_ex.c **** /** @defgroup I2CEx_Exported_Functions_Group2 WakeUp Mode Functions
 189:Drivers/STM32H7xx_HAL_Driver/Src/stm32h7xx_hal_i2c_ex.c ****   * @brief    WakeUp Mode Functions
 190:Drivers/STM32H7xx_HAL_Driver/Src/stm32h7xx_hal_i2c_ex.c ****   *
 191:Drivers/STM32H7xx_HAL_Driver/Src/stm32h7xx_hal_i2c_ex.c **** @verbatim
 192:Drivers/STM32H7xx_HAL_Driver/Src/stm32h7xx_hal_i2c_ex.c ****  ===============================================================================
ARM GAS  C:\Users\Su\AppData\Local\Temp\ccD1x5mk.s 			page 9


 193:Drivers/STM32H7xx_HAL_Driver/Src/stm32h7xx_hal_i2c_ex.c ****                       ##### WakeUp Mode Functions #####
 194:Drivers/STM32H7xx_HAL_Driver/Src/stm32h7xx_hal_i2c_ex.c ****  ===============================================================================
 195:Drivers/STM32H7xx_HAL_Driver/Src/stm32h7xx_hal_i2c_ex.c ****     [..] This section provides functions allowing to:
 196:Drivers/STM32H7xx_HAL_Driver/Src/stm32h7xx_hal_i2c_ex.c ****       (+) Configure Wake Up Feature
 197:Drivers/STM32H7xx_HAL_Driver/Src/stm32h7xx_hal_i2c_ex.c **** 
 198:Drivers/STM32H7xx_HAL_Driver/Src/stm32h7xx_hal_i2c_ex.c **** @endverbatim
 199:Drivers/STM32H7xx_HAL_Driver/Src/stm32h7xx_hal_i2c_ex.c ****   * @{
 200:Drivers/STM32H7xx_HAL_Driver/Src/stm32h7xx_hal_i2c_ex.c ****   */
 201:Drivers/STM32H7xx_HAL_Driver/Src/stm32h7xx_hal_i2c_ex.c **** 
 202:Drivers/STM32H7xx_HAL_Driver/Src/stm32h7xx_hal_i2c_ex.c **** /**
 203:Drivers/STM32H7xx_HAL_Driver/Src/stm32h7xx_hal_i2c_ex.c ****   * @brief  Enable I2C wakeup from Stop mode(s).
 204:Drivers/STM32H7xx_HAL_Driver/Src/stm32h7xx_hal_i2c_ex.c ****   * @param  hi2c Pointer to a I2C_HandleTypeDef structure that contains
 205:Drivers/STM32H7xx_HAL_Driver/Src/stm32h7xx_hal_i2c_ex.c ****   *                the configuration information for the specified I2Cx peripheral.
 206:Drivers/STM32H7xx_HAL_Driver/Src/stm32h7xx_hal_i2c_ex.c ****   * @retval HAL status
 207:Drivers/STM32H7xx_HAL_Driver/Src/stm32h7xx_hal_i2c_ex.c ****   */
 208:Drivers/STM32H7xx_HAL_Driver/Src/stm32h7xx_hal_i2c_ex.c **** HAL_StatusTypeDef HAL_I2CEx_EnableWakeUp(I2C_HandleTypeDef *hi2c)
 209:Drivers/STM32H7xx_HAL_Driver/Src/stm32h7xx_hal_i2c_ex.c **** {
 270              		.loc 1 209 1
 271              		.cfi_startproc
 272              		@ args = 0, pretend = 0, frame = 8
 273              		@ frame_needed = 1, uses_anonymous_args = 0
 274              		@ link register save eliminated.
 275 0000 80B4     		push	{r7}
 276              	.LCFI12:
 277              		.cfi_def_cfa_offset 4
 278              		.cfi_offset 7, -4
 279 0002 83B0     		sub	sp, sp, #12
 280              	.LCFI13:
 281              		.cfi_def_cfa_offset 16
 282 0004 00AF     		add	r7, sp, #0
 283              	.LCFI14:
 284              		.cfi_def_cfa_register 7
 285 0006 7860     		str	r0, [r7, #4]
 210:Drivers/STM32H7xx_HAL_Driver/Src/stm32h7xx_hal_i2c_ex.c ****   /* Check the parameters */
 211:Drivers/STM32H7xx_HAL_Driver/Src/stm32h7xx_hal_i2c_ex.c ****   assert_param(IS_I2C_WAKEUP_FROMSTOP_INSTANCE(hi2c->Instance));
 212:Drivers/STM32H7xx_HAL_Driver/Src/stm32h7xx_hal_i2c_ex.c **** 
 213:Drivers/STM32H7xx_HAL_Driver/Src/stm32h7xx_hal_i2c_ex.c ****   if (hi2c->State == HAL_I2C_STATE_READY)
 286              		.loc 1 213 11
 287 0008 7B68     		ldr	r3, [r7, #4]
 288 000a 93F84130 		ldrb	r3, [r3, #65]
 289 000e DBB2     		uxtb	r3, r3
 290              		.loc 1 213 6
 291 0010 202B     		cmp	r3, #32
 292 0012 30D1     		bne	.L10
 214:Drivers/STM32H7xx_HAL_Driver/Src/stm32h7xx_hal_i2c_ex.c ****   {
 215:Drivers/STM32H7xx_HAL_Driver/Src/stm32h7xx_hal_i2c_ex.c ****     /* Process Locked */
 216:Drivers/STM32H7xx_HAL_Driver/Src/stm32h7xx_hal_i2c_ex.c ****     __HAL_LOCK(hi2c);
 293              		.loc 1 216 5
 294 0014 7B68     		ldr	r3, [r7, #4]
 295 0016 93F84030 		ldrb	r3, [r3, #64]	@ zero_extendqisi2
 296 001a 012B     		cmp	r3, #1
 297 001c 01D1     		bne	.L11
 298              		.loc 1 216 5 is_stmt 0 discriminator 1
 299 001e 0223     		movs	r3, #2
 300 0020 2AE0     		b	.L12
 301              	.L11:
 302              		.loc 1 216 5 discriminator 2
ARM GAS  C:\Users\Su\AppData\Local\Temp\ccD1x5mk.s 			page 10


 303 0022 7B68     		ldr	r3, [r7, #4]
 304 0024 0122     		movs	r2, #1
 305 0026 83F84020 		strb	r2, [r3, #64]
 217:Drivers/STM32H7xx_HAL_Driver/Src/stm32h7xx_hal_i2c_ex.c **** 
 218:Drivers/STM32H7xx_HAL_Driver/Src/stm32h7xx_hal_i2c_ex.c ****     hi2c->State = HAL_I2C_STATE_BUSY;
 306              		.loc 1 218 17 is_stmt 1 discriminator 2
 307 002a 7B68     		ldr	r3, [r7, #4]
 308 002c 2422     		movs	r2, #36
 309 002e 83F84120 		strb	r2, [r3, #65]
 219:Drivers/STM32H7xx_HAL_Driver/Src/stm32h7xx_hal_i2c_ex.c **** 
 220:Drivers/STM32H7xx_HAL_Driver/Src/stm32h7xx_hal_i2c_ex.c ****     /* Disable the selected I2C peripheral */
 221:Drivers/STM32H7xx_HAL_Driver/Src/stm32h7xx_hal_i2c_ex.c ****     __HAL_I2C_DISABLE(hi2c);
 310              		.loc 1 221 5 discriminator 2
 311 0032 7B68     		ldr	r3, [r7, #4]
 312 0034 1B68     		ldr	r3, [r3]
 313 0036 1A68     		ldr	r2, [r3]
 314 0038 7B68     		ldr	r3, [r7, #4]
 315 003a 1B68     		ldr	r3, [r3]
 316 003c 22F00102 		bic	r2, r2, #1
 317 0040 1A60     		str	r2, [r3]
 222:Drivers/STM32H7xx_HAL_Driver/Src/stm32h7xx_hal_i2c_ex.c **** 
 223:Drivers/STM32H7xx_HAL_Driver/Src/stm32h7xx_hal_i2c_ex.c ****     /* Enable wakeup from stop mode */
 224:Drivers/STM32H7xx_HAL_Driver/Src/stm32h7xx_hal_i2c_ex.c ****     hi2c->Instance->CR1 |= I2C_CR1_WUPEN;
 318              		.loc 1 224 9 discriminator 2
 319 0042 7B68     		ldr	r3, [r7, #4]
 320 0044 1B68     		ldr	r3, [r3]
 321              		.loc 1 224 25 discriminator 2
 322 0046 1A68     		ldr	r2, [r3]
 323              		.loc 1 224 9 discriminator 2
 324 0048 7B68     		ldr	r3, [r7, #4]
 325 004a 1B68     		ldr	r3, [r3]
 326              		.loc 1 224 25 discriminator 2
 327 004c 42F48022 		orr	r2, r2, #262144
 328 0050 1A60     		str	r2, [r3]
 225:Drivers/STM32H7xx_HAL_Driver/Src/stm32h7xx_hal_i2c_ex.c **** 
 226:Drivers/STM32H7xx_HAL_Driver/Src/stm32h7xx_hal_i2c_ex.c ****     __HAL_I2C_ENABLE(hi2c);
 329              		.loc 1 226 5 discriminator 2
 330 0052 7B68     		ldr	r3, [r7, #4]
 331 0054 1B68     		ldr	r3, [r3]
 332 0056 1A68     		ldr	r2, [r3]
 333 0058 7B68     		ldr	r3, [r7, #4]
 334 005a 1B68     		ldr	r3, [r3]
 335 005c 42F00102 		orr	r2, r2, #1
 336 0060 1A60     		str	r2, [r3]
 227:Drivers/STM32H7xx_HAL_Driver/Src/stm32h7xx_hal_i2c_ex.c **** 
 228:Drivers/STM32H7xx_HAL_Driver/Src/stm32h7xx_hal_i2c_ex.c ****     hi2c->State = HAL_I2C_STATE_READY;
 337              		.loc 1 228 17 discriminator 2
 338 0062 7B68     		ldr	r3, [r7, #4]
 339 0064 2022     		movs	r2, #32
 340 0066 83F84120 		strb	r2, [r3, #65]
 229:Drivers/STM32H7xx_HAL_Driver/Src/stm32h7xx_hal_i2c_ex.c **** 
 230:Drivers/STM32H7xx_HAL_Driver/Src/stm32h7xx_hal_i2c_ex.c ****     /* Process Unlocked */
 231:Drivers/STM32H7xx_HAL_Driver/Src/stm32h7xx_hal_i2c_ex.c ****     __HAL_UNLOCK(hi2c);
 341              		.loc 1 231 5 discriminator 2
 342 006a 7B68     		ldr	r3, [r7, #4]
 343 006c 0022     		movs	r2, #0
 344 006e 83F84020 		strb	r2, [r3, #64]
ARM GAS  C:\Users\Su\AppData\Local\Temp\ccD1x5mk.s 			page 11


 232:Drivers/STM32H7xx_HAL_Driver/Src/stm32h7xx_hal_i2c_ex.c **** 
 233:Drivers/STM32H7xx_HAL_Driver/Src/stm32h7xx_hal_i2c_ex.c ****     return HAL_OK;
 345              		.loc 1 233 12 discriminator 2
 346 0072 0023     		movs	r3, #0
 347 0074 00E0     		b	.L12
 348              	.L10:
 234:Drivers/STM32H7xx_HAL_Driver/Src/stm32h7xx_hal_i2c_ex.c ****   }
 235:Drivers/STM32H7xx_HAL_Driver/Src/stm32h7xx_hal_i2c_ex.c ****   else
 236:Drivers/STM32H7xx_HAL_Driver/Src/stm32h7xx_hal_i2c_ex.c ****   {
 237:Drivers/STM32H7xx_HAL_Driver/Src/stm32h7xx_hal_i2c_ex.c ****     return HAL_BUSY;
 349              		.loc 1 237 12
 350 0076 0223     		movs	r3, #2
 351              	.L12:
 238:Drivers/STM32H7xx_HAL_Driver/Src/stm32h7xx_hal_i2c_ex.c ****   }
 239:Drivers/STM32H7xx_HAL_Driver/Src/stm32h7xx_hal_i2c_ex.c **** }
 352              		.loc 1 239 1
 353 0078 1846     		mov	r0, r3
 354 007a 0C37     		adds	r7, r7, #12
 355              	.LCFI15:
 356              		.cfi_def_cfa_offset 4
 357 007c BD46     		mov	sp, r7
 358              	.LCFI16:
 359              		.cfi_def_cfa_register 13
 360              		@ sp needed
 361 007e 5DF8047B 		ldr	r7, [sp], #4
 362              	.LCFI17:
 363              		.cfi_restore 7
 364              		.cfi_def_cfa_offset 0
 365 0082 7047     		bx	lr
 366              		.cfi_endproc
 367              	.LFE146:
 369              		.section	.text.HAL_I2CEx_DisableWakeUp,"ax",%progbits
 370              		.align	1
 371              		.global	HAL_I2CEx_DisableWakeUp
 372              		.syntax unified
 373              		.thumb
 374              		.thumb_func
 376              	HAL_I2CEx_DisableWakeUp:
 377              	.LFB147:
 240:Drivers/STM32H7xx_HAL_Driver/Src/stm32h7xx_hal_i2c_ex.c **** 
 241:Drivers/STM32H7xx_HAL_Driver/Src/stm32h7xx_hal_i2c_ex.c **** /**
 242:Drivers/STM32H7xx_HAL_Driver/Src/stm32h7xx_hal_i2c_ex.c ****   * @brief  Disable I2C wakeup from Stop mode(s).
 243:Drivers/STM32H7xx_HAL_Driver/Src/stm32h7xx_hal_i2c_ex.c ****   * @param  hi2c Pointer to a I2C_HandleTypeDef structure that contains
 244:Drivers/STM32H7xx_HAL_Driver/Src/stm32h7xx_hal_i2c_ex.c ****   *                the configuration information for the specified I2Cx peripheral.
 245:Drivers/STM32H7xx_HAL_Driver/Src/stm32h7xx_hal_i2c_ex.c ****   * @retval HAL status
 246:Drivers/STM32H7xx_HAL_Driver/Src/stm32h7xx_hal_i2c_ex.c ****   */
 247:Drivers/STM32H7xx_HAL_Driver/Src/stm32h7xx_hal_i2c_ex.c **** HAL_StatusTypeDef HAL_I2CEx_DisableWakeUp(I2C_HandleTypeDef *hi2c)
 248:Drivers/STM32H7xx_HAL_Driver/Src/stm32h7xx_hal_i2c_ex.c **** {
 378              		.loc 1 248 1
 379              		.cfi_startproc
 380              		@ args = 0, pretend = 0, frame = 8
 381              		@ frame_needed = 1, uses_anonymous_args = 0
 382              		@ link register save eliminated.
 383 0000 80B4     		push	{r7}
 384              	.LCFI18:
 385              		.cfi_def_cfa_offset 4
 386              		.cfi_offset 7, -4
ARM GAS  C:\Users\Su\AppData\Local\Temp\ccD1x5mk.s 			page 12


 387 0002 83B0     		sub	sp, sp, #12
 388              	.LCFI19:
 389              		.cfi_def_cfa_offset 16
 390 0004 00AF     		add	r7, sp, #0
 391              	.LCFI20:
 392              		.cfi_def_cfa_register 7
 393 0006 7860     		str	r0, [r7, #4]
 249:Drivers/STM32H7xx_HAL_Driver/Src/stm32h7xx_hal_i2c_ex.c ****   /* Check the parameters */
 250:Drivers/STM32H7xx_HAL_Driver/Src/stm32h7xx_hal_i2c_ex.c ****   assert_param(IS_I2C_WAKEUP_FROMSTOP_INSTANCE(hi2c->Instance));
 251:Drivers/STM32H7xx_HAL_Driver/Src/stm32h7xx_hal_i2c_ex.c **** 
 252:Drivers/STM32H7xx_HAL_Driver/Src/stm32h7xx_hal_i2c_ex.c ****   if (hi2c->State == HAL_I2C_STATE_READY)
 394              		.loc 1 252 11
 395 0008 7B68     		ldr	r3, [r7, #4]
 396 000a 93F84130 		ldrb	r3, [r3, #65]
 397 000e DBB2     		uxtb	r3, r3
 398              		.loc 1 252 6
 399 0010 202B     		cmp	r3, #32
 400 0012 30D1     		bne	.L14
 253:Drivers/STM32H7xx_HAL_Driver/Src/stm32h7xx_hal_i2c_ex.c ****   {
 254:Drivers/STM32H7xx_HAL_Driver/Src/stm32h7xx_hal_i2c_ex.c ****     /* Process Locked */
 255:Drivers/STM32H7xx_HAL_Driver/Src/stm32h7xx_hal_i2c_ex.c ****     __HAL_LOCK(hi2c);
 401              		.loc 1 255 5
 402 0014 7B68     		ldr	r3, [r7, #4]
 403 0016 93F84030 		ldrb	r3, [r3, #64]	@ zero_extendqisi2
 404 001a 012B     		cmp	r3, #1
 405 001c 01D1     		bne	.L15
 406              		.loc 1 255 5 is_stmt 0 discriminator 1
 407 001e 0223     		movs	r3, #2
 408 0020 2AE0     		b	.L16
 409              	.L15:
 410              		.loc 1 255 5 discriminator 2
 411 0022 7B68     		ldr	r3, [r7, #4]
 412 0024 0122     		movs	r2, #1
 413 0026 83F84020 		strb	r2, [r3, #64]
 256:Drivers/STM32H7xx_HAL_Driver/Src/stm32h7xx_hal_i2c_ex.c **** 
 257:Drivers/STM32H7xx_HAL_Driver/Src/stm32h7xx_hal_i2c_ex.c ****     hi2c->State = HAL_I2C_STATE_BUSY;
 414              		.loc 1 257 17 is_stmt 1 discriminator 2
 415 002a 7B68     		ldr	r3, [r7, #4]
 416 002c 2422     		movs	r2, #36
 417 002e 83F84120 		strb	r2, [r3, #65]
 258:Drivers/STM32H7xx_HAL_Driver/Src/stm32h7xx_hal_i2c_ex.c **** 
 259:Drivers/STM32H7xx_HAL_Driver/Src/stm32h7xx_hal_i2c_ex.c ****     /* Disable the selected I2C peripheral */
 260:Drivers/STM32H7xx_HAL_Driver/Src/stm32h7xx_hal_i2c_ex.c ****     __HAL_I2C_DISABLE(hi2c);
 418              		.loc 1 260 5 discriminator 2
 419 0032 7B68     		ldr	r3, [r7, #4]
 420 0034 1B68     		ldr	r3, [r3]
 421 0036 1A68     		ldr	r2, [r3]
 422 0038 7B68     		ldr	r3, [r7, #4]
 423 003a 1B68     		ldr	r3, [r3]
 424 003c 22F00102 		bic	r2, r2, #1
 425 0040 1A60     		str	r2, [r3]
 261:Drivers/STM32H7xx_HAL_Driver/Src/stm32h7xx_hal_i2c_ex.c **** 
 262:Drivers/STM32H7xx_HAL_Driver/Src/stm32h7xx_hal_i2c_ex.c ****     /* Enable wakeup from stop mode */
 263:Drivers/STM32H7xx_HAL_Driver/Src/stm32h7xx_hal_i2c_ex.c ****     hi2c->Instance->CR1 &= ~(I2C_CR1_WUPEN);
 426              		.loc 1 263 9 discriminator 2
 427 0042 7B68     		ldr	r3, [r7, #4]
 428 0044 1B68     		ldr	r3, [r3]
ARM GAS  C:\Users\Su\AppData\Local\Temp\ccD1x5mk.s 			page 13


 429              		.loc 1 263 25 discriminator 2
 430 0046 1A68     		ldr	r2, [r3]
 431              		.loc 1 263 9 discriminator 2
 432 0048 7B68     		ldr	r3, [r7, #4]
 433 004a 1B68     		ldr	r3, [r3]
 434              		.loc 1 263 25 discriminator 2
 435 004c 22F48022 		bic	r2, r2, #262144
 436 0050 1A60     		str	r2, [r3]
 264:Drivers/STM32H7xx_HAL_Driver/Src/stm32h7xx_hal_i2c_ex.c **** 
 265:Drivers/STM32H7xx_HAL_Driver/Src/stm32h7xx_hal_i2c_ex.c ****     __HAL_I2C_ENABLE(hi2c);
 437              		.loc 1 265 5 discriminator 2
 438 0052 7B68     		ldr	r3, [r7, #4]
 439 0054 1B68     		ldr	r3, [r3]
 440 0056 1A68     		ldr	r2, [r3]
 441 0058 7B68     		ldr	r3, [r7, #4]
 442 005a 1B68     		ldr	r3, [r3]
 443 005c 42F00102 		orr	r2, r2, #1
 444 0060 1A60     		str	r2, [r3]
 266:Drivers/STM32H7xx_HAL_Driver/Src/stm32h7xx_hal_i2c_ex.c **** 
 267:Drivers/STM32H7xx_HAL_Driver/Src/stm32h7xx_hal_i2c_ex.c ****     hi2c->State = HAL_I2C_STATE_READY;
 445              		.loc 1 267 17 discriminator 2
 446 0062 7B68     		ldr	r3, [r7, #4]
 447 0064 2022     		movs	r2, #32
 448 0066 83F84120 		strb	r2, [r3, #65]
 268:Drivers/STM32H7xx_HAL_Driver/Src/stm32h7xx_hal_i2c_ex.c **** 
 269:Drivers/STM32H7xx_HAL_Driver/Src/stm32h7xx_hal_i2c_ex.c ****     /* Process Unlocked */
 270:Drivers/STM32H7xx_HAL_Driver/Src/stm32h7xx_hal_i2c_ex.c ****     __HAL_UNLOCK(hi2c);
 449              		.loc 1 270 5 discriminator 2
 450 006a 7B68     		ldr	r3, [r7, #4]
 451 006c 0022     		movs	r2, #0
 452 006e 83F84020 		strb	r2, [r3, #64]
 271:Drivers/STM32H7xx_HAL_Driver/Src/stm32h7xx_hal_i2c_ex.c **** 
 272:Drivers/STM32H7xx_HAL_Driver/Src/stm32h7xx_hal_i2c_ex.c ****     return HAL_OK;
 453              		.loc 1 272 12 discriminator 2
 454 0072 0023     		movs	r3, #0
 455 0074 00E0     		b	.L16
 456              	.L14:
 273:Drivers/STM32H7xx_HAL_Driver/Src/stm32h7xx_hal_i2c_ex.c ****   }
 274:Drivers/STM32H7xx_HAL_Driver/Src/stm32h7xx_hal_i2c_ex.c ****   else
 275:Drivers/STM32H7xx_HAL_Driver/Src/stm32h7xx_hal_i2c_ex.c ****   {
 276:Drivers/STM32H7xx_HAL_Driver/Src/stm32h7xx_hal_i2c_ex.c ****     return HAL_BUSY;
 457              		.loc 1 276 12
 458 0076 0223     		movs	r3, #2
 459              	.L16:
 277:Drivers/STM32H7xx_HAL_Driver/Src/stm32h7xx_hal_i2c_ex.c ****   }
 278:Drivers/STM32H7xx_HAL_Driver/Src/stm32h7xx_hal_i2c_ex.c **** }
 460              		.loc 1 278 1
 461 0078 1846     		mov	r0, r3
 462 007a 0C37     		adds	r7, r7, #12
 463              	.LCFI21:
 464              		.cfi_def_cfa_offset 4
 465 007c BD46     		mov	sp, r7
 466              	.LCFI22:
 467              		.cfi_def_cfa_register 13
 468              		@ sp needed
 469 007e 5DF8047B 		ldr	r7, [sp], #4
 470              	.LCFI23:
ARM GAS  C:\Users\Su\AppData\Local\Temp\ccD1x5mk.s 			page 14


 471              		.cfi_restore 7
 472              		.cfi_def_cfa_offset 0
 473 0082 7047     		bx	lr
 474              		.cfi_endproc
 475              	.LFE147:
 477              		.section	.text.HAL_I2CEx_EnableFastModePlus,"ax",%progbits
 478              		.align	1
 479              		.global	HAL_I2CEx_EnableFastModePlus
 480              		.syntax unified
 481              		.thumb
 482              		.thumb_func
 484              	HAL_I2CEx_EnableFastModePlus:
 485              	.LFB148:
 279:Drivers/STM32H7xx_HAL_Driver/Src/stm32h7xx_hal_i2c_ex.c **** /**
 280:Drivers/STM32H7xx_HAL_Driver/Src/stm32h7xx_hal_i2c_ex.c ****   * @}
 281:Drivers/STM32H7xx_HAL_Driver/Src/stm32h7xx_hal_i2c_ex.c ****   */
 282:Drivers/STM32H7xx_HAL_Driver/Src/stm32h7xx_hal_i2c_ex.c **** 
 283:Drivers/STM32H7xx_HAL_Driver/Src/stm32h7xx_hal_i2c_ex.c **** /** @defgroup I2CEx_Exported_Functions_Group3 Fast Mode Plus Functions
 284:Drivers/STM32H7xx_HAL_Driver/Src/stm32h7xx_hal_i2c_ex.c ****   * @brief    Fast Mode Plus Functions
 285:Drivers/STM32H7xx_HAL_Driver/Src/stm32h7xx_hal_i2c_ex.c ****   *
 286:Drivers/STM32H7xx_HAL_Driver/Src/stm32h7xx_hal_i2c_ex.c **** @verbatim
 287:Drivers/STM32H7xx_HAL_Driver/Src/stm32h7xx_hal_i2c_ex.c ****  ===============================================================================
 288:Drivers/STM32H7xx_HAL_Driver/Src/stm32h7xx_hal_i2c_ex.c ****                       ##### Fast Mode Plus Functions #####
 289:Drivers/STM32H7xx_HAL_Driver/Src/stm32h7xx_hal_i2c_ex.c ****  ===============================================================================
 290:Drivers/STM32H7xx_HAL_Driver/Src/stm32h7xx_hal_i2c_ex.c ****     [..] This section provides functions allowing to:
 291:Drivers/STM32H7xx_HAL_Driver/Src/stm32h7xx_hal_i2c_ex.c ****       (+) Configure Fast Mode Plus
 292:Drivers/STM32H7xx_HAL_Driver/Src/stm32h7xx_hal_i2c_ex.c **** 
 293:Drivers/STM32H7xx_HAL_Driver/Src/stm32h7xx_hal_i2c_ex.c **** @endverbatim
 294:Drivers/STM32H7xx_HAL_Driver/Src/stm32h7xx_hal_i2c_ex.c ****   * @{
 295:Drivers/STM32H7xx_HAL_Driver/Src/stm32h7xx_hal_i2c_ex.c ****   */
 296:Drivers/STM32H7xx_HAL_Driver/Src/stm32h7xx_hal_i2c_ex.c **** 
 297:Drivers/STM32H7xx_HAL_Driver/Src/stm32h7xx_hal_i2c_ex.c **** /**
 298:Drivers/STM32H7xx_HAL_Driver/Src/stm32h7xx_hal_i2c_ex.c ****   * @brief Enable the I2C fast mode plus driving capability.
 299:Drivers/STM32H7xx_HAL_Driver/Src/stm32h7xx_hal_i2c_ex.c ****   * @param ConfigFastModePlus Selects the pin.
 300:Drivers/STM32H7xx_HAL_Driver/Src/stm32h7xx_hal_i2c_ex.c ****   *   This parameter can be one of the @ref I2CEx_FastModePlus values
 301:Drivers/STM32H7xx_HAL_Driver/Src/stm32h7xx_hal_i2c_ex.c ****   * @note  For I2C1, fast mode plus driving capability can be enabled on all selected
 302:Drivers/STM32H7xx_HAL_Driver/Src/stm32h7xx_hal_i2c_ex.c ****   *        I2C1 pins using I2C_FASTMODEPLUS_I2C1 parameter or independently
 303:Drivers/STM32H7xx_HAL_Driver/Src/stm32h7xx_hal_i2c_ex.c ****   *        on each one of the following pins PB6, PB7, PB8 and PB9.
 304:Drivers/STM32H7xx_HAL_Driver/Src/stm32h7xx_hal_i2c_ex.c ****   * @note  For remaining I2C1 pins (PA14, PA15...) fast mode plus driving capability
 305:Drivers/STM32H7xx_HAL_Driver/Src/stm32h7xx_hal_i2c_ex.c ****   *        can be enabled only by using I2C_FASTMODEPLUS_I2C1 parameter.
 306:Drivers/STM32H7xx_HAL_Driver/Src/stm32h7xx_hal_i2c_ex.c ****   * @note  For all I2C2 pins fast mode plus driving capability can be enabled
 307:Drivers/STM32H7xx_HAL_Driver/Src/stm32h7xx_hal_i2c_ex.c ****   *        only by using I2C_FASTMODEPLUS_I2C2 parameter.
 308:Drivers/STM32H7xx_HAL_Driver/Src/stm32h7xx_hal_i2c_ex.c ****   * @note  For all I2C3 pins fast mode plus driving capability can be enabled
 309:Drivers/STM32H7xx_HAL_Driver/Src/stm32h7xx_hal_i2c_ex.c ****   *        only by using I2C_FASTMODEPLUS_I2C3 parameter.
 310:Drivers/STM32H7xx_HAL_Driver/Src/stm32h7xx_hal_i2c_ex.c ****   * @note  For all I2C4 pins fast mode plus driving capability can be enabled
 311:Drivers/STM32H7xx_HAL_Driver/Src/stm32h7xx_hal_i2c_ex.c ****   *        only by using I2C_FASTMODEPLUS_I2C4 parameter.
 312:Drivers/STM32H7xx_HAL_Driver/Src/stm32h7xx_hal_i2c_ex.c ****   * @note  For all I2C5 pins fast mode plus driving capability can be enabled
 313:Drivers/STM32H7xx_HAL_Driver/Src/stm32h7xx_hal_i2c_ex.c ****   *        only by using I2C_FASTMODEPLUS_I2C5 parameter.
 314:Drivers/STM32H7xx_HAL_Driver/Src/stm32h7xx_hal_i2c_ex.c ****   * @retval None
 315:Drivers/STM32H7xx_HAL_Driver/Src/stm32h7xx_hal_i2c_ex.c ****   */
 316:Drivers/STM32H7xx_HAL_Driver/Src/stm32h7xx_hal_i2c_ex.c **** void HAL_I2CEx_EnableFastModePlus(uint32_t ConfigFastModePlus)
 317:Drivers/STM32H7xx_HAL_Driver/Src/stm32h7xx_hal_i2c_ex.c **** {
 486              		.loc 1 317 1
 487              		.cfi_startproc
 488              		@ args = 0, pretend = 0, frame = 16
 489              		@ frame_needed = 1, uses_anonymous_args = 0
 490              		@ link register save eliminated.
ARM GAS  C:\Users\Su\AppData\Local\Temp\ccD1x5mk.s 			page 15


 491 0000 80B4     		push	{r7}
 492              	.LCFI24:
 493              		.cfi_def_cfa_offset 4
 494              		.cfi_offset 7, -4
 495 0002 85B0     		sub	sp, sp, #20
 496              	.LCFI25:
 497              		.cfi_def_cfa_offset 24
 498 0004 00AF     		add	r7, sp, #0
 499              	.LCFI26:
 500              		.cfi_def_cfa_register 7
 501 0006 7860     		str	r0, [r7, #4]
 502              	.LBB2:
 318:Drivers/STM32H7xx_HAL_Driver/Src/stm32h7xx_hal_i2c_ex.c ****   /* Check the parameter */
 319:Drivers/STM32H7xx_HAL_Driver/Src/stm32h7xx_hal_i2c_ex.c ****   assert_param(IS_I2C_FASTMODEPLUS(ConfigFastModePlus));
 320:Drivers/STM32H7xx_HAL_Driver/Src/stm32h7xx_hal_i2c_ex.c **** 
 321:Drivers/STM32H7xx_HAL_Driver/Src/stm32h7xx_hal_i2c_ex.c ****   /* Enable SYSCFG clock */
 322:Drivers/STM32H7xx_HAL_Driver/Src/stm32h7xx_hal_i2c_ex.c ****   __HAL_RCC_SYSCFG_CLK_ENABLE();
 503              		.loc 1 322 3
 504 0008 0D4B     		ldr	r3, .L18
 505 000a D3F8F430 		ldr	r3, [r3, #244]
 506 000e 0C4A     		ldr	r2, .L18
 507 0010 43F00203 		orr	r3, r3, #2
 508 0014 C2F8F430 		str	r3, [r2, #244]
 509 0018 094B     		ldr	r3, .L18
 510 001a D3F8F430 		ldr	r3, [r3, #244]
 511 001e 03F00203 		and	r3, r3, #2
 512 0022 FB60     		str	r3, [r7, #12]
 513 0024 FB68     		ldr	r3, [r7, #12]
 514              	.LBE2:
 323:Drivers/STM32H7xx_HAL_Driver/Src/stm32h7xx_hal_i2c_ex.c **** 
 324:Drivers/STM32H7xx_HAL_Driver/Src/stm32h7xx_hal_i2c_ex.c ****   /* Enable fast mode plus driving capability for selected pin */
 325:Drivers/STM32H7xx_HAL_Driver/Src/stm32h7xx_hal_i2c_ex.c ****   SET_BIT(SYSCFG->PMCR, (uint32_t)ConfigFastModePlus);
 515              		.loc 1 325 3
 516 0026 074B     		ldr	r3, .L18+4
 517 0028 5A68     		ldr	r2, [r3, #4]
 518 002a 0649     		ldr	r1, .L18+4
 519 002c 7B68     		ldr	r3, [r7, #4]
 520 002e 1343     		orrs	r3, r3, r2
 521 0030 4B60     		str	r3, [r1, #4]
 326:Drivers/STM32H7xx_HAL_Driver/Src/stm32h7xx_hal_i2c_ex.c **** }
 522              		.loc 1 326 1
 523 0032 00BF     		nop
 524 0034 1437     		adds	r7, r7, #20
 525              	.LCFI27:
 526              		.cfi_def_cfa_offset 4
 527 0036 BD46     		mov	sp, r7
 528              	.LCFI28:
 529              		.cfi_def_cfa_register 13
 530              		@ sp needed
 531 0038 5DF8047B 		ldr	r7, [sp], #4
 532              	.LCFI29:
 533              		.cfi_restore 7
 534              		.cfi_def_cfa_offset 0
 535 003c 7047     		bx	lr
 536              	.L19:
 537 003e 00BF     		.align	2
 538              	.L18:
ARM GAS  C:\Users\Su\AppData\Local\Temp\ccD1x5mk.s 			page 16


 539 0040 00440258 		.word	1476543488
 540 0044 00040058 		.word	1476396032
 541              		.cfi_endproc
 542              	.LFE148:
 544              		.section	.text.HAL_I2CEx_DisableFastModePlus,"ax",%progbits
 545              		.align	1
 546              		.global	HAL_I2CEx_DisableFastModePlus
 547              		.syntax unified
 548              		.thumb
 549              		.thumb_func
 551              	HAL_I2CEx_DisableFastModePlus:
 552              	.LFB149:
 327:Drivers/STM32H7xx_HAL_Driver/Src/stm32h7xx_hal_i2c_ex.c **** 
 328:Drivers/STM32H7xx_HAL_Driver/Src/stm32h7xx_hal_i2c_ex.c **** /**
 329:Drivers/STM32H7xx_HAL_Driver/Src/stm32h7xx_hal_i2c_ex.c ****   * @brief Disable the I2C fast mode plus driving capability.
 330:Drivers/STM32H7xx_HAL_Driver/Src/stm32h7xx_hal_i2c_ex.c ****   * @param ConfigFastModePlus Selects the pin.
 331:Drivers/STM32H7xx_HAL_Driver/Src/stm32h7xx_hal_i2c_ex.c ****   *   This parameter can be one of the @ref I2CEx_FastModePlus values
 332:Drivers/STM32H7xx_HAL_Driver/Src/stm32h7xx_hal_i2c_ex.c ****   * @note  For I2C1, fast mode plus driving capability can be disabled on all selected
 333:Drivers/STM32H7xx_HAL_Driver/Src/stm32h7xx_hal_i2c_ex.c ****   *        I2C1 pins using I2C_FASTMODEPLUS_I2C1 parameter or independently
 334:Drivers/STM32H7xx_HAL_Driver/Src/stm32h7xx_hal_i2c_ex.c ****   *        on each one of the following pins PB6, PB7, PB8 and PB9.
 335:Drivers/STM32H7xx_HAL_Driver/Src/stm32h7xx_hal_i2c_ex.c ****   * @note  For remaining I2C1 pins (PA14, PA15...) fast mode plus driving capability
 336:Drivers/STM32H7xx_HAL_Driver/Src/stm32h7xx_hal_i2c_ex.c ****   *        can be disabled only by using I2C_FASTMODEPLUS_I2C1 parameter.
 337:Drivers/STM32H7xx_HAL_Driver/Src/stm32h7xx_hal_i2c_ex.c ****   * @note  For all I2C2 pins fast mode plus driving capability can be disabled
 338:Drivers/STM32H7xx_HAL_Driver/Src/stm32h7xx_hal_i2c_ex.c ****   *        only by using I2C_FASTMODEPLUS_I2C2 parameter.
 339:Drivers/STM32H7xx_HAL_Driver/Src/stm32h7xx_hal_i2c_ex.c ****   * @note  For all I2C3 pins fast mode plus driving capability can be disabled
 340:Drivers/STM32H7xx_HAL_Driver/Src/stm32h7xx_hal_i2c_ex.c ****   *        only by using I2C_FASTMODEPLUS_I2C3 parameter.
 341:Drivers/STM32H7xx_HAL_Driver/Src/stm32h7xx_hal_i2c_ex.c ****   * @note  For all I2C4 pins fast mode plus driving capability can be disabled
 342:Drivers/STM32H7xx_HAL_Driver/Src/stm32h7xx_hal_i2c_ex.c ****   *        only by using I2C_FASTMODEPLUS_I2C4 parameter.
 343:Drivers/STM32H7xx_HAL_Driver/Src/stm32h7xx_hal_i2c_ex.c ****   * @note  For all I2C5 pins fast mode plus driving capability can be disabled
 344:Drivers/STM32H7xx_HAL_Driver/Src/stm32h7xx_hal_i2c_ex.c ****   *        only by using I2C_FASTMODEPLUS_I2C5 parameter.
 345:Drivers/STM32H7xx_HAL_Driver/Src/stm32h7xx_hal_i2c_ex.c ****   * @retval None
 346:Drivers/STM32H7xx_HAL_Driver/Src/stm32h7xx_hal_i2c_ex.c ****   */
 347:Drivers/STM32H7xx_HAL_Driver/Src/stm32h7xx_hal_i2c_ex.c **** void HAL_I2CEx_DisableFastModePlus(uint32_t ConfigFastModePlus)
 348:Drivers/STM32H7xx_HAL_Driver/Src/stm32h7xx_hal_i2c_ex.c **** {
 553              		.loc 1 348 1
 554              		.cfi_startproc
 555              		@ args = 0, pretend = 0, frame = 16
 556              		@ frame_needed = 1, uses_anonymous_args = 0
 557              		@ link register save eliminated.
 558 0000 80B4     		push	{r7}
 559              	.LCFI30:
 560              		.cfi_def_cfa_offset 4
 561              		.cfi_offset 7, -4
 562 0002 85B0     		sub	sp, sp, #20
 563              	.LCFI31:
 564              		.cfi_def_cfa_offset 24
 565 0004 00AF     		add	r7, sp, #0
 566              	.LCFI32:
 567              		.cfi_def_cfa_register 7
 568 0006 7860     		str	r0, [r7, #4]
 569              	.LBB3:
 349:Drivers/STM32H7xx_HAL_Driver/Src/stm32h7xx_hal_i2c_ex.c ****   /* Check the parameter */
 350:Drivers/STM32H7xx_HAL_Driver/Src/stm32h7xx_hal_i2c_ex.c ****   assert_param(IS_I2C_FASTMODEPLUS(ConfigFastModePlus));
 351:Drivers/STM32H7xx_HAL_Driver/Src/stm32h7xx_hal_i2c_ex.c **** 
 352:Drivers/STM32H7xx_HAL_Driver/Src/stm32h7xx_hal_i2c_ex.c ****   /* Enable SYSCFG clock */
 353:Drivers/STM32H7xx_HAL_Driver/Src/stm32h7xx_hal_i2c_ex.c ****   __HAL_RCC_SYSCFG_CLK_ENABLE();
 570              		.loc 1 353 3
ARM GAS  C:\Users\Su\AppData\Local\Temp\ccD1x5mk.s 			page 17


 571 0008 0D4B     		ldr	r3, .L21
 572 000a D3F8F430 		ldr	r3, [r3, #244]
 573 000e 0C4A     		ldr	r2, .L21
 574 0010 43F00203 		orr	r3, r3, #2
 575 0014 C2F8F430 		str	r3, [r2, #244]
 576 0018 094B     		ldr	r3, .L21
 577 001a D3F8F430 		ldr	r3, [r3, #244]
 578 001e 03F00203 		and	r3, r3, #2
 579 0022 FB60     		str	r3, [r7, #12]
 580 0024 FB68     		ldr	r3, [r7, #12]
 581              	.LBE3:
 354:Drivers/STM32H7xx_HAL_Driver/Src/stm32h7xx_hal_i2c_ex.c **** 
 355:Drivers/STM32H7xx_HAL_Driver/Src/stm32h7xx_hal_i2c_ex.c ****   /* Disable fast mode plus driving capability for selected pin */
 356:Drivers/STM32H7xx_HAL_Driver/Src/stm32h7xx_hal_i2c_ex.c ****   CLEAR_BIT(SYSCFG->PMCR, (uint32_t)ConfigFastModePlus);
 582              		.loc 1 356 3
 583 0026 074B     		ldr	r3, .L21+4
 584 0028 5A68     		ldr	r2, [r3, #4]
 585 002a 7B68     		ldr	r3, [r7, #4]
 586 002c DB43     		mvns	r3, r3
 587 002e 0549     		ldr	r1, .L21+4
 588 0030 1340     		ands	r3, r3, r2
 589 0032 4B60     		str	r3, [r1, #4]
 357:Drivers/STM32H7xx_HAL_Driver/Src/stm32h7xx_hal_i2c_ex.c **** }
 590              		.loc 1 357 1
 591 0034 00BF     		nop
 592 0036 1437     		adds	r7, r7, #20
 593              	.LCFI33:
 594              		.cfi_def_cfa_offset 4
 595 0038 BD46     		mov	sp, r7
 596              	.LCFI34:
 597              		.cfi_def_cfa_register 13
 598              		@ sp needed
 599 003a 5DF8047B 		ldr	r7, [sp], #4
 600              	.LCFI35:
 601              		.cfi_restore 7
 602              		.cfi_def_cfa_offset 0
 603 003e 7047     		bx	lr
 604              	.L22:
 605              		.align	2
 606              	.L21:
 607 0040 00440258 		.word	1476543488
 608 0044 00040058 		.word	1476396032
 609              		.cfi_endproc
 610              	.LFE149:
 612              		.text
 613              	.Letext0:
 614              		.file 2 "e:\\user\\bigai\\gcc_arm_none_eabi\\arm-none-eabi\\include\\machine\\_default_types.h"
 615              		.file 3 "e:\\user\\bigai\\gcc_arm_none_eabi\\arm-none-eabi\\include\\sys\\_stdint.h"
 616              		.file 4 "Drivers/CMSIS/Device/ST/STM32H7xx/Include/stm32h723xx.h"
 617              		.file 5 "Drivers/STM32H7xx_HAL_Driver/Inc/stm32h7xx_hal_def.h"
 618              		.file 6 "Drivers/STM32H7xx_HAL_Driver/Inc/stm32h7xx_hal_dma.h"
 619              		.file 7 "Drivers/STM32H7xx_HAL_Driver/Inc/stm32h7xx_hal_i2c.h"
ARM GAS  C:\Users\Su\AppData\Local\Temp\ccD1x5mk.s 			page 18


DEFINED SYMBOLS
                            *ABS*:00000000 stm32h7xx_hal_i2c_ex.c
C:\Users\Su\AppData\Local\Temp\ccD1x5mk.s:19     .text.HAL_I2CEx_ConfigAnalogFilter:00000000 $t
C:\Users\Su\AppData\Local\Temp\ccD1x5mk.s:25     .text.HAL_I2CEx_ConfigAnalogFilter:00000000 HAL_I2CEx_ConfigAnalogFilter
C:\Users\Su\AppData\Local\Temp\ccD1x5mk.s:141    .text.HAL_I2CEx_ConfigDigitalFilter:00000000 $t
C:\Users\Su\AppData\Local\Temp\ccD1x5mk.s:147    .text.HAL_I2CEx_ConfigDigitalFilter:00000000 HAL_I2CEx_ConfigDigitalFilter
C:\Users\Su\AppData\Local\Temp\ccD1x5mk.s:262    .text.HAL_I2CEx_EnableWakeUp:00000000 $t
C:\Users\Su\AppData\Local\Temp\ccD1x5mk.s:268    .text.HAL_I2CEx_EnableWakeUp:00000000 HAL_I2CEx_EnableWakeUp
C:\Users\Su\AppData\Local\Temp\ccD1x5mk.s:370    .text.HAL_I2CEx_DisableWakeUp:00000000 $t
C:\Users\Su\AppData\Local\Temp\ccD1x5mk.s:376    .text.HAL_I2CEx_DisableWakeUp:00000000 HAL_I2CEx_DisableWakeUp
C:\Users\Su\AppData\Local\Temp\ccD1x5mk.s:478    .text.HAL_I2CEx_EnableFastModePlus:00000000 $t
C:\Users\Su\AppData\Local\Temp\ccD1x5mk.s:484    .text.HAL_I2CEx_EnableFastModePlus:00000000 HAL_I2CEx_EnableFastModePlus
C:\Users\Su\AppData\Local\Temp\ccD1x5mk.s:539    .text.HAL_I2CEx_EnableFastModePlus:00000040 $d
C:\Users\Su\AppData\Local\Temp\ccD1x5mk.s:545    .text.HAL_I2CEx_DisableFastModePlus:00000000 $t
C:\Users\Su\AppData\Local\Temp\ccD1x5mk.s:551    .text.HAL_I2CEx_DisableFastModePlus:00000000 HAL_I2CEx_DisableFastModePlus
C:\Users\Su\AppData\Local\Temp\ccD1x5mk.s:607    .text.HAL_I2CEx_DisableFastModePlus:00000040 $d

NO UNDEFINED SYMBOLS
