ARM GAS  C:\Users\Su\AppData\Local\Temp\ccMaP55b.s 			page 1


   1              		.cpu cortex-m7
   2              		.arch armv7e-m
   3              		.fpu fpv5-d16
   4              		.eabi_attribute 28, 1
   5              		.eabi_attribute 20, 1
   6              		.eabi_attribute 21, 1
   7              		.eabi_attribute 23, 3
   8              		.eabi_attribute 24, 1
   9              		.eabi_attribute 25, 1
  10              		.eabi_attribute 26, 1
  11              		.eabi_attribute 30, 6
  12              		.eabi_attribute 34, 1
  13              		.eabi_attribute 18, 4
  14              		.file	"usart.c"
  15              		.text
  16              	.Ltext0:
  17              		.cfi_sections	.debug_frame
  18              		.global	uart2_rx_buf
  19              		.section	.RAM_D2,"aw"
  20              		.align	2
  23              	uart2_rx_buf:
  24 0000 00000000 		.space	64
  24      00000000 
  24      00000000 
  24      00000000 
  24      00000000 
  25              		.global	uart2_tx_buf
  26              		.section	.bss.uart2_tx_buf,"aw",%nobits
  27              		.align	2
  30              	uart2_tx_buf:
  31 0000 00000000 		.space	64
  31      00000000 
  31      00000000 
  31      00000000 
  31      00000000 
  32              		.global	huart2
  33              		.section	.bss.huart2,"aw",%nobits
  34              		.align	2
  37              	huart2:
  38 0000 00000000 		.space	144
  38      00000000 
  38      00000000 
  38      00000000 
  38      00000000 
  39              		.global	hdma_usart2_rx
  40              		.section	.bss.hdma_usart2_rx,"aw",%nobits
  41              		.align	2
  44              	hdma_usart2_rx:
  45 0000 00000000 		.space	120
  45      00000000 
  45      00000000 
  45      00000000 
  45      00000000 
  46              		.section	.text.MX_USART2_UART_Init,"ax",%progbits
  47              		.align	1
  48              		.global	MX_USART2_UART_Init
  49              		.syntax unified
ARM GAS  C:\Users\Su\AppData\Local\Temp\ccMaP55b.s 			page 2


  50              		.thumb
  51              		.thumb_func
  53              	MX_USART2_UART_Init:
  54              	.LFB144:
  55              		.file 1 "Core/Src/usart.c"
   1:Core/Src/usart.c **** /* USER CODE BEGIN Header */
   2:Core/Src/usart.c **** /**
   3:Core/Src/usart.c ****   ******************************************************************************
   4:Core/Src/usart.c ****   * @file    usart.c
   5:Core/Src/usart.c ****   * @brief   This file provides code for the configuration
   6:Core/Src/usart.c ****   *          of the USART instances.
   7:Core/Src/usart.c ****   ******************************************************************************
   8:Core/Src/usart.c ****   * @attention
   9:Core/Src/usart.c ****   *
  10:Core/Src/usart.c ****   * Copyright (c) 2025 STMicroelectronics.
  11:Core/Src/usart.c ****   * All rights reserved.
  12:Core/Src/usart.c ****   *
  13:Core/Src/usart.c ****   * This software is licensed under terms that can be found in the LICENSE file
  14:Core/Src/usart.c ****   * in the root directory of this software component.
  15:Core/Src/usart.c ****   * If no LICENSE file comes with this software, it is provided AS-IS.
  16:Core/Src/usart.c ****   *
  17:Core/Src/usart.c ****   ******************************************************************************
  18:Core/Src/usart.c ****   */
  19:Core/Src/usart.c **** /* USER CODE END Header */
  20:Core/Src/usart.c **** /* Includes ------------------------------------------------------------------*/
  21:Core/Src/usart.c **** #include "usart.h"
  22:Core/Src/usart.c **** 
  23:Core/Src/usart.c **** /* USER CODE BEGIN 0 */
  24:Core/Src/usart.c **** u8 uart2_rx_buf[USART_RX_BUF_SIZE] __attribute__((section(".RAM_D2")));
  25:Core/Src/usart.c **** u8 uart2_tx_buf[USART_RX_BUF_SIZE];
  26:Core/Src/usart.c **** /* USER CODE END 0 */
  27:Core/Src/usart.c **** 
  28:Core/Src/usart.c **** UART_HandleTypeDef huart2;
  29:Core/Src/usart.c **** DMA_HandleTypeDef hdma_usart2_rx;
  30:Core/Src/usart.c **** 
  31:Core/Src/usart.c **** /* USART2 init function */
  32:Core/Src/usart.c **** 
  33:Core/Src/usart.c **** void MX_USART2_UART_Init(void)
  34:Core/Src/usart.c **** {
  56              		.loc 1 34 1
  57              		.cfi_startproc
  58              		@ args = 0, pretend = 0, frame = 0
  59              		@ frame_needed = 1, uses_anonymous_args = 0
  60 0000 80B5     		push	{r7, lr}
  61              	.LCFI0:
  62              		.cfi_def_cfa_offset 8
  63              		.cfi_offset 7, -8
  64              		.cfi_offset 14, -4
  65 0002 00AF     		add	r7, sp, #0
  66              	.LCFI1:
  67              		.cfi_def_cfa_register 7
  35:Core/Src/usart.c **** 
  36:Core/Src/usart.c ****   /* USER CODE BEGIN USART2_Init 0 */
  37:Core/Src/usart.c **** 
  38:Core/Src/usart.c ****   /* USER CODE END USART2_Init 0 */
  39:Core/Src/usart.c **** 
  40:Core/Src/usart.c ****   /* USER CODE BEGIN USART2_Init 1 */
ARM GAS  C:\Users\Su\AppData\Local\Temp\ccMaP55b.s 			page 3


  41:Core/Src/usart.c **** 
  42:Core/Src/usart.c ****   /* USER CODE END USART2_Init 1 */
  43:Core/Src/usart.c ****   huart2.Instance = USART2;
  68              		.loc 1 43 19
  69 0004 224B     		ldr	r3, .L7
  70 0006 234A     		ldr	r2, .L7+4
  71 0008 1A60     		str	r2, [r3]
  44:Core/Src/usart.c ****   huart2.Init.BaudRate = 115200;
  72              		.loc 1 44 24
  73 000a 214B     		ldr	r3, .L7
  74 000c 4FF4E132 		mov	r2, #115200
  75 0010 5A60     		str	r2, [r3, #4]
  45:Core/Src/usart.c ****   huart2.Init.WordLength = UART_WORDLENGTH_8B;
  76              		.loc 1 45 26
  77 0012 1F4B     		ldr	r3, .L7
  78 0014 0022     		movs	r2, #0
  79 0016 9A60     		str	r2, [r3, #8]
  46:Core/Src/usart.c ****   huart2.Init.StopBits = UART_STOPBITS_1;
  80              		.loc 1 46 24
  81 0018 1D4B     		ldr	r3, .L7
  82 001a 0022     		movs	r2, #0
  83 001c DA60     		str	r2, [r3, #12]
  47:Core/Src/usart.c ****   huart2.Init.Parity = UART_PARITY_NONE;
  84              		.loc 1 47 22
  85 001e 1C4B     		ldr	r3, .L7
  86 0020 0022     		movs	r2, #0
  87 0022 1A61     		str	r2, [r3, #16]
  48:Core/Src/usart.c ****   huart2.Init.Mode = UART_MODE_TX_RX;
  88              		.loc 1 48 20
  89 0024 1A4B     		ldr	r3, .L7
  90 0026 0C22     		movs	r2, #12
  91 0028 5A61     		str	r2, [r3, #20]
  49:Core/Src/usart.c ****   huart2.Init.HwFlowCtl = UART_HWCONTROL_NONE;
  92              		.loc 1 49 25
  93 002a 194B     		ldr	r3, .L7
  94 002c 0022     		movs	r2, #0
  95 002e 9A61     		str	r2, [r3, #24]
  50:Core/Src/usart.c ****   huart2.Init.OverSampling = UART_OVERSAMPLING_16;
  96              		.loc 1 50 28
  97 0030 174B     		ldr	r3, .L7
  98 0032 0022     		movs	r2, #0
  99 0034 DA61     		str	r2, [r3, #28]
  51:Core/Src/usart.c ****   huart2.Init.OneBitSampling = UART_ONE_BIT_SAMPLE_DISABLE;
 100              		.loc 1 51 30
 101 0036 164B     		ldr	r3, .L7
 102 0038 0022     		movs	r2, #0
 103 003a 1A62     		str	r2, [r3, #32]
  52:Core/Src/usart.c ****   huart2.Init.ClockPrescaler = UART_PRESCALER_DIV1;
 104              		.loc 1 52 30
 105 003c 144B     		ldr	r3, .L7
 106 003e 0022     		movs	r2, #0
 107 0040 5A62     		str	r2, [r3, #36]
  53:Core/Src/usart.c ****   huart2.AdvancedInit.AdvFeatureInit = UART_ADVFEATURE_NO_INIT;
 108              		.loc 1 53 38
 109 0042 134B     		ldr	r3, .L7
 110 0044 0022     		movs	r2, #0
 111 0046 9A62     		str	r2, [r3, #40]
ARM GAS  C:\Users\Su\AppData\Local\Temp\ccMaP55b.s 			page 4


  54:Core/Src/usart.c ****   if (HAL_UART_Init(&huart2) != HAL_OK)
 112              		.loc 1 54 7
 113 0048 1148     		ldr	r0, .L7
 114 004a FFF7FEFF 		bl	HAL_UART_Init
 115 004e 0346     		mov	r3, r0
 116              		.loc 1 54 6
 117 0050 002B     		cmp	r3, #0
 118 0052 01D0     		beq	.L2
  55:Core/Src/usart.c ****   {
  56:Core/Src/usart.c ****     Error_Handler();
 119              		.loc 1 56 5
 120 0054 FFF7FEFF 		bl	Error_Handler
 121              	.L2:
  57:Core/Src/usart.c ****   }
  58:Core/Src/usart.c ****   if (HAL_UARTEx_SetTxFifoThreshold(&huart2, UART_TXFIFO_THRESHOLD_1_8) != HAL_OK)
 122              		.loc 1 58 7
 123 0058 0021     		movs	r1, #0
 124 005a 0D48     		ldr	r0, .L7
 125 005c FFF7FEFF 		bl	HAL_UARTEx_SetTxFifoThreshold
 126 0060 0346     		mov	r3, r0
 127              		.loc 1 58 6
 128 0062 002B     		cmp	r3, #0
 129 0064 01D0     		beq	.L3
  59:Core/Src/usart.c ****   {
  60:Core/Src/usart.c ****     Error_Handler();
 130              		.loc 1 60 5
 131 0066 FFF7FEFF 		bl	Error_Handler
 132              	.L3:
  61:Core/Src/usart.c ****   }
  62:Core/Src/usart.c ****   if (HAL_UARTEx_SetRxFifoThreshold(&huart2, UART_RXFIFO_THRESHOLD_1_8) != HAL_OK)
 133              		.loc 1 62 7
 134 006a 0021     		movs	r1, #0
 135 006c 0848     		ldr	r0, .L7
 136 006e FFF7FEFF 		bl	HAL_UARTEx_SetRxFifoThreshold
 137 0072 0346     		mov	r3, r0
 138              		.loc 1 62 6
 139 0074 002B     		cmp	r3, #0
 140 0076 01D0     		beq	.L4
  63:Core/Src/usart.c ****   {
  64:Core/Src/usart.c ****     Error_Handler();
 141              		.loc 1 64 5
 142 0078 FFF7FEFF 		bl	Error_Handler
 143              	.L4:
  65:Core/Src/usart.c ****   }
  66:Core/Src/usart.c ****   if (HAL_UARTEx_DisableFifoMode(&huart2) != HAL_OK)
 144              		.loc 1 66 7
 145 007c 0448     		ldr	r0, .L7
 146 007e FFF7FEFF 		bl	HAL_UARTEx_DisableFifoMode
 147 0082 0346     		mov	r3, r0
 148              		.loc 1 66 6
 149 0084 002B     		cmp	r3, #0
 150 0086 01D0     		beq	.L6
  67:Core/Src/usart.c ****   {
  68:Core/Src/usart.c ****     Error_Handler();
 151              		.loc 1 68 5
 152 0088 FFF7FEFF 		bl	Error_Handler
 153              	.L6:
ARM GAS  C:\Users\Su\AppData\Local\Temp\ccMaP55b.s 			page 5


  69:Core/Src/usart.c ****   }
  70:Core/Src/usart.c ****   /* USER CODE BEGIN USART2_Init 2 */
  71:Core/Src/usart.c **** 
  72:Core/Src/usart.c ****   /* USER CODE END USART2_Init 2 */
  73:Core/Src/usart.c **** 
  74:Core/Src/usart.c **** }
 154              		.loc 1 74 1
 155 008c 00BF     		nop
 156 008e 80BD     		pop	{r7, pc}
 157              	.L8:
 158              		.align	2
 159              	.L7:
 160 0090 00000000 		.word	huart2
 161 0094 00440040 		.word	1073759232
 162              		.cfi_endproc
 163              	.LFE144:
 165              		.section	.text.HAL_UART_MspInit,"ax",%progbits
 166              		.align	1
 167              		.global	HAL_UART_MspInit
 168              		.syntax unified
 169              		.thumb
 170              		.thumb_func
 172              	HAL_UART_MspInit:
 173              	.LFB145:
  75:Core/Src/usart.c **** 
  76:Core/Src/usart.c **** void HAL_UART_MspInit(UART_HandleTypeDef* uartHandle)
  77:Core/Src/usart.c **** {
 174              		.loc 1 77 1
 175              		.cfi_startproc
 176              		@ args = 0, pretend = 0, frame = 216
 177              		@ frame_needed = 1, uses_anonymous_args = 0
 178 0000 80B5     		push	{r7, lr}
 179              	.LCFI2:
 180              		.cfi_def_cfa_offset 8
 181              		.cfi_offset 7, -8
 182              		.cfi_offset 14, -4
 183 0002 B6B0     		sub	sp, sp, #216
 184              	.LCFI3:
 185              		.cfi_def_cfa_offset 224
 186 0004 00AF     		add	r7, sp, #0
 187              	.LCFI4:
 188              		.cfi_def_cfa_register 7
 189 0006 7860     		str	r0, [r7, #4]
  78:Core/Src/usart.c **** 
  79:Core/Src/usart.c ****   GPIO_InitTypeDef GPIO_InitStruct = {0};
 190              		.loc 1 79 20
 191 0008 07F1C403 		add	r3, r7, #196
 192 000c 0022     		movs	r2, #0
 193 000e 1A60     		str	r2, [r3]
 194 0010 5A60     		str	r2, [r3, #4]
 195 0012 9A60     		str	r2, [r3, #8]
 196 0014 DA60     		str	r2, [r3, #12]
 197 0016 1A61     		str	r2, [r3, #16]
  80:Core/Src/usart.c ****   RCC_PeriphCLKInitTypeDef PeriphClkInitStruct = {0};
 198              		.loc 1 80 28
 199 0018 07F11003 		add	r3, r7, #16
 200 001c B422     		movs	r2, #180
ARM GAS  C:\Users\Su\AppData\Local\Temp\ccMaP55b.s 			page 6


 201 001e 0021     		movs	r1, #0
 202 0020 1846     		mov	r0, r3
 203 0022 FFF7FEFF 		bl	memset
  81:Core/Src/usart.c ****   if(uartHandle->Instance==USART2)
 204              		.loc 1 81 16
 205 0026 7B68     		ldr	r3, [r7, #4]
 206 0028 1B68     		ldr	r3, [r3]
 207              		.loc 1 81 5
 208 002a 3F4A     		ldr	r2, .L14
 209 002c 9342     		cmp	r3, r2
 210 002e 76D1     		bne	.L13
  82:Core/Src/usart.c ****   {
  83:Core/Src/usart.c ****   /* USER CODE BEGIN USART2_MspInit 0 */
  84:Core/Src/usart.c **** 
  85:Core/Src/usart.c ****   /* USER CODE END USART2_MspInit 0 */
  86:Core/Src/usart.c **** 
  87:Core/Src/usart.c ****   /** Initializes the peripherals clock
  88:Core/Src/usart.c ****   */
  89:Core/Src/usart.c ****     PeriphClkInitStruct.PeriphClockSelection = RCC_PERIPHCLK_USART2;
 211              		.loc 1 89 46
 212 0030 0223     		movs	r3, #2
 213 0032 3B61     		str	r3, [r7, #16]
  90:Core/Src/usart.c ****     PeriphClkInitStruct.Usart234578ClockSelection = RCC_USART234578CLKSOURCE_D2PCLK1;
 214              		.loc 1 90 51
 215 0034 0023     		movs	r3, #0
 216 0036 C7F88030 		str	r3, [r7, #128]
  91:Core/Src/usart.c ****     if (HAL_RCCEx_PeriphCLKConfig(&PeriphClkInitStruct) != HAL_OK)
 217              		.loc 1 91 9
 218 003a 07F11003 		add	r3, r7, #16
 219 003e 1846     		mov	r0, r3
 220 0040 FFF7FEFF 		bl	HAL_RCCEx_PeriphCLKConfig
 221 0044 0346     		mov	r3, r0
 222              		.loc 1 91 8
 223 0046 002B     		cmp	r3, #0
 224 0048 01D0     		beq	.L11
  92:Core/Src/usart.c ****     {
  93:Core/Src/usart.c ****       Error_Handler();
 225              		.loc 1 93 7
 226 004a FFF7FEFF 		bl	Error_Handler
 227              	.L11:
 228              	.LBB2:
  94:Core/Src/usart.c ****     }
  95:Core/Src/usart.c **** 
  96:Core/Src/usart.c ****     /* USART2 clock enable */
  97:Core/Src/usart.c ****     __HAL_RCC_USART2_CLK_ENABLE();
 229              		.loc 1 97 5
 230 004e 374B     		ldr	r3, .L14+4
 231 0050 D3F8E830 		ldr	r3, [r3, #232]
 232 0054 354A     		ldr	r2, .L14+4
 233 0056 43F40033 		orr	r3, r3, #131072
 234 005a C2F8E830 		str	r3, [r2, #232]
 235 005e 334B     		ldr	r3, .L14+4
 236 0060 D3F8E830 		ldr	r3, [r3, #232]
 237 0064 03F40033 		and	r3, r3, #131072
 238 0068 FB60     		str	r3, [r7, #12]
 239 006a FB68     		ldr	r3, [r7, #12]
 240              	.LBE2:
ARM GAS  C:\Users\Su\AppData\Local\Temp\ccMaP55b.s 			page 7


 241              	.LBB3:
  98:Core/Src/usart.c **** 
  99:Core/Src/usart.c ****     __HAL_RCC_GPIOD_CLK_ENABLE();
 242              		.loc 1 99 5
 243 006c 2F4B     		ldr	r3, .L14+4
 244 006e D3F8E030 		ldr	r3, [r3, #224]
 245 0072 2E4A     		ldr	r2, .L14+4
 246 0074 43F00803 		orr	r3, r3, #8
 247 0078 C2F8E030 		str	r3, [r2, #224]
 248 007c 2B4B     		ldr	r3, .L14+4
 249 007e D3F8E030 		ldr	r3, [r3, #224]
 250 0082 03F00803 		and	r3, r3, #8
 251 0086 BB60     		str	r3, [r7, #8]
 252 0088 BB68     		ldr	r3, [r7, #8]
 253              	.LBE3:
 100:Core/Src/usart.c ****     /**USART2 GPIO Configuration
 101:Core/Src/usart.c ****     PD5     ------> USART2_TX
 102:Core/Src/usart.c ****     PD6     ------> USART2_RX
 103:Core/Src/usart.c ****     */
 104:Core/Src/usart.c ****     GPIO_InitStruct.Pin = GPIO_PIN_5|GPIO_PIN_6;
 254              		.loc 1 104 25
 255 008a 6023     		movs	r3, #96
 256 008c C7F8C430 		str	r3, [r7, #196]
 105:Core/Src/usart.c ****     GPIO_InitStruct.Mode = GPIO_MODE_AF_PP;
 257              		.loc 1 105 26
 258 0090 0223     		movs	r3, #2
 259 0092 C7F8C830 		str	r3, [r7, #200]
 106:Core/Src/usart.c ****     GPIO_InitStruct.Pull = GPIO_NOPULL;
 260              		.loc 1 106 26
 261 0096 0023     		movs	r3, #0
 262 0098 C7F8CC30 		str	r3, [r7, #204]
 107:Core/Src/usart.c ****     GPIO_InitStruct.Speed = GPIO_SPEED_FREQ_LOW;
 263              		.loc 1 107 27
 264 009c 0023     		movs	r3, #0
 265 009e C7F8D030 		str	r3, [r7, #208]
 108:Core/Src/usart.c ****     GPIO_InitStruct.Alternate = GPIO_AF7_USART2;
 266              		.loc 1 108 31
 267 00a2 0723     		movs	r3, #7
 268 00a4 C7F8D430 		str	r3, [r7, #212]
 109:Core/Src/usart.c ****     HAL_GPIO_Init(GPIOD, &GPIO_InitStruct);
 269              		.loc 1 109 5
 270 00a8 07F1C403 		add	r3, r7, #196
 271 00ac 1946     		mov	r1, r3
 272 00ae 2048     		ldr	r0, .L14+8
 273 00b0 FFF7FEFF 		bl	HAL_GPIO_Init
 110:Core/Src/usart.c **** 
 111:Core/Src/usart.c ****     /* USART2 DMA Init */
 112:Core/Src/usart.c ****     /* USART2_RX Init */
 113:Core/Src/usart.c ****     hdma_usart2_rx.Instance = DMA1_Stream0;
 274              		.loc 1 113 29
 275 00b4 1F4B     		ldr	r3, .L14+12
 276 00b6 204A     		ldr	r2, .L14+16
 277 00b8 1A60     		str	r2, [r3]
 114:Core/Src/usart.c ****     hdma_usart2_rx.Init.Request = DMA_REQUEST_USART2_RX;
 278              		.loc 1 114 33
 279 00ba 1E4B     		ldr	r3, .L14+12
 280 00bc 2B22     		movs	r2, #43
ARM GAS  C:\Users\Su\AppData\Local\Temp\ccMaP55b.s 			page 8


 281 00be 5A60     		str	r2, [r3, #4]
 115:Core/Src/usart.c ****     hdma_usart2_rx.Init.Direction = DMA_PERIPH_TO_MEMORY;
 282              		.loc 1 115 35
 283 00c0 1C4B     		ldr	r3, .L14+12
 284 00c2 0022     		movs	r2, #0
 285 00c4 9A60     		str	r2, [r3, #8]
 116:Core/Src/usart.c ****     hdma_usart2_rx.Init.PeriphInc = DMA_PINC_DISABLE;
 286              		.loc 1 116 35
 287 00c6 1B4B     		ldr	r3, .L14+12
 288 00c8 0022     		movs	r2, #0
 289 00ca DA60     		str	r2, [r3, #12]
 117:Core/Src/usart.c ****     hdma_usart2_rx.Init.MemInc = DMA_MINC_ENABLE;
 290              		.loc 1 117 32
 291 00cc 194B     		ldr	r3, .L14+12
 292 00ce 4FF48062 		mov	r2, #1024
 293 00d2 1A61     		str	r2, [r3, #16]
 118:Core/Src/usart.c ****     hdma_usart2_rx.Init.PeriphDataAlignment = DMA_PDATAALIGN_BYTE;
 294              		.loc 1 118 45
 295 00d4 174B     		ldr	r3, .L14+12
 296 00d6 0022     		movs	r2, #0
 297 00d8 5A61     		str	r2, [r3, #20]
 119:Core/Src/usart.c ****     hdma_usart2_rx.Init.MemDataAlignment = DMA_MDATAALIGN_BYTE;
 298              		.loc 1 119 42
 299 00da 164B     		ldr	r3, .L14+12
 300 00dc 0022     		movs	r2, #0
 301 00de 9A61     		str	r2, [r3, #24]
 120:Core/Src/usart.c ****     hdma_usart2_rx.Init.Mode = DMA_NORMAL;
 302              		.loc 1 120 30
 303 00e0 144B     		ldr	r3, .L14+12
 304 00e2 0022     		movs	r2, #0
 305 00e4 DA61     		str	r2, [r3, #28]
 121:Core/Src/usart.c ****     hdma_usart2_rx.Init.Priority = DMA_PRIORITY_LOW;
 306              		.loc 1 121 34
 307 00e6 134B     		ldr	r3, .L14+12
 308 00e8 0022     		movs	r2, #0
 309 00ea 1A62     		str	r2, [r3, #32]
 122:Core/Src/usart.c ****     hdma_usart2_rx.Init.FIFOMode = DMA_FIFOMODE_DISABLE;
 310              		.loc 1 122 34
 311 00ec 114B     		ldr	r3, .L14+12
 312 00ee 0022     		movs	r2, #0
 313 00f0 5A62     		str	r2, [r3, #36]
 123:Core/Src/usart.c ****     if (HAL_DMA_Init(&hdma_usart2_rx) != HAL_OK)
 314              		.loc 1 123 9
 315 00f2 1048     		ldr	r0, .L14+12
 316 00f4 FFF7FEFF 		bl	HAL_DMA_Init
 317 00f8 0346     		mov	r3, r0
 318              		.loc 1 123 8
 319 00fa 002B     		cmp	r3, #0
 320 00fc 01D0     		beq	.L12
 124:Core/Src/usart.c ****     {
 125:Core/Src/usart.c ****       Error_Handler();
 321              		.loc 1 125 7
 322 00fe FFF7FEFF 		bl	Error_Handler
 323              	.L12:
 126:Core/Src/usart.c ****     }
 127:Core/Src/usart.c **** 
 128:Core/Src/usart.c ****     __HAL_LINKDMA(uartHandle,hdmarx,hdma_usart2_rx);
ARM GAS  C:\Users\Su\AppData\Local\Temp\ccMaP55b.s 			page 9


 324              		.loc 1 128 5
 325 0102 7B68     		ldr	r3, [r7, #4]
 326 0104 0B4A     		ldr	r2, .L14+12
 327 0106 DA67     		str	r2, [r3, #124]
 328 0108 0A4A     		ldr	r2, .L14+12
 329 010a 7B68     		ldr	r3, [r7, #4]
 330 010c 9363     		str	r3, [r2, #56]
 129:Core/Src/usart.c **** 
 130:Core/Src/usart.c ****     /* USART2 interrupt Init */
 131:Core/Src/usart.c ****     HAL_NVIC_SetPriority(USART2_IRQn, 0, 0);
 331              		.loc 1 131 5
 332 010e 0022     		movs	r2, #0
 333 0110 0021     		movs	r1, #0
 334 0112 2620     		movs	r0, #38
 335 0114 FFF7FEFF 		bl	HAL_NVIC_SetPriority
 132:Core/Src/usart.c ****     HAL_NVIC_EnableIRQ(USART2_IRQn);
 336              		.loc 1 132 5
 337 0118 2620     		movs	r0, #38
 338 011a FFF7FEFF 		bl	HAL_NVIC_EnableIRQ
 339              	.L13:
 133:Core/Src/usart.c ****   /* USER CODE BEGIN USART2_MspInit 1 */
 134:Core/Src/usart.c **** 
 135:Core/Src/usart.c ****   /* USER CODE END USART2_MspInit 1 */
 136:Core/Src/usart.c ****   }
 137:Core/Src/usart.c **** }
 340              		.loc 1 137 1
 341 011e 00BF     		nop
 342 0120 D837     		adds	r7, r7, #216
 343              	.LCFI5:
 344              		.cfi_def_cfa_offset 8
 345 0122 BD46     		mov	sp, r7
 346              	.LCFI6:
 347              		.cfi_def_cfa_register 13
 348              		@ sp needed
 349 0124 80BD     		pop	{r7, pc}
 350              	.L15:
 351 0126 00BF     		.align	2
 352              	.L14:
 353 0128 00440040 		.word	1073759232
 354 012c 00440258 		.word	1476543488
 355 0130 000C0258 		.word	1476529152
 356 0134 00000000 		.word	hdma_usart2_rx
 357 0138 10000240 		.word	1073872912
 358              		.cfi_endproc
 359              	.LFE145:
 361              		.section	.text.HAL_UART_MspDeInit,"ax",%progbits
 362              		.align	1
 363              		.global	HAL_UART_MspDeInit
 364              		.syntax unified
 365              		.thumb
 366              		.thumb_func
 368              	HAL_UART_MspDeInit:
 369              	.LFB146:
 138:Core/Src/usart.c **** 
 139:Core/Src/usart.c **** void HAL_UART_MspDeInit(UART_HandleTypeDef* uartHandle)
 140:Core/Src/usart.c **** {
 370              		.loc 1 140 1
ARM GAS  C:\Users\Su\AppData\Local\Temp\ccMaP55b.s 			page 10


 371              		.cfi_startproc
 372              		@ args = 0, pretend = 0, frame = 8
 373              		@ frame_needed = 1, uses_anonymous_args = 0
 374 0000 80B5     		push	{r7, lr}
 375              	.LCFI7:
 376              		.cfi_def_cfa_offset 8
 377              		.cfi_offset 7, -8
 378              		.cfi_offset 14, -4
 379 0002 82B0     		sub	sp, sp, #8
 380              	.LCFI8:
 381              		.cfi_def_cfa_offset 16
 382 0004 00AF     		add	r7, sp, #0
 383              	.LCFI9:
 384              		.cfi_def_cfa_register 7
 385 0006 7860     		str	r0, [r7, #4]
 141:Core/Src/usart.c **** 
 142:Core/Src/usart.c ****   if(uartHandle->Instance==USART2)
 386              		.loc 1 142 16
 387 0008 7B68     		ldr	r3, [r7, #4]
 388 000a 1B68     		ldr	r3, [r3]
 389              		.loc 1 142 5
 390 000c 0D4A     		ldr	r2, .L19
 391 000e 9342     		cmp	r3, r2
 392 0010 13D1     		bne	.L18
 143:Core/Src/usart.c ****   {
 144:Core/Src/usart.c ****   /* USER CODE BEGIN USART2_MspDeInit 0 */
 145:Core/Src/usart.c **** 
 146:Core/Src/usart.c ****   /* USER CODE END USART2_MspDeInit 0 */
 147:Core/Src/usart.c ****     /* Peripheral clock disable */
 148:Core/Src/usart.c ****     __HAL_RCC_USART2_CLK_DISABLE();
 393              		.loc 1 148 5
 394 0012 0D4B     		ldr	r3, .L19+4
 395 0014 D3F8E830 		ldr	r3, [r3, #232]
 396 0018 0B4A     		ldr	r2, .L19+4
 397 001a 23F40033 		bic	r3, r3, #131072
 398 001e C2F8E830 		str	r3, [r2, #232]
 149:Core/Src/usart.c **** 
 150:Core/Src/usart.c ****     /**USART2 GPIO Configuration
 151:Core/Src/usart.c ****     PD5     ------> USART2_TX
 152:Core/Src/usart.c ****     PD6     ------> USART2_RX
 153:Core/Src/usart.c ****     */
 154:Core/Src/usart.c ****     HAL_GPIO_DeInit(GPIOD, GPIO_PIN_5|GPIO_PIN_6);
 399              		.loc 1 154 5
 400 0022 6021     		movs	r1, #96
 401 0024 0948     		ldr	r0, .L19+8
 402 0026 FFF7FEFF 		bl	HAL_GPIO_DeInit
 155:Core/Src/usart.c **** 
 156:Core/Src/usart.c ****     /* USART2 DMA DeInit */
 157:Core/Src/usart.c ****     HAL_DMA_DeInit(uartHandle->hdmarx);
 403              		.loc 1 157 5
 404 002a 7B68     		ldr	r3, [r7, #4]
 405 002c DB6F     		ldr	r3, [r3, #124]
 406 002e 1846     		mov	r0, r3
 407 0030 FFF7FEFF 		bl	HAL_DMA_DeInit
 158:Core/Src/usart.c **** 
 159:Core/Src/usart.c ****     /* USART2 interrupt Deinit */
 160:Core/Src/usart.c ****     HAL_NVIC_DisableIRQ(USART2_IRQn);
ARM GAS  C:\Users\Su\AppData\Local\Temp\ccMaP55b.s 			page 11


 408              		.loc 1 160 5
 409 0034 2620     		movs	r0, #38
 410 0036 FFF7FEFF 		bl	HAL_NVIC_DisableIRQ
 411              	.L18:
 161:Core/Src/usart.c ****   /* USER CODE BEGIN USART2_MspDeInit 1 */
 162:Core/Src/usart.c **** 
 163:Core/Src/usart.c ****   /* USER CODE END USART2_MspDeInit 1 */
 164:Core/Src/usart.c ****   }
 165:Core/Src/usart.c **** }
 412              		.loc 1 165 1
 413 003a 00BF     		nop
 414 003c 0837     		adds	r7, r7, #8
 415              	.LCFI10:
 416              		.cfi_def_cfa_offset 8
 417 003e BD46     		mov	sp, r7
 418              	.LCFI11:
 419              		.cfi_def_cfa_register 13
 420              		@ sp needed
 421 0040 80BD     		pop	{r7, pc}
 422              	.L20:
 423 0042 00BF     		.align	2
 424              	.L19:
 425 0044 00440040 		.word	1073759232
 426 0048 00440258 		.word	1476543488
 427 004c 000C0258 		.word	1476529152
 428              		.cfi_endproc
 429              	.LFE146:
 431              		.text
 432              	.Letext0:
 433              		.file 2 "e:\\user\\bigai\\gcc_arm_none_eabi\\arm-none-eabi\\include\\machine\\_default_types.h"
 434              		.file 3 "e:\\user\\bigai\\gcc_arm_none_eabi\\arm-none-eabi\\include\\sys\\_stdint.h"
 435              		.file 4 "Drivers/CMSIS/Device/ST/STM32H7xx/Include/stm32h723xx.h"
 436              		.file 5 "Drivers/STM32H7xx_HAL_Driver/Inc/stm32h7xx_hal_def.h"
 437              		.file 6 "Drivers/STM32H7xx_HAL_Driver/Inc/stm32h7xx_hal_rcc_ex.h"
 438              		.file 7 "Drivers/STM32H7xx_HAL_Driver/Inc/stm32h7xx_hal_gpio.h"
 439              		.file 8 "Drivers/STM32H7xx_HAL_Driver/Inc/stm32h7xx_hal_dma.h"
 440              		.file 9 "Drivers/STM32H7xx_HAL_Driver/Inc/stm32h7xx_hal_uart.h"
 441              		.file 10 "Core/Inc/usart.h"
 442              		.file 11 "User/Inc/common.h"
ARM GAS  C:\Users\Su\AppData\Local\Temp\ccMaP55b.s 			page 12


DEFINED SYMBOLS
                            *ABS*:00000000 usart.c
C:\Users\Su\AppData\Local\Temp\ccMaP55b.s:23     .RAM_D2:00000000 uart2_rx_buf
C:\Users\Su\AppData\Local\Temp\ccMaP55b.s:20     .RAM_D2:00000000 $d
C:\Users\Su\AppData\Local\Temp\ccMaP55b.s:30     .bss.uart2_tx_buf:00000000 uart2_tx_buf
C:\Users\Su\AppData\Local\Temp\ccMaP55b.s:27     .bss.uart2_tx_buf:00000000 $d
C:\Users\Su\AppData\Local\Temp\ccMaP55b.s:37     .bss.huart2:00000000 huart2
C:\Users\Su\AppData\Local\Temp\ccMaP55b.s:34     .bss.huart2:00000000 $d
C:\Users\Su\AppData\Local\Temp\ccMaP55b.s:44     .bss.hdma_usart2_rx:00000000 hdma_usart2_rx
C:\Users\Su\AppData\Local\Temp\ccMaP55b.s:41     .bss.hdma_usart2_rx:00000000 $d
C:\Users\Su\AppData\Local\Temp\ccMaP55b.s:47     .text.MX_USART2_UART_Init:00000000 $t
C:\Users\Su\AppData\Local\Temp\ccMaP55b.s:53     .text.MX_USART2_UART_Init:00000000 MX_USART2_UART_Init
C:\Users\Su\AppData\Local\Temp\ccMaP55b.s:160    .text.MX_USART2_UART_Init:00000090 $d
C:\Users\Su\AppData\Local\Temp\ccMaP55b.s:166    .text.HAL_UART_MspInit:00000000 $t
C:\Users\Su\AppData\Local\Temp\ccMaP55b.s:172    .text.HAL_UART_MspInit:00000000 HAL_UART_MspInit
C:\Users\Su\AppData\Local\Temp\ccMaP55b.s:353    .text.HAL_UART_MspInit:00000128 $d
C:\Users\Su\AppData\Local\Temp\ccMaP55b.s:362    .text.HAL_UART_MspDeInit:00000000 $t
C:\Users\Su\AppData\Local\Temp\ccMaP55b.s:368    .text.HAL_UART_MspDeInit:00000000 HAL_UART_MspDeInit
C:\Users\Su\AppData\Local\Temp\ccMaP55b.s:425    .text.HAL_UART_MspDeInit:00000044 $d

UNDEFINED SYMBOLS
HAL_UART_Init
Error_Handler
HAL_UARTEx_SetTxFifoThreshold
HAL_UARTEx_SetRxFifoThreshold
HAL_UARTEx_DisableFifoMode
memset
HAL_RCCEx_PeriphCLKConfig
HAL_GPIO_Init
HAL_DMA_Init
HAL_NVIC_SetPriority
HAL_NVIC_EnableIRQ
HAL_GPIO_DeInit
HAL_DMA_DeInit
HAL_NVIC_DisableIRQ
